D:\Anaconda\exe\envs\stellar2\python.exe E:\github_projects\Distance-Recomputator-and-Topology-Reconstructor\Baselines\APPNP\APPNP.py

[STEP 1]: Upload cora dataset.
x.shape= (140, 1433)
y.shape= (140, 7)
tx.shape= (1000, 1433)
ty.shape= (1000, 7)
allx= (1708, 1433)
ally= (1708, 7)
len(graph)= 2708
| # of nodes : 2708
| # of edges : 5278.0
NA.shape (2708, 1433)
NA.dtype float32
NA.type <class 'scipy.sparse.csr.csr_matrix'>
| # of features : 1433
| # of clases   : 7
| # of train set : 140
| # of val set   : 500
| # of test set  : 1000
Epoch: 0001 loss_train: 1.9467 acc_train: 0.1357 loss_val: 1.9449 acc_val: 0.1940 time: 1.3660s
Epoch: 0002 loss_train: 1.9456 acc_train: 0.1429 loss_val: 1.9435 acc_val: 0.1980 time: 1.5860s
Epoch: 0003 loss_train: 1.9437 acc_train: 0.2143 loss_val: 1.9434 acc_val: 0.2140 time: 1.4720s
Epoch: 0004 loss_train: 1.9421 acc_train: 0.2286 loss_val: 1.9409 acc_val: 0.3100 time: 1.3200s
Epoch: 0005 loss_train: 1.9409 acc_train: 0.2714 loss_val: 1.9406 acc_val: 0.2660 time: 1.4220s
Epoch: 0006 loss_train: 1.9389 acc_train: 0.3000 loss_val: 1.9381 acc_val: 0.3100 time: 1.3790s
Epoch: 0007 loss_train: 1.9345 acc_train: 0.4143 loss_val: 1.9363 acc_val: 0.3440 time: 1.2880s
Epoch: 0008 loss_train: 1.9365 acc_train: 0.3571 loss_val: 1.9345 acc_val: 0.3640 time: 1.8650s
Epoch: 0009 loss_train: 1.9300 acc_train: 0.3571 loss_val: 1.9376 acc_val: 0.2900 time: 1.7080s
Epoch: 0010 loss_train: 1.9288 acc_train: 0.3786 loss_val: 1.9337 acc_val: 0.3720 time: 1.1760s
Epoch: 0011 loss_train: 1.9221 acc_train: 0.5071 loss_val: 1.9261 acc_val: 0.4320 time: 1.0240s
Epoch: 0012 loss_train: 1.9207 acc_train: 0.4714 loss_val: 1.9284 acc_val: 0.4260 time: 1.0150s
Epoch: 0013 loss_train: 1.9156 acc_train: 0.5714 loss_val: 1.9237 acc_val: 0.4360 time: 0.8280s
Epoch: 0014 loss_train: 1.9109 acc_train: 0.5571 loss_val: 1.9219 acc_val: 0.4120 time: 0.6460s
Epoch: 0015 loss_train: 1.9106 acc_train: 0.5071 loss_val: 1.9200 acc_val: 0.4360 time: 0.6270s
Epoch: 0016 loss_train: 1.8945 acc_train: 0.5786 loss_val: 1.9137 acc_val: 0.4780 time: 0.6810s
Epoch: 0017 loss_train: 1.8974 acc_train: 0.5500 loss_val: 1.9133 acc_val: 0.4340 time: 0.6580s
Epoch: 0018 loss_train: 1.8940 acc_train: 0.5571 loss_val: 1.9067 acc_val: 0.4860 time: 1.0200s
Epoch: 0019 loss_train: 1.8886 acc_train: 0.5500 loss_val: 1.9030 acc_val: 0.4680 time: 0.6190s
Epoch: 0020 loss_train: 1.8820 acc_train: 0.5214 loss_val: 1.9029 acc_val: 0.4540 time: 0.5530s
Epoch: 0021 loss_train: 1.8624 acc_train: 0.6143 loss_val: 1.8910 acc_val: 0.5240 time: 0.5830s
Epoch: 0022 loss_train: 1.8718 acc_train: 0.6357 loss_val: 1.9002 acc_val: 0.4320 time: 0.5840s
Epoch: 0023 loss_train: 1.8638 acc_train: 0.5714 loss_val: 1.8919 acc_val: 0.4760 time: 0.5750s
Epoch: 0024 loss_train: 1.8711 acc_train: 0.5571 loss_val: 1.8924 acc_val: 0.4060 time: 0.5690s
Epoch: 0025 loss_train: 1.8640 acc_train: 0.5714 loss_val: 1.8832 acc_val: 0.4960 time: 0.5350s
Epoch: 0026 loss_train: 1.8447 acc_train: 0.6571 loss_val: 1.8713 acc_val: 0.4960 time: 0.5680s
Epoch: 0027 loss_train: 1.8488 acc_train: 0.6143 loss_val: 1.8718 acc_val: 0.5160 time: 0.5640s
Epoch: 0028 loss_train: 1.8333 acc_train: 0.6214 loss_val: 1.8693 acc_val: 0.4620 time: 0.5730s
Epoch: 0029 loss_train: 1.8079 acc_train: 0.5857 loss_val: 1.8601 acc_val: 0.5320 time: 0.5990s
Epoch: 0030 loss_train: 1.8461 acc_train: 0.5429 loss_val: 1.8589 acc_val: 0.5240 time: 0.5940s
Epoch: 0031 loss_train: 1.8409 acc_train: 0.6214 loss_val: 1.8658 acc_val: 0.4820 time: 0.5370s
Epoch: 0032 loss_train: 1.8118 acc_train: 0.6429 loss_val: 1.8417 acc_val: 0.5640 time: 0.5720s
Epoch: 0033 loss_train: 1.8183 acc_train: 0.6000 loss_val: 1.8573 acc_val: 0.4640 time: 0.5770s
Epoch: 0034 loss_train: 1.8199 acc_train: 0.5500 loss_val: 1.8389 acc_val: 0.5160 time: 0.5640s
Epoch: 0035 loss_train: 1.7953 acc_train: 0.6071 loss_val: 1.8355 acc_val: 0.5280 time: 0.6340s
Epoch: 0036 loss_train: 1.7788 acc_train: 0.6286 loss_val: 1.8286 acc_val: 0.5340 time: 0.6660s
Epoch: 0037 loss_train: 1.7872 acc_train: 0.6286 loss_val: 1.8319 acc_val: 0.5380 time: 0.5510s
Epoch: 0038 loss_train: 1.7701 acc_train: 0.6429 loss_val: 1.8279 acc_val: 0.5100 time: 0.5730s
Epoch: 0039 loss_train: 1.7587 acc_train: 0.6000 loss_val: 1.8206 acc_val: 0.5000 time: 0.5710s
Epoch: 0040 loss_train: 1.7419 acc_train: 0.7071 loss_val: 1.7984 acc_val: 0.5440 time: 0.5690s
Epoch: 0041 loss_train: 1.7326 acc_train: 0.6714 loss_val: 1.8050 acc_val: 0.5480 time: 0.6130s
Epoch: 0042 loss_train: 1.7398 acc_train: 0.6929 loss_val: 1.7983 acc_val: 0.5660 time: 0.5310s
Epoch: 0043 loss_train: 1.7220 acc_train: 0.6786 loss_val: 1.7963 acc_val: 0.5500 time: 0.5490s
Epoch: 0044 loss_train: 1.7451 acc_train: 0.6143 loss_val: 1.8022 acc_val: 0.5320 time: 0.5300s
Epoch: 0045 loss_train: 1.7263 acc_train: 0.6929 loss_val: 1.7898 acc_val: 0.5720 time: 0.5630s
Epoch: 0046 loss_train: 1.7026 acc_train: 0.6214 loss_val: 1.7901 acc_val: 0.5280 time: 0.5860s
Epoch: 0047 loss_train: 1.6393 acc_train: 0.7214 loss_val: 1.7572 acc_val: 0.5680 time: 0.5870s
Epoch: 0048 loss_train: 1.6735 acc_train: 0.7286 loss_val: 1.7623 acc_val: 0.5720 time: 0.5540s
Epoch: 0049 loss_train: 1.6885 acc_train: 0.6571 loss_val: 1.7743 acc_val: 0.5320 time: 0.5290s
Epoch: 0050 loss_train: 1.6944 acc_train: 0.5929 loss_val: 1.7518 acc_val: 0.5680 time: 0.5410s
Epoch: 0051 loss_train: 1.6435 acc_train: 0.6929 loss_val: 1.7508 acc_val: 0.5660 time: 0.5580s
Epoch: 0052 loss_train: 1.6399 acc_train: 0.7214 loss_val: 1.7215 acc_val: 0.5720 time: 0.5720s
Epoch: 0053 loss_train: 1.6652 acc_train: 0.6500 loss_val: 1.7456 acc_val: 0.5180 time: 0.5710s
Epoch: 0054 loss_train: 1.6156 acc_train: 0.7000 loss_val: 1.7231 acc_val: 0.5560 time: 0.5940s
Epoch: 0055 loss_train: 1.5950 acc_train: 0.7500 loss_val: 1.7148 acc_val: 0.5420 time: 0.5590s
Epoch: 0056 loss_train: 1.6320 acc_train: 0.6429 loss_val: 1.7191 acc_val: 0.5380 time: 0.6090s
Epoch: 0057 loss_train: 1.6183 acc_train: 0.6357 loss_val: 1.7110 acc_val: 0.5520 time: 0.5940s
Epoch: 0058 loss_train: 1.6307 acc_train: 0.6500 loss_val: 1.7014 acc_val: 0.5760 time: 0.5140s
Epoch: 0059 loss_train: 1.5672 acc_train: 0.7000 loss_val: 1.6865 acc_val: 0.5880 time: 0.5860s
Epoch: 0060 loss_train: 1.5887 acc_train: 0.6357 loss_val: 1.6881 acc_val: 0.5800 time: 0.5520s
Epoch: 0061 loss_train: 1.5668 acc_train: 0.6786 loss_val: 1.6977 acc_val: 0.5340 time: 0.5740s
Epoch: 0062 loss_train: 1.5314 acc_train: 0.7429 loss_val: 1.6863 acc_val: 0.5880 time: 0.5530s
Epoch: 0063 loss_train: 1.5695 acc_train: 0.6214 loss_val: 1.6847 acc_val: 0.5400 time: 0.5800s
Epoch: 0064 loss_train: 1.5698 acc_train: 0.6357 loss_val: 1.6719 acc_val: 0.5620 time: 0.6030s
Epoch: 0065 loss_train: 1.5133 acc_train: 0.6857 loss_val: 1.6774 acc_val: 0.5540 time: 0.5100s
Epoch: 0066 loss_train: 1.5663 acc_train: 0.6071 loss_val: 1.6806 acc_val: 0.5260 time: 0.6180s
Epoch: 0067 loss_train: 1.5824 acc_train: 0.6000 loss_val: 1.6706 acc_val: 0.5400 time: 0.5820s
Epoch: 0068 loss_train: 1.4669 acc_train: 0.6714 loss_val: 1.6505 acc_val: 0.5560 time: 0.6090s
Epoch: 0069 loss_train: 1.5343 acc_train: 0.6571 loss_val: 1.6334 acc_val: 0.5560 time: 0.5970s
Epoch: 0070 loss_train: 1.4574 acc_train: 0.6929 loss_val: 1.6344 acc_val: 0.5540 time: 0.7060s
Epoch: 0071 loss_train: 1.5077 acc_train: 0.6714 loss_val: 1.6251 acc_val: 0.5760 time: 0.7410s
Epoch: 0072 loss_train: 1.4343 acc_train: 0.6857 loss_val: 1.5970 acc_val: 0.5860 time: 0.6930s
Epoch: 0073 loss_train: 1.4773 acc_train: 0.6214 loss_val: 1.6404 acc_val: 0.5640 time: 0.6700s
Epoch: 0074 loss_train: 1.4251 acc_train: 0.6357 loss_val: 1.5938 acc_val: 0.5800 time: 0.6660s
Epoch: 0075 loss_train: 1.4251 acc_train: 0.6643 loss_val: 1.5857 acc_val: 0.6080 time: 0.6530s
Epoch: 0076 loss_train: 1.4565 acc_train: 0.6571 loss_val: 1.6155 acc_val: 0.5740 time: 0.6910s
Epoch: 0077 loss_train: 1.3843 acc_train: 0.7214 loss_val: 1.5696 acc_val: 0.6420 time: 0.7140s
Epoch: 0078 loss_train: 1.3843 acc_train: 0.6571 loss_val: 1.5854 acc_val: 0.5540 time: 0.6010s
Epoch: 0079 loss_train: 1.4179 acc_train: 0.7286 loss_val: 1.5860 acc_val: 0.5840 time: 0.6280s
Epoch: 0080 loss_train: 1.4355 acc_train: 0.6714 loss_val: 1.5873 acc_val: 0.5880 time: 0.6330s
Epoch: 0081 loss_train: 1.4046 acc_train: 0.6929 loss_val: 1.5363 acc_val: 0.6020 time: 0.6160s
Epoch: 0082 loss_train: 1.3782 acc_train: 0.6929 loss_val: 1.5527 acc_val: 0.5640 time: 0.6120s
Epoch: 0083 loss_train: 1.3863 acc_train: 0.7500 loss_val: 1.5069 acc_val: 0.6100 time: 0.6220s
Epoch: 0084 loss_train: 1.3567 acc_train: 0.7143 loss_val: 1.5391 acc_val: 0.6200 time: 0.5700s
Epoch: 0085 loss_train: 1.4261 acc_train: 0.6429 loss_val: 1.5306 acc_val: 0.5940 time: 0.6100s
Epoch: 0086 loss_train: 1.2776 acc_train: 0.7286 loss_val: 1.5479 acc_val: 0.5740 time: 0.5840s
Epoch: 0087 loss_train: 1.3352 acc_train: 0.6429 loss_val: 1.5515 acc_val: 0.5460 time: 0.5840s
Epoch: 0088 loss_train: 1.3235 acc_train: 0.7071 loss_val: 1.4949 acc_val: 0.5880 time: 0.6150s
Epoch: 0089 loss_train: 1.3314 acc_train: 0.7143 loss_val: 1.5024 acc_val: 0.5860 time: 0.5980s
Epoch: 0090 loss_train: 1.2458 acc_train: 0.7286 loss_val: 1.4635 acc_val: 0.6300 time: 0.6090s
Epoch: 0091 loss_train: 1.3127 acc_train: 0.7000 loss_val: 1.4797 acc_val: 0.6080 time: 0.6170s
Epoch: 0092 loss_train: 1.3036 acc_train: 0.7143 loss_val: 1.5730 acc_val: 0.5460 time: 0.6300s
Epoch: 0093 loss_train: 1.3729 acc_train: 0.6571 loss_val: 1.5371 acc_val: 0.5640 time: 0.6470s
Epoch: 0094 loss_train: 1.2307 acc_train: 0.7643 loss_val: 1.5173 acc_val: 0.5900 time: 0.6020s
Epoch: 0095 loss_train: 1.3172 acc_train: 0.6786 loss_val: 1.5020 acc_val: 0.5740 time: 0.6040s
Epoch: 0096 loss_train: 1.3772 acc_train: 0.6214 loss_val: 1.4589 acc_val: 0.6140 time: 0.6600s
Epoch: 0097 loss_train: 1.2539 acc_train: 0.7000 loss_val: 1.4956 acc_val: 0.5980 time: 0.5890s
Epoch: 0098 loss_train: 1.2760 acc_train: 0.7571 loss_val: 1.4514 acc_val: 0.6180 time: 0.6360s
Epoch: 0099 loss_train: 1.3010 acc_train: 0.6857 loss_val: 1.5029 acc_val: 0.5780 time: 0.7470s
Epoch: 0100 loss_train: 1.2095 acc_train: 0.6714 loss_val: 1.4670 acc_val: 0.5980 time: 0.6910s
Epoch: 0101 loss_train: 1.2748 acc_train: 0.6857 loss_val: 1.4732 acc_val: 0.5860 time: 0.7420s
Epoch: 0102 loss_train: 1.2840 acc_train: 0.7143 loss_val: 1.4949 acc_val: 0.5840 time: 0.6320s
Epoch: 0103 loss_train: 1.1431 acc_train: 0.7786 loss_val: 1.4410 acc_val: 0.5760 time: 0.6350s
Epoch: 0104 loss_train: 1.2634 acc_train: 0.7071 loss_val: 1.4448 acc_val: 0.6160 time: 0.5860s
Epoch: 0105 loss_train: 1.2849 acc_train: 0.7071 loss_val: 1.4545 acc_val: 0.6060 time: 0.6270s
Epoch: 0106 loss_train: 1.1753 acc_train: 0.7643 loss_val: 1.4597 acc_val: 0.5740 time: 0.6630s
Epoch: 0107 loss_train: 1.1349 acc_train: 0.7000 loss_val: 1.4723 acc_val: 0.5820 time: 0.7120s
Epoch: 0108 loss_train: 1.1535 acc_train: 0.7071 loss_val: 1.4265 acc_val: 0.6280 time: 0.7020s
Epoch: 0109 loss_train: 1.1342 acc_train: 0.7500 loss_val: 1.3785 acc_val: 0.6260 time: 0.6690s
Epoch: 0110 loss_train: 1.1713 acc_train: 0.7357 loss_val: 1.4345 acc_val: 0.5780 time: 0.6290s
Epoch: 0111 loss_train: 1.3014 acc_train: 0.6714 loss_val: 1.4964 acc_val: 0.5340 time: 0.6550s
Epoch: 0112 loss_train: 1.2432 acc_train: 0.6786 loss_val: 1.4038 acc_val: 0.5880 time: 0.6540s
Epoch: 0113 loss_train: 1.1206 acc_train: 0.7429 loss_val: 1.4491 acc_val: 0.5680 time: 0.6410s
Epoch: 0114 loss_train: 1.1250 acc_train: 0.7643 loss_val: 1.4192 acc_val: 0.5880 time: 0.6460s
Epoch: 0115 loss_train: 1.0937 acc_train: 0.7929 loss_val: 1.3971 acc_val: 0.6300 time: 0.6670s
Epoch: 0116 loss_train: 1.2522 acc_train: 0.6857 loss_val: 1.4730 acc_val: 0.5640 time: 0.6670s
Epoch: 0117 loss_train: 1.0796 acc_train: 0.7643 loss_val: 1.4272 acc_val: 0.5780 time: 0.6470s
Epoch: 0118 loss_train: 1.2035 acc_train: 0.7143 loss_val: 1.4298 acc_val: 0.5980 time: 0.6030s
Epoch: 0119 loss_train: 1.1331 acc_train: 0.7429 loss_val: 1.4597 acc_val: 0.5780 time: 0.6030s
Epoch: 0120 loss_train: 1.1554 acc_train: 0.6929 loss_val: 1.4046 acc_val: 0.6060 time: 0.5680s
Epoch: 0121 loss_train: 1.1694 acc_train: 0.7500 loss_val: 1.4301 acc_val: 0.5940 time: 0.6100s
Epoch: 0122 loss_train: 1.1579 acc_train: 0.7357 loss_val: 1.3957 acc_val: 0.6180 time: 0.6510s
Epoch: 0123 loss_train: 1.1485 acc_train: 0.7357 loss_val: 1.4016 acc_val: 0.5820 time: 0.5980s
Epoch: 0124 loss_train: 1.0758 acc_train: 0.7000 loss_val: 1.3152 acc_val: 0.6300 time: 0.6090s
Epoch: 0125 loss_train: 1.1081 acc_train: 0.7286 loss_val: 1.4245 acc_val: 0.5960 time: 0.6400s
Epoch: 0126 loss_train: 1.1753 acc_train: 0.6500 loss_val: 1.3738 acc_val: 0.6160 time: 0.6090s
Epoch: 0127 loss_train: 1.0960 acc_train: 0.7786 loss_val: 1.4080 acc_val: 0.5700 time: 0.6710s
Epoch: 0128 loss_train: 1.0413 acc_train: 0.8143 loss_val: 1.3309 acc_val: 0.6340 time: 0.6370s
Epoch: 0129 loss_train: 1.0183 acc_train: 0.8000 loss_val: 1.3790 acc_val: 0.5880 time: 0.6360s
Epoch: 0130 loss_train: 1.0980 acc_train: 0.7643 loss_val: 1.3319 acc_val: 0.6120 time: 0.6110s
Epoch: 0131 loss_train: 1.0785 acc_train: 0.7857 loss_val: 1.3469 acc_val: 0.6540 time: 0.5980s
Epoch: 0132 loss_train: 1.1022 acc_train: 0.7286 loss_val: 1.3148 acc_val: 0.6140 time: 0.6670s
Epoch: 0133 loss_train: 1.1370 acc_train: 0.7071 loss_val: 1.4121 acc_val: 0.5900 time: 0.6380s
Epoch: 0134 loss_train: 1.1937 acc_train: 0.7000 loss_val: 1.4510 acc_val: 0.5800 time: 0.6390s
Epoch: 0135 loss_train: 1.1039 acc_train: 0.7500 loss_val: 1.3973 acc_val: 0.5760 time: 0.6260s
Epoch: 0136 loss_train: 1.1190 acc_train: 0.7143 loss_val: 1.3992 acc_val: 0.6080 time: 0.6060s
Epoch: 0137 loss_train: 1.1064 acc_train: 0.7786 loss_val: 1.3276 acc_val: 0.6220 time: 0.6030s
Epoch: 0138 loss_train: 1.0299 acc_train: 0.7857 loss_val: 1.3142 acc_val: 0.6580 time: 0.6780s
Epoch: 0139 loss_train: 1.0188 acc_train: 0.7714 loss_val: 1.3151 acc_val: 0.6540 time: 0.6690s
Epoch: 0140 loss_train: 1.0760 acc_train: 0.7500 loss_val: 1.3418 acc_val: 0.6440 time: 0.7010s
Epoch: 0141 loss_train: 1.0795 acc_train: 0.7714 loss_val: 1.3458 acc_val: 0.6000 time: 0.7070s
Epoch: 0142 loss_train: 1.0535 acc_train: 0.7571 loss_val: 1.3726 acc_val: 0.6020 time: 0.7540s
Epoch: 0143 loss_train: 0.9927 acc_train: 0.7643 loss_val: 1.3513 acc_val: 0.6340 time: 0.7300s
Epoch: 0144 loss_train: 1.0224 acc_train: 0.7429 loss_val: 1.2933 acc_val: 0.6360 time: 0.8610s
Epoch: 0145 loss_train: 1.0513 acc_train: 0.7571 loss_val: 1.3412 acc_val: 0.6080 time: 0.7753s
Epoch: 0146 loss_train: 1.0730 acc_train: 0.7000 loss_val: 1.3037 acc_val: 0.6040 time: 0.7130s
Epoch: 0147 loss_train: 1.1067 acc_train: 0.7429 loss_val: 1.3724 acc_val: 0.5780 time: 0.6990s
Epoch: 0148 loss_train: 1.1043 acc_train: 0.7214 loss_val: 1.3646 acc_val: 0.5900 time: 0.7130s
Epoch: 0149 loss_train: 1.0150 acc_train: 0.7857 loss_val: 1.3054 acc_val: 0.6280 time: 0.6840s
Epoch: 0150 loss_train: 1.0922 acc_train: 0.7429 loss_val: 1.3168 acc_val: 0.5920 time: 0.7560s
Epoch: 0151 loss_train: 1.1208 acc_train: 0.7429 loss_val: 1.3689 acc_val: 0.6140 time: 0.7320s
Epoch: 0152 loss_train: 1.0571 acc_train: 0.7500 loss_val: 1.3629 acc_val: 0.6000 time: 0.6750s
Epoch: 0153 loss_train: 1.0827 acc_train: 0.7714 loss_val: 1.3664 acc_val: 0.5920 time: 0.7140s
Epoch: 0154 loss_train: 1.0004 acc_train: 0.7929 loss_val: 1.3372 acc_val: 0.6080 time: 0.8120s
Epoch: 0155 loss_train: 1.0381 acc_train: 0.7714 loss_val: 1.3638 acc_val: 0.5800 time: 0.7330s
Epoch: 0156 loss_train: 1.0479 acc_train: 0.7571 loss_val: 1.4027 acc_val: 0.5920 time: 0.8180s
Epoch: 0157 loss_train: 1.0094 acc_train: 0.7214 loss_val: 1.3279 acc_val: 0.5960 time: 0.8070s
Epoch: 0158 loss_train: 1.0659 acc_train: 0.7214 loss_val: 1.3569 acc_val: 0.6240 time: 0.7186s
Epoch: 0159 loss_train: 0.9131 acc_train: 0.7786 loss_val: 1.2802 acc_val: 0.6340 time: 0.7507s
Epoch: 0160 loss_train: 0.9270 acc_train: 0.8429 loss_val: 1.3550 acc_val: 0.6260 time: 0.7210s
Epoch: 0161 loss_train: 1.0022 acc_train: 0.8071 loss_val: 1.3560 acc_val: 0.6120 time: 0.7410s
Epoch: 0162 loss_train: 1.0053 acc_train: 0.7643 loss_val: 1.3665 acc_val: 0.6300 time: 0.7764s
Epoch: 0163 loss_train: 1.0218 acc_train: 0.7786 loss_val: 1.2541 acc_val: 0.6420 time: 0.7279s
Epoch: 0164 loss_train: 0.9706 acc_train: 0.7929 loss_val: 1.2968 acc_val: 0.6300 time: 0.6953s
Epoch: 0165 loss_train: 1.0570 acc_train: 0.6929 loss_val: 1.3502 acc_val: 0.6000 time: 0.7140s
Epoch: 0166 loss_train: 1.0891 acc_train: 0.7286 loss_val: 1.3163 acc_val: 0.6220 time: 0.7470s
Epoch: 0167 loss_train: 1.0340 acc_train: 0.7714 loss_val: 1.3493 acc_val: 0.6180 time: 0.7440s
Epoch: 0168 loss_train: 1.0061 acc_train: 0.7214 loss_val: 1.3553 acc_val: 0.6040 time: 0.8130s
Epoch: 0169 loss_train: 0.8726 acc_train: 0.8286 loss_val: 1.2968 acc_val: 0.6300 time: 0.7900s
Epoch: 0170 loss_train: 0.9998 acc_train: 0.7857 loss_val: 1.3339 acc_val: 0.6200 time: 0.7860s
Epoch: 0171 loss_train: 0.9177 acc_train: 0.7786 loss_val: 1.2780 acc_val: 0.6340 time: 0.7840s
Epoch: 0172 loss_train: 1.0473 acc_train: 0.7500 loss_val: 1.3480 acc_val: 0.6040 time: 0.8110s
Epoch: 0173 loss_train: 0.9944 acc_train: 0.7429 loss_val: 1.2963 acc_val: 0.6220 time: 0.8080s
Epoch: 0174 loss_train: 1.0785 acc_train: 0.7357 loss_val: 1.2681 acc_val: 0.6480 time: 0.7630s
Epoch: 0175 loss_train: 1.0554 acc_train: 0.7857 loss_val: 1.3247 acc_val: 0.6100 time: 0.7690s
Epoch: 0176 loss_train: 0.9347 acc_train: 0.7571 loss_val: 1.2832 acc_val: 0.6280 time: 0.7410s
Epoch: 0177 loss_train: 0.9823 acc_train: 0.8000 loss_val: 1.3526 acc_val: 0.5980 time: 0.7140s
Epoch: 0178 loss_train: 0.9605 acc_train: 0.7143 loss_val: 1.3206 acc_val: 0.6000 time: 0.7319s
Epoch: 0179 loss_train: 1.0152 acc_train: 0.7714 loss_val: 1.3134 acc_val: 0.6240 time: 0.7180s
Epoch: 0180 loss_train: 1.0616 acc_train: 0.7643 loss_val: 1.3813 acc_val: 0.5740 time: 0.6810s
Epoch: 0181 loss_train: 0.9948 acc_train: 0.7857 loss_val: 1.2755 acc_val: 0.6120 time: 0.6760s
Epoch: 0182 loss_train: 1.0938 acc_train: 0.7357 loss_val: 1.3200 acc_val: 0.6280 time: 0.7130s
Epoch: 0183 loss_train: 1.0568 acc_train: 0.7143 loss_val: 1.3039 acc_val: 0.6360 time: 0.7110s
Epoch: 0184 loss_train: 0.9201 acc_train: 0.7714 loss_val: 1.3060 acc_val: 0.6100 time: 0.7150s
Epoch: 0185 loss_train: 0.9068 acc_train: 0.7786 loss_val: 1.2874 acc_val: 0.6320 time: 0.7250s
Epoch: 0186 loss_train: 0.9292 acc_train: 0.7429 loss_val: 1.2952 acc_val: 0.6040 time: 0.8220s
Epoch: 0187 loss_train: 0.8587 acc_train: 0.8071 loss_val: 1.2274 acc_val: 0.6360 time: 0.8880s
Epoch: 0188 loss_train: 0.9586 acc_train: 0.7857 loss_val: 1.2435 acc_val: 0.6580 time: 0.7530s
Epoch: 0189 loss_train: 1.0192 acc_train: 0.7500 loss_val: 1.2382 acc_val: 0.6420 time: 0.7210s
Epoch: 0190 loss_train: 0.9020 acc_train: 0.7857 loss_val: 1.3307 acc_val: 0.6000 time: 0.7200s
Epoch: 0191 loss_train: 1.0144 acc_train: 0.7286 loss_val: 1.2625 acc_val: 0.6460 time: 0.7170s
Epoch: 0192 loss_train: 0.9441 acc_train: 0.7786 loss_val: 1.2978 acc_val: 0.6140 time: 0.7700s
Epoch: 0193 loss_train: 0.9024 acc_train: 0.7643 loss_val: 1.3265 acc_val: 0.6100 time: 0.8220s
Epoch: 0194 loss_train: 0.9509 acc_train: 0.8000 loss_val: 1.2960 acc_val: 0.5960 time: 0.7690s
Epoch: 0195 loss_train: 0.9759 acc_train: 0.7286 loss_val: 1.2689 acc_val: 0.6540 time: 0.8020s
Epoch: 0196 loss_train: 0.9197 acc_train: 0.7643 loss_val: 1.2799 acc_val: 0.6040 time: 0.7200s
Epoch: 0197 loss_train: 0.9179 acc_train: 0.7714 loss_val: 1.3295 acc_val: 0.6180 time: 0.6870s
Epoch: 0198 loss_train: 1.0234 acc_train: 0.7357 loss_val: 1.3216 acc_val: 0.6040 time: 0.7220s
Epoch: 0199 loss_train: 0.9993 acc_train: 0.7571 loss_val: 1.2810 acc_val: 0.5960 time: 0.6980s
Epoch: 0200 loss_train: 0.9962 acc_train: 0.7357 loss_val: 1.2696 acc_val: 0.6180 time: 0.8040s
Epoch: 0201 loss_train: 1.0338 acc_train: 0.7714 loss_val: 1.3110 acc_val: 0.6260 time: 0.8680s
Epoch: 0202 loss_train: 0.9719 acc_train: 0.7714 loss_val: 1.3451 acc_val: 0.6000 time: 0.8558s
Epoch: 0203 loss_train: 1.0164 acc_train: 0.7429 loss_val: 1.3102 acc_val: 0.6140 time: 0.7825s
Epoch: 0204 loss_train: 0.8554 acc_train: 0.8000 loss_val: 1.2843 acc_val: 0.6300 time: 0.7365s
Epoch: 0205 loss_train: 1.0345 acc_train: 0.7071 loss_val: 1.3312 acc_val: 0.6160 time: 0.7490s
Epoch: 0206 loss_train: 0.9209 acc_train: 0.7500 loss_val: 1.2805 acc_val: 0.6180 time: 0.7070s
Epoch: 0207 loss_train: 0.9141 acc_train: 0.7857 loss_val: 1.3338 acc_val: 0.5680 time: 0.6920s
Epoch: 0208 loss_train: 0.9864 acc_train: 0.7643 loss_val: 1.2881 acc_val: 0.6260 time: 0.6770s
Epoch: 0209 loss_train: 0.9539 acc_train: 0.7429 loss_val: 1.3001 acc_val: 0.6060 time: 0.7230s
Epoch: 0210 loss_train: 1.0183 acc_train: 0.6929 loss_val: 1.2864 acc_val: 0.6200 time: 0.7250s
Epoch: 0211 loss_train: 0.8956 acc_train: 0.7857 loss_val: 1.3074 acc_val: 0.6160 time: 0.6960s
Epoch: 0212 loss_train: 0.9670 acc_train: 0.7643 loss_val: 1.2737 acc_val: 0.6320 time: 0.6790s
Epoch: 0213 loss_train: 0.9493 acc_train: 0.7786 loss_val: 1.2590 acc_val: 0.6400 time: 0.7190s
Epoch: 0214 loss_train: 0.9775 acc_train: 0.7857 loss_val: 1.2671 acc_val: 0.6540 time: 0.7060s
Epoch: 0215 loss_train: 0.9322 acc_train: 0.7929 loss_val: 1.2299 acc_val: 0.6360 time: 0.8540s
Epoch: 0216 loss_train: 0.9391 acc_train: 0.7857 loss_val: 1.2532 acc_val: 0.6400 time: 0.7200s
Epoch: 0217 loss_train: 0.8897 acc_train: 0.7786 loss_val: 1.2991 acc_val: 0.6060 time: 0.6980s
Epoch: 0218 loss_train: 0.8546 acc_train: 0.7857 loss_val: 1.2436 acc_val: 0.6380 time: 0.7110s
Epoch: 0219 loss_train: 0.9616 acc_train: 0.7714 loss_val: 1.1928 acc_val: 0.6520 time: 0.6900s
Epoch: 0220 loss_train: 1.2099 acc_train: 0.7214 loss_val: 1.3117 acc_val: 0.6280 time: 0.6900s
Epoch: 0221 loss_train: 0.9208 acc_train: 0.7714 loss_val: 1.2877 acc_val: 0.6300 time: 0.6890s
Epoch: 0222 loss_train: 1.0167 acc_train: 0.7429 loss_val: 1.3189 acc_val: 0.6180 time: 0.7870s
Epoch: 0223 loss_train: 0.8958 acc_train: 0.7643 loss_val: 1.1972 acc_val: 0.6500 time: 0.7210s
Epoch: 0224 loss_train: 0.9865 acc_train: 0.7571 loss_val: 1.2522 acc_val: 0.6400 time: 0.6680s
Epoch: 0225 loss_train: 0.9768 acc_train: 0.7500 loss_val: 1.2472 acc_val: 0.6600 time: 0.8540s
Epoch: 0226 loss_train: 0.9606 acc_train: 0.7929 loss_val: 1.2912 acc_val: 0.6360 time: 0.7260s
Epoch: 0227 loss_train: 0.8332 acc_train: 0.8857 loss_val: 1.2730 acc_val: 0.6180 time: 0.6930s
Epoch: 0228 loss_train: 0.8961 acc_train: 0.8071 loss_val: 1.2299 acc_val: 0.6660 time: 0.7610s
Epoch: 0229 loss_train: 0.8963 acc_train: 0.8000 loss_val: 1.3120 acc_val: 0.6180 time: 0.6900s
Epoch: 0230 loss_train: 0.9573 acc_train: 0.7500 loss_val: 1.2365 acc_val: 0.6600 time: 0.6660s
Epoch: 0231 loss_train: 1.1342 acc_train: 0.6714 loss_val: 1.2936 acc_val: 0.6020 time: 0.6830s
Epoch: 0232 loss_train: 0.9145 acc_train: 0.7857 loss_val: 1.2737 acc_val: 0.6460 time: 0.6860s
Epoch: 0233 loss_train: 0.8611 acc_train: 0.8214 loss_val: 1.3325 acc_val: 0.6080 time: 0.7040s
Epoch: 0234 loss_train: 0.9074 acc_train: 0.8071 loss_val: 1.2109 acc_val: 0.6360 time: 0.7090s
Epoch: 0235 loss_train: 0.8583 acc_train: 0.8286 loss_val: 1.2707 acc_val: 0.6360 time: 0.7320s
Epoch: 0236 loss_train: 1.0329 acc_train: 0.7357 loss_val: 1.2375 acc_val: 0.6340 time: 0.7410s
Epoch: 0237 loss_train: 0.8441 acc_train: 0.8071 loss_val: 1.2808 acc_val: 0.6300 time: 0.6700s
Epoch: 0238 loss_train: 0.9175 acc_train: 0.8000 loss_val: 1.3251 acc_val: 0.6240 time: 0.7330s
Epoch: 0239 loss_train: 0.9568 acc_train: 0.7571 loss_val: 1.2696 acc_val: 0.6140 time: 0.6900s
Epoch: 0240 loss_train: 0.9211 acc_train: 0.8071 loss_val: 1.2294 acc_val: 0.6560 time: 0.7090s
Epoch: 0241 loss_train: 0.8218 acc_train: 0.8071 loss_val: 1.2594 acc_val: 0.6040 time: 0.7560s
Epoch: 0242 loss_train: 0.8227 acc_train: 0.8357 loss_val: 1.2145 acc_val: 0.6380 time: 0.6970s
Epoch: 0243 loss_train: 0.9893 acc_train: 0.7714 loss_val: 1.1997 acc_val: 0.6960 time: 0.7220s
Epoch: 0244 loss_train: 0.9422 acc_train: 0.7429 loss_val: 1.2547 acc_val: 0.6360 time: 0.7360s
Epoch: 0245 loss_train: 0.9623 acc_train: 0.7643 loss_val: 1.2196 acc_val: 0.6400 time: 0.7530s
Epoch: 0246 loss_train: 0.9921 acc_train: 0.7857 loss_val: 1.2816 acc_val: 0.6280 time: 0.6960s
Epoch: 0247 loss_train: 0.7967 acc_train: 0.8214 loss_val: 1.2782 acc_val: 0.6320 time: 0.7030s
Epoch: 0248 loss_train: 0.8754 acc_train: 0.7929 loss_val: 1.2663 acc_val: 0.6160 time: 0.7140s
Epoch: 0249 loss_train: 0.9797 acc_train: 0.7571 loss_val: 1.2527 acc_val: 0.6420 time: 0.8170s
Epoch: 0250 loss_train: 0.8518 acc_train: 0.8143 loss_val: 1.2646 acc_val: 0.6360 time: 0.7250s
Epoch: 0251 loss_train: 0.8766 acc_train: 0.7929 loss_val: 1.2140 acc_val: 0.6460 time: 0.7170s
Epoch: 0252 loss_train: 0.8564 acc_train: 0.7786 loss_val: 1.2195 acc_val: 0.6480 time: 0.7580s
Epoch: 0253 loss_train: 0.8516 acc_train: 0.7929 loss_val: 1.2002 acc_val: 0.6380 time: 0.7160s
Epoch: 0254 loss_train: 0.7286 acc_train: 0.8429 loss_val: 1.1813 acc_val: 0.6660 time: 0.7020s
Epoch: 0255 loss_train: 0.9051 acc_train: 0.7857 loss_val: 1.3340 acc_val: 0.5980 time: 0.6680s
Epoch: 0256 loss_train: 0.9374 acc_train: 0.7429 loss_val: 1.2636 acc_val: 0.6320 time: 0.6810s
Epoch: 0257 loss_train: 0.9386 acc_train: 0.7786 loss_val: 1.1952 acc_val: 0.6540 time: 0.7970s
Epoch: 0258 loss_train: 0.7970 acc_train: 0.7929 loss_val: 1.2278 acc_val: 0.6740 time: 0.8210s
Epoch: 0259 loss_train: 0.8970 acc_train: 0.7286 loss_val: 1.2135 acc_val: 0.6400 time: 0.7950s
Epoch: 0260 loss_train: 0.7985 acc_train: 0.8071 loss_val: 1.2564 acc_val: 0.6500 time: 0.7580s
Epoch: 0261 loss_train: 0.8291 acc_train: 0.8071 loss_val: 1.2629 acc_val: 0.6500 time: 0.7960s
Epoch: 0262 loss_train: 0.9373 acc_train: 0.7786 loss_val: 1.2404 acc_val: 0.6300 time: 0.7620s
Epoch: 0263 loss_train: 0.8969 acc_train: 0.7643 loss_val: 1.2422 acc_val: 0.6680 time: 0.7930s
Epoch: 0264 loss_train: 0.8535 acc_train: 0.8000 loss_val: 1.2180 acc_val: 0.6340 time: 0.6810s
Epoch: 0265 loss_train: 0.8012 acc_train: 0.8000 loss_val: 1.1437 acc_val: 0.6580 time: 0.6810s
Epoch: 0266 loss_train: 0.8974 acc_train: 0.7857 loss_val: 1.2447 acc_val: 0.6260 time: 0.7130s
Epoch: 0267 loss_train: 0.7373 acc_train: 0.8571 loss_val: 1.2383 acc_val: 0.6480 time: 0.7080s
Epoch: 0268 loss_train: 0.9048 acc_train: 0.7714 loss_val: 1.2274 acc_val: 0.6340 time: 0.7990s
Epoch: 0269 loss_train: 0.7346 acc_train: 0.8429 loss_val: 1.2320 acc_val: 0.6700 time: 0.7120s
Epoch: 0270 loss_train: 0.8532 acc_train: 0.8000 loss_val: 1.2435 acc_val: 0.6360 time: 0.7200s
Epoch: 0271 loss_train: 0.7573 acc_train: 0.8071 loss_val: 1.2118 acc_val: 0.6500 time: 0.7890s
Epoch: 0272 loss_train: 0.9405 acc_train: 0.7929 loss_val: 1.3111 acc_val: 0.6020 time: 0.7580s
Epoch: 0273 loss_train: 0.8595 acc_train: 0.7429 loss_val: 1.1945 acc_val: 0.6400 time: 0.6890s
Epoch: 0274 loss_train: 0.8435 acc_train: 0.7929 loss_val: 1.1954 acc_val: 0.6560 time: 0.7360s
Epoch: 0275 loss_train: 0.8300 acc_train: 0.8214 loss_val: 1.1912 acc_val: 0.6380 time: 0.6950s
Epoch: 0276 loss_train: 0.8344 acc_train: 0.8143 loss_val: 1.3080 acc_val: 0.6100 time: 0.6960s
Epoch: 0277 loss_train: 0.8633 acc_train: 0.7571 loss_val: 1.2027 acc_val: 0.6500 time: 0.6660s
Epoch: 0278 loss_train: 0.8469 acc_train: 0.8214 loss_val: 1.1878 acc_val: 0.6380 time: 0.7870s
Epoch: 0279 loss_train: 0.8214 acc_train: 0.8357 loss_val: 1.1775 acc_val: 0.6640 time: 0.7310s
Epoch: 0280 loss_train: 0.8916 acc_train: 0.7214 loss_val: 1.1842 acc_val: 0.6420 time: 0.7360s
Epoch: 0281 loss_train: 0.9261 acc_train: 0.7357 loss_val: 1.3057 acc_val: 0.6020 time: 0.6250s
Epoch: 0282 loss_train: 0.8686 acc_train: 0.8000 loss_val: 1.2243 acc_val: 0.6400 time: 0.8020s
Epoch: 0283 loss_train: 0.8711 acc_train: 0.7714 loss_val: 1.2543 acc_val: 0.6440 time: 0.7300s
Epoch: 0284 loss_train: 0.7829 acc_train: 0.8143 loss_val: 1.1791 acc_val: 0.6840 time: 0.7370s
Epoch: 0285 loss_train: 0.8135 acc_train: 0.8214 loss_val: 1.2814 acc_val: 0.6160 time: 0.6900s
Epoch: 0286 loss_train: 0.8564 acc_train: 0.7857 loss_val: 1.2677 acc_val: 0.6220 time: 0.7530s
Epoch: 0287 loss_train: 0.8425 acc_train: 0.7929 loss_val: 1.2509 acc_val: 0.6160 time: 0.6650s
Epoch: 0288 loss_train: 0.8147 acc_train: 0.8071 loss_val: 1.2482 acc_val: 0.6360 time: 0.6930s
Epoch: 0289 loss_train: 0.8129 acc_train: 0.8786 loss_val: 1.2885 acc_val: 0.6300 time: 0.6710s
Epoch: 0290 loss_train: 0.8049 acc_train: 0.7714 loss_val: 1.2063 acc_val: 0.6480 time: 0.6700s
Epoch: 0291 loss_train: 0.8886 acc_train: 0.8071 loss_val: 1.2678 acc_val: 0.6300 time: 0.8753s
Epoch: 0292 loss_train: 1.0146 acc_train: 0.7071 loss_val: 1.2599 acc_val: 0.6540 time: 0.8645s
Epoch: 0293 loss_train: 0.9112 acc_train: 0.7714 loss_val: 1.2596 acc_val: 0.6420 time: 0.7870s
Epoch: 0294 loss_train: 0.9394 acc_train: 0.8071 loss_val: 1.2267 acc_val: 0.6360 time: 0.7380s
Epoch: 0295 loss_train: 0.8818 acc_train: 0.8286 loss_val: 1.1205 acc_val: 0.6820 time: 0.7050s
Epoch: 0296 loss_train: 0.7466 acc_train: 0.8357 loss_val: 1.1899 acc_val: 0.6640 time: 0.7760s
Epoch: 0297 loss_train: 0.9208 acc_train: 0.7500 loss_val: 1.1871 acc_val: 0.6580 time: 0.6530s
Epoch: 0298 loss_train: 0.8343 acc_train: 0.8143 loss_val: 1.1840 acc_val: 0.6920 time: 0.6680s
Epoch: 0299 loss_train: 0.8139 acc_train: 0.8071 loss_val: 1.2009 acc_val: 0.6480 time: 0.7700s
Epoch: 0300 loss_train: 0.8173 acc_train: 0.7929 loss_val: 1.2155 acc_val: 0.6580 time: 0.7760s
Epoch: 0301 loss_train: 0.8439 acc_train: 0.7643 loss_val: 1.2497 acc_val: 0.6320 time: 0.7200s
Epoch: 0302 loss_train: 0.8415 acc_train: 0.8000 loss_val: 1.2106 acc_val: 0.6340 time: 0.7050s
Epoch: 0303 loss_train: 0.7504 acc_train: 0.8643 loss_val: 1.2089 acc_val: 0.6700 time: 0.7570s
Epoch: 0304 loss_train: 0.8055 acc_train: 0.8071 loss_val: 1.3008 acc_val: 0.6480 time: 0.6350s
Epoch: 0305 loss_train: 0.9597 acc_train: 0.7143 loss_val: 1.2383 acc_val: 0.6380 time: 0.6750s
Epoch: 0306 loss_train: 0.7902 acc_train: 0.8429 loss_val: 1.2228 acc_val: 0.6680 time: 0.8550s
Epoch: 0307 loss_train: 0.8903 acc_train: 0.7643 loss_val: 1.2442 acc_val: 0.6000 time: 0.7800s
Epoch: 0308 loss_train: 0.9494 acc_train: 0.7857 loss_val: 1.2135 acc_val: 0.6580 time: 0.6560s
Epoch: 0309 loss_train: 0.7852 acc_train: 0.8429 loss_val: 1.3100 acc_val: 0.6180 time: 0.7680s
Epoch: 0310 loss_train: 0.8430 acc_train: 0.7643 loss_val: 1.2753 acc_val: 0.6340 time: 0.7090s
Epoch: 0311 loss_train: 0.8847 acc_train: 0.8143 loss_val: 1.1680 acc_val: 0.6760 time: 0.7150s
Epoch: 0312 loss_train: 0.8577 acc_train: 0.8357 loss_val: 1.2520 acc_val: 0.6380 time: 0.7310s
Epoch: 0313 loss_train: 0.8967 acc_train: 0.7643 loss_val: 1.2110 acc_val: 0.6680 time: 0.7120s
Epoch: 0314 loss_train: 0.9085 acc_train: 0.7786 loss_val: 1.2407 acc_val: 0.6380 time: 0.7370s
Epoch: 0315 loss_train: 0.8270 acc_train: 0.8286 loss_val: 1.2104 acc_val: 0.6500 time: 0.7290s
Epoch: 0316 loss_train: 0.7939 acc_train: 0.8214 loss_val: 1.2925 acc_val: 0.6460 time: 0.7530s
Epoch: 0317 loss_train: 0.8169 acc_train: 0.7929 loss_val: 1.1933 acc_val: 0.6780 time: 0.7010s
Epoch: 0318 loss_train: 0.8216 acc_train: 0.8357 loss_val: 1.1634 acc_val: 0.6540 time: 0.7340s
Epoch: 0319 loss_train: 0.8062 acc_train: 0.7643 loss_val: 1.2696 acc_val: 0.6400 time: 0.6770s
Epoch: 0320 loss_train: 0.8140 acc_train: 0.7786 loss_val: 1.1845 acc_val: 0.6600 time: 0.7030s
Epoch: 0321 loss_train: 0.8269 acc_train: 0.8071 loss_val: 1.2440 acc_val: 0.6600 time: 0.7020s
Epoch: 0322 loss_train: 0.7286 acc_train: 0.8214 loss_val: 1.1472 acc_val: 0.6780 time: 0.6900s
Epoch: 0323 loss_train: 0.7844 acc_train: 0.7857 loss_val: 1.2540 acc_val: 0.6380 time: 0.6950s
Epoch: 0324 loss_train: 0.7874 acc_train: 0.8000 loss_val: 1.2036 acc_val: 0.6660 time: 0.7480s
Epoch: 0325 loss_train: 0.9059 acc_train: 0.7643 loss_val: 1.3065 acc_val: 0.6220 time: 0.6860s
Epoch: 0326 loss_train: 0.8892 acc_train: 0.8143 loss_val: 1.2663 acc_val: 0.6340 time: 0.7256s
Epoch: 0327 loss_train: 0.7981 acc_train: 0.8000 loss_val: 1.2496 acc_val: 0.6340 time: 0.7320s
Epoch: 0328 loss_train: 0.8315 acc_train: 0.8071 loss_val: 1.1685 acc_val: 0.6600 time: 0.7260s
Epoch: 0329 loss_train: 0.8923 acc_train: 0.7786 loss_val: 1.2330 acc_val: 0.6600 time: 0.6880s
Epoch: 0330 loss_train: 0.9016 acc_train: 0.7929 loss_val: 1.2939 acc_val: 0.6560 time: 0.6770s
Epoch: 0331 loss_train: 0.8587 acc_train: 0.7929 loss_val: 1.2462 acc_val: 0.6460 time: 0.7390s
Epoch: 0332 loss_train: 0.8483 acc_train: 0.7929 loss_val: 1.2164 acc_val: 0.6340 time: 0.6700s
Epoch: 0333 loss_train: 0.7944 acc_train: 0.8000 loss_val: 1.2925 acc_val: 0.6120 time: 0.6460s
Epoch: 0334 loss_train: 0.9085 acc_train: 0.7929 loss_val: 1.3237 acc_val: 0.6000 time: 0.6940s
Epoch: 0335 loss_train: 0.8033 acc_train: 0.8357 loss_val: 1.2606 acc_val: 0.6320 time: 0.7340s
Epoch: 0336 loss_train: 0.8081 acc_train: 0.8357 loss_val: 1.2005 acc_val: 0.6660 time: 0.7140s
Epoch: 0337 loss_train: 0.9502 acc_train: 0.7643 loss_val: 1.2554 acc_val: 0.6320 time: 0.6800s
Epoch: 0338 loss_train: 0.8526 acc_train: 0.7357 loss_val: 1.1419 acc_val: 0.6580 time: 0.6710s
Epoch: 0339 loss_train: 0.9799 acc_train: 0.7214 loss_val: 1.2461 acc_val: 0.6640 time: 0.7020s
Epoch: 0340 loss_train: 0.8452 acc_train: 0.7857 loss_val: 1.2027 acc_val: 0.6400 time: 0.6560s
Epoch: 0341 loss_train: 0.8309 acc_train: 0.8071 loss_val: 1.1525 acc_val: 0.6740 time: 0.7510s
Epoch: 0342 loss_train: 0.8358 acc_train: 0.8071 loss_val: 1.2213 acc_val: 0.6400 time: 0.6640s
Epoch: 0343 loss_train: 0.8416 acc_train: 0.7857 loss_val: 1.2459 acc_val: 0.6100 time: 0.6870s
Epoch: 0344 loss_train: 0.9659 acc_train: 0.7429 loss_val: 1.2196 acc_val: 0.6340 time: 0.7360s
Epoch: 0345 loss_train: 0.7538 acc_train: 0.8143 loss_val: 1.2301 acc_val: 0.6180 time: 0.6770s
Epoch: 0346 loss_train: 0.9435 acc_train: 0.7571 loss_val: 1.2439 acc_val: 0.6260 time: 0.6590s
Epoch: 0347 loss_train: 0.9119 acc_train: 0.8143 loss_val: 1.2803 acc_val: 0.6280 time: 0.7320s
Epoch: 0348 loss_train: 0.8415 acc_train: 0.7786 loss_val: 1.2340 acc_val: 0.6300 time: 0.8270s
Epoch: 0349 loss_train: 0.9007 acc_train: 0.8071 loss_val: 1.1712 acc_val: 0.6520 time: 0.7920s
Epoch: 0350 loss_train: 0.8060 acc_train: 0.8000 loss_val: 1.2589 acc_val: 0.6460 time: 0.7120s
Epoch: 0351 loss_train: 0.8236 acc_train: 0.7929 loss_val: 1.2363 acc_val: 0.6340 time: 0.8150s
Epoch: 0352 loss_train: 0.8605 acc_train: 0.7571 loss_val: 1.1885 acc_val: 0.6660 time: 0.8330s
Epoch: 0353 loss_train: 0.7555 acc_train: 0.7857 loss_val: 1.2521 acc_val: 0.6420 time: 0.7570s
Epoch: 0354 loss_train: 0.7955 acc_train: 0.8214 loss_val: 1.1607 acc_val: 0.6680 time: 0.7590s
Epoch: 0355 loss_train: 0.8805 acc_train: 0.8000 loss_val: 1.1333 acc_val: 0.7100 time: 0.7000s
Epoch: 0356 loss_train: 0.7395 acc_train: 0.8000 loss_val: 1.1817 acc_val: 0.6440 time: 0.6640s
Epoch: 0357 loss_train: 0.9825 acc_train: 0.7857 loss_val: 1.3231 acc_val: 0.5900 time: 0.7740s
Epoch: 0358 loss_train: 0.8375 acc_train: 0.7643 loss_val: 1.2477 acc_val: 0.6740 time: 0.7200s
Epoch: 0359 loss_train: 0.8381 acc_train: 0.7857 loss_val: 1.1715 acc_val: 0.6660 time: 0.7430s
Epoch: 0360 loss_train: 0.9768 acc_train: 0.7286 loss_val: 1.3582 acc_val: 0.6320 time: 0.7060s
Epoch: 0361 loss_train: 0.8604 acc_train: 0.7857 loss_val: 1.2825 acc_val: 0.6340 time: 0.6660s
Epoch: 0362 loss_train: 0.8526 acc_train: 0.8000 loss_val: 1.1356 acc_val: 0.6740 time: 0.7770s
Epoch: 0363 loss_train: 0.7896 acc_train: 0.8000 loss_val: 1.2207 acc_val: 0.6400 time: 0.7350s
Epoch: 0364 loss_train: 0.8251 acc_train: 0.8214 loss_val: 1.1644 acc_val: 0.6420 time: 0.6980s
Epoch: 0365 loss_train: 0.8497 acc_train: 0.8000 loss_val: 1.2146 acc_val: 0.6420 time: 0.7450s
Epoch: 0366 loss_train: 0.8031 acc_train: 0.8857 loss_val: 1.1664 acc_val: 0.6480 time: 0.7500s
Epoch: 0367 loss_train: 0.7921 acc_train: 0.8357 loss_val: 1.2013 acc_val: 0.6400 time: 0.6950s
Epoch: 0368 loss_train: 0.7642 acc_train: 0.8357 loss_val: 1.1984 acc_val: 0.6400 time: 0.7120s
Epoch: 0369 loss_train: 0.8263 acc_train: 0.7929 loss_val: 1.2244 acc_val: 0.6320 time: 0.8230s
Epoch: 0370 loss_train: 0.8164 acc_train: 0.7714 loss_val: 1.2382 acc_val: 0.6700 time: 0.6990s
Epoch: 0371 loss_train: 0.7137 acc_train: 0.8214 loss_val: 1.1683 acc_val: 0.6620 time: 0.6810s
Epoch: 0372 loss_train: 0.7861 acc_train: 0.7643 loss_val: 1.2998 acc_val: 0.6320 time: 0.6830s
Epoch: 0373 loss_train: 0.9055 acc_train: 0.7714 loss_val: 1.1803 acc_val: 0.6560 time: 0.6920s
Epoch: 0374 loss_train: 0.9379 acc_train: 0.7643 loss_val: 1.2275 acc_val: 0.6260 time: 0.8200s
Epoch: 0375 loss_train: 0.8780 acc_train: 0.7643 loss_val: 1.2863 acc_val: 0.6300 time: 0.7400s
Epoch: 0376 loss_train: 0.8215 acc_train: 0.7571 loss_val: 1.1743 acc_val: 0.6740 time: 0.6920s
Epoch: 0377 loss_train: 0.7756 acc_train: 0.7857 loss_val: 1.1628 acc_val: 0.6800 time: 0.6990s
Epoch: 0378 loss_train: 0.8850 acc_train: 0.7714 loss_val: 1.1711 acc_val: 0.6660 time: 0.7190s
Epoch: 0379 loss_train: 0.8862 acc_train: 0.7929 loss_val: 1.2272 acc_val: 0.6600 time: 0.6680s
Epoch: 0380 loss_train: 0.7911 acc_train: 0.8071 loss_val: 1.1265 acc_val: 0.6840 time: 0.7090s
Epoch: 0381 loss_train: 0.8660 acc_train: 0.8000 loss_val: 1.2233 acc_val: 0.6160 time: 0.7740s
Epoch: 0382 loss_train: 0.7656 acc_train: 0.7929 loss_val: 1.1626 acc_val: 0.6600 time: 0.6840s
Epoch: 0383 loss_train: 0.7734 acc_train: 0.7929 loss_val: 1.1620 acc_val: 0.6440 time: 0.7170s
Epoch: 0384 loss_train: 0.8544 acc_train: 0.7500 loss_val: 1.2357 acc_val: 0.6220 time: 0.7428s
Epoch: 0385 loss_train: 0.7600 acc_train: 0.8071 loss_val: 1.1956 acc_val: 0.6460 time: 0.7050s
Epoch: 0386 loss_train: 0.8188 acc_train: 0.8000 loss_val: 1.1279 acc_val: 0.6840 time: 0.7040s
Epoch: 0387 loss_train: 0.8589 acc_train: 0.8000 loss_val: 1.2228 acc_val: 0.6380 time: 0.6770s
Epoch: 0388 loss_train: 0.8607 acc_train: 0.8143 loss_val: 1.2651 acc_val: 0.6280 time: 0.7130s
Epoch: 0389 loss_train: 0.8410 acc_train: 0.8000 loss_val: 1.1740 acc_val: 0.6880 time: 0.6940s
Epoch: 0390 loss_train: 0.8480 acc_train: 0.8071 loss_val: 1.2090 acc_val: 0.6520 time: 0.7020s
Epoch: 0391 loss_train: 0.9511 acc_train: 0.7643 loss_val: 1.2182 acc_val: 0.6480 time: 0.7470s
Epoch: 0392 loss_train: 0.8884 acc_train: 0.7786 loss_val: 1.2185 acc_val: 0.6460 time: 0.6860s
Epoch: 0393 loss_train: 0.7498 acc_train: 0.8143 loss_val: 1.2457 acc_val: 0.6520 time: 0.7050s
Epoch: 0394 loss_train: 0.8148 acc_train: 0.8357 loss_val: 1.1883 acc_val: 0.6620 time: 0.6950s
Epoch: 0395 loss_train: 0.8471 acc_train: 0.8143 loss_val: 1.2133 acc_val: 0.6760 time: 0.6830s
Optimization Finished!
Total time elapsed: 282.9904s
Loading 294th epoch
Test set results: loss= 0.8653 accuracy= 0.8260

Process finished with exit code 0
