D:\Anaconda\exe\envs\stellar2\python.exe E:\github_projects\Distance-Recomputator-and-Topology-Reconstructor\Baselines\GAT\main.py

[STEP 1]: Upload cora dataset.
x.shape= (140, 1433)
y.shape= (140, 7)
tx.shape= (1000, 1433)
ty.shape= (1000, 7)
allx= (1708, 1433)
ally= (1708, 7)
len(graph)= 2708
| # of nodes : 2708
| # of edges : 5278.0
NA.shape (2708, 1433)
NA.dtype float32
NA.type <class 'scipy.sparse.csr.csr_matrix'>
| # of features : 1433
| # of clases   : 7
| # of train set : 140
| # of val set   : 500
| # of test set  : 1000
Epoch: 0001 loss_train: 3.9733 acc_train: 0.1143 loss_val: 2.0033 acc_val: 0.1840
Epoch: 0002 loss_train: 2.4197 acc_train: 0.1357 loss_val: 2.0603 acc_val: 0.1920
Epoch: 0003 loss_train: 2.3797 acc_train: 0.1429 loss_val: 2.1011 acc_val: 0.2440
Epoch: 0004 loss_train: 2.1850 acc_train: 0.1571 loss_val: 2.1255 acc_val: 0.2860
Epoch: 0005 loss_train: 2.0323 acc_train: 0.1786 loss_val: 2.1405 acc_val: 0.3180
Epoch: 0006 loss_train: 2.2786 acc_train: 0.2143 loss_val: 2.1228 acc_val: 0.3460
Epoch: 0007 loss_train: 2.0303 acc_train: 0.2643 loss_val: 2.0712 acc_val: 0.3800
Epoch: 0008 loss_train: 1.8824 acc_train: 0.2857 loss_val: 2.0107 acc_val: 0.3900
Epoch: 0009 loss_train: 1.8808 acc_train: 0.3357 loss_val: 1.9422 acc_val: 0.4020
Epoch: 0010 loss_train: 2.1609 acc_train: 0.3429 loss_val: 1.8555 acc_val: 0.4460
Epoch: 0011 loss_train: 1.8246 acc_train: 0.3357 loss_val: 1.7673 acc_val: 0.5120
Epoch: 0012 loss_train: 1.6222 acc_train: 0.4000 loss_val: 1.6853 acc_val: 0.5360
Epoch: 0013 loss_train: 1.7862 acc_train: 0.4214 loss_val: 1.5972 acc_val: 0.5680
Epoch: 0014 loss_train: 1.9792 acc_train: 0.4214 loss_val: 1.5346 acc_val: 0.6000
Epoch: 0015 loss_train: 1.5213 acc_train: 0.4929 loss_val: 1.4697 acc_val: 0.6380
Epoch: 0016 loss_train: 1.5138 acc_train: 0.4429 loss_val: 1.4110 acc_val: 0.6840
Epoch: 0017 loss_train: 1.4410 acc_train: 0.5500 loss_val: 1.3699 acc_val: 0.6980
Epoch: 0018 loss_train: 1.2608 acc_train: 0.5286 loss_val: 1.3307 acc_val: 0.7020
Epoch: 0019 loss_train: 1.2916 acc_train: 0.5357 loss_val: 1.2963 acc_val: 0.7100
Epoch: 0020 loss_train: 1.3814 acc_train: 0.5071 loss_val: 1.2788 acc_val: 0.7220
Epoch: 0021 loss_train: 1.2569 acc_train: 0.5786 loss_val: 1.2597 acc_val: 0.7200
Early stopping
Test results: loss= 1.3044 accuracy= 0.7100

Process finished with exit code 0
