D:\Anaconda\exe\envs\stellar2\python.exe E:\github_projects\Distance-Recomputator-and-Topology-Reconstructor\Baselines\SGC\SGC.py

[STEP 1]: Upload cora dataset.
x.shape= (140, 1433)
y.shape= (140, 7)
tx.shape= (1000, 1433)
ty.shape= (1000, 7)
allx= (1708, 1433)
ally= (1708, 7)
len(graph)= 2708
| # of nodes : 2708
| # of edges : 5278.0
NA.shape (2708, 1433)
NA.dtype float32
NA.type <class 'scipy.sparse.csr.csr_matrix'>
| # of features : 1433
| # of clases   : 7
| # of train set : 140
| # of val set   : 500
| # of test set  : 1000
F: 1433
C: 7
torch.Size([2708, 7])
torch.Size([2708, 7])
tensor([[ 0.0235,  0.0191,  0.0169,  ..., -0.0137,  0.0173,  0.0021],
        [ 0.0299,  0.0187,  0.0158,  ..., -0.0130,  0.0210,  0.0027],
        [ 0.0295,  0.0169,  0.0169,  ..., -0.0154,  0.0222,  0.0029],
        ...,
        [ 0.0307,  0.0185,  0.0118,  ..., -0.0160,  0.0228, -0.0052],
        [ 0.0264,  0.0168,  0.0134,  ..., -0.0140,  0.0165,  0.0056],
        [ 0.0263,  0.0167,  0.0141,  ..., -0.0143,  0.0169,  0.0050]],
       grad_fn=<AddmmBackward0>)
nfeat= 1433
nclass= 7
dropout= 0.2
Epoch: 0001 loss_train: -0.0023 acc_train: 0.2071 loss_val: -0.0020 acc_val: 0.1400 time: 0.3340s
Epoch: 0002 loss_train: -0.0122 acc_train: 0.2571 loss_val: -0.0113 acc_val: 0.1960 time: 0.2860s
Epoch: 0003 loss_train: -0.0221 acc_train: 0.3071 loss_val: -0.0205 acc_val: 0.2240 time: 0.3050s
Epoch: 0004 loss_train: -0.0319 acc_train: 0.3929 loss_val: -0.0298 acc_val: 0.2460 time: 0.3290s
Epoch: 0005 loss_train: -0.0417 acc_train: 0.4357 loss_val: -0.0390 acc_val: 0.2700 time: 0.2730s
Epoch: 0006 loss_train: -0.0515 acc_train: 0.4786 loss_val: -0.0482 acc_val: 0.2880 time: 0.3550s
Epoch: 0007 loss_train: -0.0613 acc_train: 0.5429 loss_val: -0.0573 acc_val: 0.3080 time: 0.3310s
Epoch: 0008 loss_train: -0.0710 acc_train: 0.6000 loss_val: -0.0664 acc_val: 0.3360 time: 0.3370s
Epoch: 0009 loss_train: -0.0807 acc_train: 0.6286 loss_val: -0.0754 acc_val: 0.3580 time: 0.2860s
Epoch: 0010 loss_train: -0.0904 acc_train: 0.7000 loss_val: -0.0844 acc_val: 0.3800 time: 0.3450s
Epoch: 0011 loss_train: -0.1000 acc_train: 0.7143 loss_val: -0.0932 acc_val: 0.4020 time: 0.3370s
Epoch: 0012 loss_train: -0.1095 acc_train: 0.7571 loss_val: -0.1020 acc_val: 0.4420 time: 0.2990s
Epoch: 0013 loss_train: -0.1190 acc_train: 0.8000 loss_val: -0.1107 acc_val: 0.4540 time: 0.3180s
Epoch: 0014 loss_train: -0.1284 acc_train: 0.8214 loss_val: -0.1194 acc_val: 0.4760 time: 0.3280s
Epoch: 0015 loss_train: -0.1378 acc_train: 0.8214 loss_val: -0.1279 acc_val: 0.4880 time: 0.2980s
Epoch: 0016 loss_train: -0.1472 acc_train: 0.8286 loss_val: -0.1364 acc_val: 0.5000 time: 0.3120s
Epoch: 0017 loss_train: -0.1564 acc_train: 0.8357 loss_val: -0.1448 acc_val: 0.5260 time: 0.3610s
Epoch: 0018 loss_train: -0.1657 acc_train: 0.8571 loss_val: -0.1532 acc_val: 0.5380 time: 0.3000s
Epoch: 0019 loss_train: -0.1748 acc_train: 0.8643 loss_val: -0.1615 acc_val: 0.5560 time: 0.3390s
Epoch: 0020 loss_train: -0.1839 acc_train: 0.8643 loss_val: -0.1698 acc_val: 0.5760 time: 0.3630s
Epoch: 0021 loss_train: -0.1930 acc_train: 0.8643 loss_val: -0.1779 acc_val: 0.5880 time: 0.4020s
Epoch: 0022 loss_train: -0.2020 acc_train: 0.8643 loss_val: -0.1861 acc_val: 0.5960 time: 0.3620s
Epoch: 0023 loss_train: -0.2109 acc_train: 0.8714 loss_val: -0.1942 acc_val: 0.6000 time: 0.3440s
Epoch: 0024 loss_train: -0.2198 acc_train: 0.8714 loss_val: -0.2022 acc_val: 0.6140 time: 0.4170s
Epoch: 0025 loss_train: -0.2286 acc_train: 0.8714 loss_val: -0.2102 acc_val: 0.6200 time: 0.3230s
Epoch: 0026 loss_train: -0.2374 acc_train: 0.8714 loss_val: -0.2181 acc_val: 0.6280 time: 0.3380s
Epoch: 0027 loss_train: -0.2462 acc_train: 0.8857 loss_val: -0.2260 acc_val: 0.6380 time: 0.2530s
Epoch: 0028 loss_train: -0.2548 acc_train: 0.8857 loss_val: -0.2339 acc_val: 0.6460 time: 0.3150s
Epoch: 0029 loss_train: -0.2635 acc_train: 0.8857 loss_val: -0.2417 acc_val: 0.6540 time: 0.2910s
Epoch: 0030 loss_train: -0.2720 acc_train: 0.8857 loss_val: -0.2495 acc_val: 0.6640 time: 0.2690s
Epoch: 0031 loss_train: -0.2806 acc_train: 0.9000 loss_val: -0.2572 acc_val: 0.6740 time: 0.3230s
Epoch: 0032 loss_train: -0.2891 acc_train: 0.9000 loss_val: -0.2649 acc_val: 0.6780 time: 0.3070s
Epoch: 0033 loss_train: -0.2975 acc_train: 0.9071 loss_val: -0.2725 acc_val: 0.6800 time: 0.2890s
Epoch: 0034 loss_train: -0.3059 acc_train: 0.9214 loss_val: -0.2802 acc_val: 0.6800 time: 0.3560s
Epoch: 0035 loss_train: -0.3142 acc_train: 0.9286 loss_val: -0.2877 acc_val: 0.6860 time: 0.3200s
Epoch: 0036 loss_train: -0.3226 acc_train: 0.9286 loss_val: -0.2953 acc_val: 0.6920 time: 0.3120s
Epoch: 0037 loss_train: -0.3308 acc_train: 0.9357 loss_val: -0.3028 acc_val: 0.6920 time: 0.3970s
Epoch: 0038 loss_train: -0.3390 acc_train: 0.9429 loss_val: -0.3102 acc_val: 0.6940 time: 0.2950s
Epoch: 0039 loss_train: -0.3472 acc_train: 0.9429 loss_val: -0.3177 acc_val: 0.6940 time: 0.3060s
Epoch: 0040 loss_train: -0.3553 acc_train: 0.9429 loss_val: -0.3251 acc_val: 0.6940 time: 0.3070s
Epoch: 0041 loss_train: -0.3634 acc_train: 0.9429 loss_val: -0.3324 acc_val: 0.6960 time: 0.3790s
Epoch: 0042 loss_train: -0.3715 acc_train: 0.9429 loss_val: -0.3398 acc_val: 0.7000 time: 0.2960s
Epoch: 0043 loss_train: -0.3795 acc_train: 0.9500 loss_val: -0.3471 acc_val: 0.7040 time: 0.3430s
Epoch: 0044 loss_train: -0.3875 acc_train: 0.9500 loss_val: -0.3544 acc_val: 0.7060 time: 0.3570s
Epoch: 0045 loss_train: -0.3955 acc_train: 0.9571 loss_val: -0.3616 acc_val: 0.7080 time: 0.4140s
Epoch: 0046 loss_train: -0.4034 acc_train: 0.9571 loss_val: -0.3688 acc_val: 0.7100 time: 0.3790s
Epoch: 0047 loss_train: -0.4113 acc_train: 0.9571 loss_val: -0.3760 acc_val: 0.7120 time: 0.4160s
Epoch: 0048 loss_train: -0.4191 acc_train: 0.9571 loss_val: -0.3832 acc_val: 0.7180 time: 0.3780s
Epoch: 0049 loss_train: -0.4269 acc_train: 0.9643 loss_val: -0.3903 acc_val: 0.7180 time: 0.3410s
Epoch: 0050 loss_train: -0.4347 acc_train: 0.9643 loss_val: -0.3974 acc_val: 0.7180 time: 0.3050s
Epoch: 0051 loss_train: -0.4425 acc_train: 0.9643 loss_val: -0.4045 acc_val: 0.7200 time: 0.3600s
Epoch: 0052 loss_train: -0.4502 acc_train: 0.9643 loss_val: -0.4115 acc_val: 0.7240 time: 0.3670s
Epoch: 0053 loss_train: -0.4579 acc_train: 0.9643 loss_val: -0.4186 acc_val: 0.7240 time: 0.3620s
Epoch: 0054 loss_train: -0.4655 acc_train: 0.9714 loss_val: -0.4256 acc_val: 0.7240 time: 0.3770s
Epoch: 0055 loss_train: -0.4732 acc_train: 0.9714 loss_val: -0.4325 acc_val: 0.7240 time: 0.3050s
Epoch: 0056 loss_train: -0.4808 acc_train: 0.9643 loss_val: -0.4395 acc_val: 0.7300 time: 0.3220s
Epoch: 0057 loss_train: -0.4884 acc_train: 0.9643 loss_val: -0.4465 acc_val: 0.7320 time: 0.3240s
Epoch: 0058 loss_train: -0.4959 acc_train: 0.9643 loss_val: -0.4534 acc_val: 0.7380 time: 0.3430s
Epoch: 0059 loss_train: -0.5034 acc_train: 0.9643 loss_val: -0.4603 acc_val: 0.7420 time: 0.3720s
Epoch: 0060 loss_train: -0.5109 acc_train: 0.9643 loss_val: -0.4672 acc_val: 0.7440 time: 0.3470s
Epoch: 0061 loss_train: -0.5184 acc_train: 0.9643 loss_val: -0.4740 acc_val: 0.7400 time: 0.3210s
Epoch: 0062 loss_train: -0.5259 acc_train: 0.9643 loss_val: -0.4809 acc_val: 0.7400 time: 0.3130s
Epoch: 0063 loss_train: -0.5333 acc_train: 0.9643 loss_val: -0.4877 acc_val: 0.7420 time: 0.3370s
Epoch: 0064 loss_train: -0.5407 acc_train: 0.9643 loss_val: -0.4945 acc_val: 0.7380 time: 0.3280s
Epoch: 0065 loss_train: -0.5481 acc_train: 0.9643 loss_val: -0.5013 acc_val: 0.7360 time: 0.3310s
Epoch: 0066 loss_train: -0.5554 acc_train: 0.9643 loss_val: -0.5081 acc_val: 0.7360 time: 0.3480s
Epoch: 0067 loss_train: -0.5628 acc_train: 0.9643 loss_val: -0.5149 acc_val: 0.7360 time: 0.3220s
Epoch: 0068 loss_train: -0.5701 acc_train: 0.9714 loss_val: -0.5216 acc_val: 0.7340 time: 0.2960s
Epoch: 0069 loss_train: -0.5774 acc_train: 0.9714 loss_val: -0.5283 acc_val: 0.7340 time: 0.4250s
Epoch: 0070 loss_train: -0.5846 acc_train: 0.9714 loss_val: -0.5350 acc_val: 0.7360 time: 0.3900s
Epoch: 0071 loss_train: -0.5919 acc_train: 0.9714 loss_val: -0.5417 acc_val: 0.7360 time: 0.3600s
Epoch: 0072 loss_train: -0.5991 acc_train: 0.9714 loss_val: -0.5484 acc_val: 0.7360 time: 0.3940s
Epoch: 0073 loss_train: -0.6063 acc_train: 0.9714 loss_val: -0.5551 acc_val: 0.7360 time: 0.3660s
Epoch: 0074 loss_train: -0.6135 acc_train: 0.9714 loss_val: -0.5617 acc_val: 0.7360 time: 0.3970s
Epoch: 0075 loss_train: -0.6207 acc_train: 0.9714 loss_val: -0.5683 acc_val: 0.7440 time: 0.4230s
Epoch: 0076 loss_train: -0.6279 acc_train: 0.9714 loss_val: -0.5749 acc_val: 0.7440 time: 0.3610s
Epoch: 0077 loss_train: -0.6350 acc_train: 0.9714 loss_val: -0.5816 acc_val: 0.7460 time: 0.3770s
Epoch: 0078 loss_train: -0.6421 acc_train: 0.9714 loss_val: -0.5881 acc_val: 0.7460 time: 0.3610s
Epoch: 0079 loss_train: -0.6492 acc_train: 0.9714 loss_val: -0.5947 acc_val: 0.7440 time: 0.3870s
Epoch: 0080 loss_train: -0.6563 acc_train: 0.9714 loss_val: -0.6013 acc_val: 0.7400 time: 0.3720s
Epoch: 0081 loss_train: -0.6634 acc_train: 0.9714 loss_val: -0.6078 acc_val: 0.7400 time: 0.3720s
Epoch: 0082 loss_train: -0.6704 acc_train: 0.9714 loss_val: -0.6144 acc_val: 0.7400 time: 0.3930s
Epoch: 0083 loss_train: -0.6774 acc_train: 0.9714 loss_val: -0.6209 acc_val: 0.7400 time: 0.3830s
Epoch: 0084 loss_train: -0.6844 acc_train: 0.9714 loss_val: -0.6274 acc_val: 0.7400 time: 0.3600s
Epoch: 0085 loss_train: -0.6914 acc_train: 0.9714 loss_val: -0.6339 acc_val: 0.7420 time: 0.3390s
Epoch: 0086 loss_train: -0.6984 acc_train: 0.9714 loss_val: -0.6404 acc_val: 0.7440 time: 0.3100s
Epoch: 0087 loss_train: -0.7054 acc_train: 0.9714 loss_val: -0.6469 acc_val: 0.7440 time: 0.3420s
Epoch: 0088 loss_train: -0.7123 acc_train: 0.9714 loss_val: -0.6533 acc_val: 0.7440 time: 0.3320s
Epoch: 0089 loss_train: -0.7193 acc_train: 0.9714 loss_val: -0.6598 acc_val: 0.7440 time: 0.3340s
Epoch: 0090 loss_train: -0.7262 acc_train: 0.9714 loss_val: -0.6662 acc_val: 0.7440 time: 0.3380s
Epoch: 0091 loss_train: -0.7331 acc_train: 0.9714 loss_val: -0.6726 acc_val: 0.7440 time: 0.3340s
Epoch: 0092 loss_train: -0.7400 acc_train: 0.9714 loss_val: -0.6790 acc_val: 0.7440 time: 0.3340s
Epoch: 0093 loss_train: -0.7469 acc_train: 0.9714 loss_val: -0.6855 acc_val: 0.7480 time: 0.3030s
Epoch: 0094 loss_train: -0.7537 acc_train: 0.9714 loss_val: -0.6918 acc_val: 0.7500 time: 0.3270s
Epoch: 0095 loss_train: -0.7606 acc_train: 0.9643 loss_val: -0.6982 acc_val: 0.7520 time: 0.2960s
Epoch: 0096 loss_train: -0.7674 acc_train: 0.9643 loss_val: -0.7046 acc_val: 0.7500 time: 0.3120s
Epoch: 0097 loss_train: -0.7742 acc_train: 0.9643 loss_val: -0.7110 acc_val: 0.7500 time: 0.3230s
Epoch: 0098 loss_train: -0.7810 acc_train: 0.9643 loss_val: -0.7173 acc_val: 0.7500 time: 0.3130s
Epoch: 0099 loss_train: -0.7878 acc_train: 0.9643 loss_val: -0.7237 acc_val: 0.7500 time: 0.3440s
Epoch: 0100 loss_train: -0.7946 acc_train: 0.9643 loss_val: -0.7300 acc_val: 0.7500 time: 0.3360s
Epoch: 0101 loss_train: -0.8014 acc_train: 0.9643 loss_val: -0.7363 acc_val: 0.7500 time: 0.3510s
Epoch: 0102 loss_train: -0.8081 acc_train: 0.9643 loss_val: -0.7426 acc_val: 0.7560 time: 0.3190s
Epoch: 0103 loss_train: -0.8149 acc_train: 0.9643 loss_val: -0.7489 acc_val: 0.7560 time: 0.3320s
Epoch: 0104 loss_train: -0.8216 acc_train: 0.9643 loss_val: -0.7552 acc_val: 0.7580 time: 0.2990s
Epoch: 0105 loss_train: -0.8283 acc_train: 0.9643 loss_val: -0.7615 acc_val: 0.7580 time: 0.3120s
Epoch: 0106 loss_train: -0.8350 acc_train: 0.9643 loss_val: -0.7678 acc_val: 0.7600 time: 0.3280s
Epoch: 0107 loss_train: -0.8417 acc_train: 0.9643 loss_val: -0.7740 acc_val: 0.7640 time: 0.3270s
Epoch: 0108 loss_train: -0.8484 acc_train: 0.9643 loss_val: -0.7803 acc_val: 0.7640 time: 0.3240s
Epoch: 0109 loss_train: -0.8551 acc_train: 0.9643 loss_val: -0.7865 acc_val: 0.7640 time: 0.3620s
Epoch: 0110 loss_train: -0.8617 acc_train: 0.9643 loss_val: -0.7928 acc_val: 0.7640 time: 0.3450s
Epoch: 0111 loss_train: -0.8684 acc_train: 0.9714 loss_val: -0.7990 acc_val: 0.7640 time: 0.3810s
Epoch: 0112 loss_train: -0.8750 acc_train: 0.9714 loss_val: -0.8052 acc_val: 0.7640 time: 0.3320s
Epoch: 0113 loss_train: -0.8816 acc_train: 0.9714 loss_val: -0.8115 acc_val: 0.7620 time: 0.3190s
Epoch: 0114 loss_train: -0.8882 acc_train: 0.9714 loss_val: -0.8177 acc_val: 0.7620 time: 0.3440s
Epoch: 0115 loss_train: -0.8949 acc_train: 0.9714 loss_val: -0.8239 acc_val: 0.7640 time: 0.3670s
Epoch: 0116 loss_train: -0.9014 acc_train: 0.9714 loss_val: -0.8300 acc_val: 0.7660 time: 0.3210s
Epoch: 0117 loss_train: -0.9080 acc_train: 0.9714 loss_val: -0.8362 acc_val: 0.7660 time: 0.3670s
Epoch: 0118 loss_train: -0.9146 acc_train: 0.9714 loss_val: -0.8424 acc_val: 0.7640 time: 0.4060s
Epoch: 0119 loss_train: -0.9212 acc_train: 0.9714 loss_val: -0.8486 acc_val: 0.7660 time: 0.3950s
Epoch: 0120 loss_train: -0.9277 acc_train: 0.9714 loss_val: -0.8547 acc_val: 0.7660 time: 0.3780s
Epoch: 0121 loss_train: -0.9343 acc_train: 0.9714 loss_val: -0.8609 acc_val: 0.7660 time: 0.3840s
Epoch: 0122 loss_train: -0.9408 acc_train: 0.9714 loss_val: -0.8670 acc_val: 0.7640 time: 0.3430s
Epoch: 0123 loss_train: -0.9473 acc_train: 0.9714 loss_val: -0.8732 acc_val: 0.7640 time: 0.3430s
Epoch: 0124 loss_train: -0.9538 acc_train: 0.9714 loss_val: -0.8793 acc_val: 0.7640 time: 0.3490s
Epoch: 0125 loss_train: -0.9603 acc_train: 0.9714 loss_val: -0.8854 acc_val: 0.7640 time: 0.3190s
Epoch: 0126 loss_train: -0.9668 acc_train: 0.9714 loss_val: -0.8915 acc_val: 0.7640 time: 0.3340s
Epoch: 0127 loss_train: -0.9733 acc_train: 0.9714 loss_val: -0.8976 acc_val: 0.7640 time: 0.2880s
Epoch: 0128 loss_train: -0.9798 acc_train: 0.9714 loss_val: -0.9037 acc_val: 0.7640 time: 0.2750s
Epoch: 0129 loss_train: -0.9862 acc_train: 0.9714 loss_val: -0.9098 acc_val: 0.7640 time: 0.3640s
Epoch: 0130 loss_train: -0.9927 acc_train: 0.9714 loss_val: -0.9159 acc_val: 0.7620 time: 0.3380s
Epoch: 0131 loss_train: -0.9991 acc_train: 0.9714 loss_val: -0.9220 acc_val: 0.7640 time: 0.2910s
Epoch: 0132 loss_train: -1.0056 acc_train: 0.9714 loss_val: -0.9281 acc_val: 0.7660 time: 0.3391s
Epoch: 0133 loss_train: -1.0120 acc_train: 0.9714 loss_val: -0.9341 acc_val: 0.7660 time: 0.3130s
Epoch: 0134 loss_train: -1.0184 acc_train: 0.9714 loss_val: -0.9402 acc_val: 0.7660 time: 0.2900s
Epoch: 0135 loss_train: -1.0248 acc_train: 0.9714 loss_val: -0.9462 acc_val: 0.7660 time: 0.3730s
Epoch: 0136 loss_train: -1.0312 acc_train: 0.9714 loss_val: -0.9523 acc_val: 0.7660 time: 0.3150s
Epoch: 0137 loss_train: -1.0376 acc_train: 0.9714 loss_val: -0.9583 acc_val: 0.7640 time: 0.3230s
Epoch: 0138 loss_train: -1.0440 acc_train: 0.9714 loss_val: -0.9644 acc_val: 0.7640 time: 0.2940s
Epoch: 0139 loss_train: -1.0504 acc_train: 0.9714 loss_val: -0.9704 acc_val: 0.7640 time: 0.3280s
Epoch: 0140 loss_train: -1.0568 acc_train: 0.9714 loss_val: -0.9764 acc_val: 0.7640 time: 0.3700s
Epoch: 0141 loss_train: -1.0631 acc_train: 0.9714 loss_val: -0.9824 acc_val: 0.7640 time: 0.3980s
Epoch: 0142 loss_train: -1.0695 acc_train: 0.9714 loss_val: -0.9884 acc_val: 0.7640 time: 0.3800s
Epoch: 0143 loss_train: -1.0758 acc_train: 0.9714 loss_val: -0.9945 acc_val: 0.7640 time: 0.3330s
Epoch: 0144 loss_train: -1.0822 acc_train: 0.9714 loss_val: -1.0005 acc_val: 0.7640 time: 0.3950s
Epoch: 0145 loss_train: -1.0885 acc_train: 0.9714 loss_val: -1.0064 acc_val: 0.7640 time: 0.3680s
Epoch: 0146 loss_train: -1.0948 acc_train: 0.9714 loss_val: -1.0124 acc_val: 0.7640 time: 0.3540s
Epoch: 0147 loss_train: -1.1011 acc_train: 0.9714 loss_val: -1.0184 acc_val: 0.7640 time: 0.3260s
Epoch: 0148 loss_train: -1.1074 acc_train: 0.9714 loss_val: -1.0244 acc_val: 0.7640 time: 0.3120s
Epoch: 0149 loss_train: -1.1137 acc_train: 0.9714 loss_val: -1.0304 acc_val: 0.7620 time: 0.3430s
Epoch: 0150 loss_train: -1.1200 acc_train: 0.9714 loss_val: -1.0363 acc_val: 0.7620 time: 0.3210s
Epoch: 0151 loss_train: -1.1263 acc_train: 0.9714 loss_val: -1.0423 acc_val: 0.7620 time: 0.2860s
Epoch: 0152 loss_train: -1.1326 acc_train: 0.9714 loss_val: -1.0482 acc_val: 0.7620 time: 0.3320s
Epoch: 0153 loss_train: -1.1389 acc_train: 0.9714 loss_val: -1.0542 acc_val: 0.7620 time: 0.4020s
Epoch: 0154 loss_train: -1.1451 acc_train: 0.9714 loss_val: -1.0601 acc_val: 0.7620 time: 0.3010s
Epoch: 0155 loss_train: -1.1514 acc_train: 0.9714 loss_val: -1.0661 acc_val: 0.7620 time: 0.3500s
Epoch: 0156 loss_train: -1.1576 acc_train: 0.9714 loss_val: -1.0720 acc_val: 0.7620 time: 0.3250s
Epoch: 0157 loss_train: -1.1639 acc_train: 0.9714 loss_val: -1.0779 acc_val: 0.7620 time: 0.3030s
Epoch: 0158 loss_train: -1.1701 acc_train: 0.9714 loss_val: -1.0838 acc_val: 0.7620 time: 0.3190s
Epoch: 0159 loss_train: -1.1763 acc_train: 0.9714 loss_val: -1.0898 acc_val: 0.7620 time: 0.3250s
Epoch: 0160 loss_train: -1.1825 acc_train: 0.9714 loss_val: -1.0957 acc_val: 0.7620 time: 0.3130s
Epoch: 0161 loss_train: -1.1888 acc_train: 0.9714 loss_val: -1.1016 acc_val: 0.7620 time: 0.3400s
Epoch: 0162 loss_train: -1.1950 acc_train: 0.9714 loss_val: -1.1075 acc_val: 0.7620 time: 0.4070s
Epoch: 0163 loss_train: -1.2012 acc_train: 0.9714 loss_val: -1.1134 acc_val: 0.7640 time: 0.3490s
Epoch: 0164 loss_train: -1.2074 acc_train: 0.9714 loss_val: -1.1193 acc_val: 0.7640 time: 0.3340s
Epoch: 0165 loss_train: -1.2135 acc_train: 0.9714 loss_val: -1.1251 acc_val: 0.7620 time: 0.4080s
Epoch: 0166 loss_train: -1.2197 acc_train: 0.9643 loss_val: -1.1310 acc_val: 0.7620 time: 0.3280s
Epoch: 0167 loss_train: -1.2259 acc_train: 0.9643 loss_val: -1.1369 acc_val: 0.7620 time: 0.3130s
Epoch: 0168 loss_train: -1.2321 acc_train: 0.9643 loss_val: -1.1428 acc_val: 0.7620 time: 0.3290s
Epoch: 0169 loss_train: -1.2382 acc_train: 0.9643 loss_val: -1.1486 acc_val: 0.7620 time: 0.3540s
Epoch: 0170 loss_train: -1.2444 acc_train: 0.9643 loss_val: -1.1545 acc_val: 0.7620 time: 0.3130s
Epoch: 0171 loss_train: -1.2505 acc_train: 0.9643 loss_val: -1.1604 acc_val: 0.7620 time: 0.3550s
Epoch: 0172 loss_train: -1.2567 acc_train: 0.9643 loss_val: -1.1662 acc_val: 0.7620 time: 0.3300s
Epoch: 0173 loss_train: -1.2628 acc_train: 0.9643 loss_val: -1.1721 acc_val: 0.7620 time: 0.3070s
Epoch: 0174 loss_train: -1.2690 acc_train: 0.9643 loss_val: -1.1779 acc_val: 0.7620 time: 0.3460s
Epoch: 0175 loss_train: -1.2751 acc_train: 0.9643 loss_val: -1.1838 acc_val: 0.7620 time: 0.3260s
Epoch: 0176 loss_train: -1.2812 acc_train: 0.9643 loss_val: -1.1896 acc_val: 0.7640 time: 0.3080s
Epoch: 0177 loss_train: -1.2873 acc_train: 0.9643 loss_val: -1.1954 acc_val: 0.7640 time: 0.3560s
Epoch: 0178 loss_train: -1.2934 acc_train: 0.9643 loss_val: -1.2013 acc_val: 0.7640 time: 0.3760s
Epoch: 0179 loss_train: -1.2995 acc_train: 0.9643 loss_val: -1.2071 acc_val: 0.7640 time: 0.3260s
Epoch: 0180 loss_train: -1.3056 acc_train: 0.9643 loss_val: -1.2129 acc_val: 0.7640 time: 0.3350s
Epoch: 0181 loss_train: -1.3117 acc_train: 0.9643 loss_val: -1.2187 acc_val: 0.7640 time: 0.3400s
Epoch: 0182 loss_train: -1.3178 acc_train: 0.9643 loss_val: -1.2245 acc_val: 0.7640 time: 0.3730s
Epoch: 0183 loss_train: -1.3239 acc_train: 0.9643 loss_val: -1.2303 acc_val: 0.7660 time: 0.3460s
Epoch: 0184 loss_train: -1.3300 acc_train: 0.9643 loss_val: -1.2361 acc_val: 0.7660 time: 0.3360s
Epoch: 0185 loss_train: -1.3360 acc_train: 0.9643 loss_val: -1.2419 acc_val: 0.7660 time: 0.3480s
Epoch: 0186 loss_train: -1.3421 acc_train: 0.9643 loss_val: -1.2477 acc_val: 0.7640 time: 0.3990s
Epoch: 0187 loss_train: -1.3481 acc_train: 0.9643 loss_val: -1.2535 acc_val: 0.7660 time: 0.3080s
Epoch: 0188 loss_train: -1.3542 acc_train: 0.9643 loss_val: -1.2593 acc_val: 0.7660 time: 0.3710s
Epoch: 0189 loss_train: -1.3603 acc_train: 0.9643 loss_val: -1.2651 acc_val: 0.7660 time: 0.3110s
Epoch: 0190 loss_train: -1.3663 acc_train: 0.9643 loss_val: -1.2709 acc_val: 0.7680 time: 0.3450s
Epoch: 0191 loss_train: -1.3723 acc_train: 0.9643 loss_val: -1.2767 acc_val: 0.7680 time: 0.3830s
Epoch: 0192 loss_train: -1.3784 acc_train: 0.9643 loss_val: -1.2824 acc_val: 0.7680 time: 0.3410s
Epoch: 0193 loss_train: -1.3844 acc_train: 0.9643 loss_val: -1.2882 acc_val: 0.7680 time: 0.3670s
Epoch: 0194 loss_train: -1.3904 acc_train: 0.9643 loss_val: -1.2940 acc_val: 0.7680 time: 0.4020s
Epoch: 0195 loss_train: -1.3964 acc_train: 0.9643 loss_val: -1.2997 acc_val: 0.7680 time: 0.3520s
Epoch: 0196 loss_train: -1.4024 acc_train: 0.9643 loss_val: -1.3055 acc_val: 0.7680 time: 0.3600s
Epoch: 0197 loss_train: -1.4084 acc_train: 0.9643 loss_val: -1.3112 acc_val: 0.7680 time: 0.3360s
Epoch: 0198 loss_train: -1.4145 acc_train: 0.9643 loss_val: -1.3170 acc_val: 0.7680 time: 0.3530s
Epoch: 0199 loss_train: -1.4204 acc_train: 0.9643 loss_val: -1.3227 acc_val: 0.7680 time: 0.3420s
Epoch: 0200 loss_train: -1.4264 acc_train: 0.9643 loss_val: -1.3285 acc_val: 0.7680 time: 0.3120s
Epoch: 0201 loss_train: -1.4324 acc_train: 0.9643 loss_val: -1.3342 acc_val: 0.7680 time: 0.3080s
Epoch: 0202 loss_train: -1.4384 acc_train: 0.9643 loss_val: -1.3399 acc_val: 0.7680 time: 0.2920s
Epoch: 0203 loss_train: -1.4444 acc_train: 0.9643 loss_val: -1.3457 acc_val: 0.7680 time: 0.3380s
Epoch: 0204 loss_train: -1.4504 acc_train: 0.9643 loss_val: -1.3514 acc_val: 0.7680 time: 0.3140s
Epoch: 0205 loss_train: -1.4563 acc_train: 0.9643 loss_val: -1.3571 acc_val: 0.7680 time: 0.3150s
Epoch: 0206 loss_train: -1.4623 acc_train: 0.9643 loss_val: -1.3628 acc_val: 0.7680 time: 0.3640s
Epoch: 0207 loss_train: -1.4683 acc_train: 0.9643 loss_val: -1.3686 acc_val: 0.7680 time: 0.3652s
Epoch: 0208 loss_train: -1.4742 acc_train: 0.9643 loss_val: -1.3743 acc_val: 0.7680 time: 0.3730s
Epoch: 0209 loss_train: -1.4802 acc_train: 0.9643 loss_val: -1.3800 acc_val: 0.7680 time: 0.3400s
Epoch: 0210 loss_train: -1.4861 acc_train: 0.9643 loss_val: -1.3857 acc_val: 0.7680 time: 0.3560s
Epoch: 0211 loss_train: -1.4921 acc_train: 0.9643 loss_val: -1.3914 acc_val: 0.7680 time: 0.3500s
Epoch: 0212 loss_train: -1.4980 acc_train: 0.9643 loss_val: -1.3971 acc_val: 0.7680 time: 0.3780s
Epoch: 0213 loss_train: -1.5039 acc_train: 0.9643 loss_val: -1.4028 acc_val: 0.7680 time: 0.3210s
Epoch: 0214 loss_train: -1.5099 acc_train: 0.9643 loss_val: -1.4085 acc_val: 0.7700 time: 0.3570s
Epoch: 0215 loss_train: -1.5158 acc_train: 0.9643 loss_val: -1.4142 acc_val: 0.7700 time: 0.3850s
Epoch: 0216 loss_train: -1.5217 acc_train: 0.9643 loss_val: -1.4199 acc_val: 0.7700 time: 0.3360s
Epoch: 0217 loss_train: -1.5276 acc_train: 0.9643 loss_val: -1.4256 acc_val: 0.7700 time: 0.3840s
Epoch: 0218 loss_train: -1.5335 acc_train: 0.9643 loss_val: -1.4312 acc_val: 0.7700 time: 0.3650s
Epoch: 0219 loss_train: -1.5394 acc_train: 0.9643 loss_val: -1.4369 acc_val: 0.7700 time: 0.4070s
Epoch: 0220 loss_train: -1.5453 acc_train: 0.9643 loss_val: -1.4426 acc_val: 0.7700 time: 0.3860s
Epoch: 0221 loss_train: -1.5512 acc_train: 0.9643 loss_val: -1.4483 acc_val: 0.7700 time: 0.4120s
Epoch: 0222 loss_train: -1.5571 acc_train: 0.9643 loss_val: -1.4539 acc_val: 0.7700 time: 0.4030s
Epoch: 0223 loss_train: -1.5630 acc_train: 0.9643 loss_val: -1.4596 acc_val: 0.7700 time: 0.2890s
Epoch: 0224 loss_train: -1.5689 acc_train: 0.9643 loss_val: -1.4653 acc_val: 0.7700 time: 0.3360s
Epoch: 0225 loss_train: -1.5748 acc_train: 0.9643 loss_val: -1.4709 acc_val: 0.7700 time: 0.3780s
Epoch: 0226 loss_train: -1.5807 acc_train: 0.9643 loss_val: -1.4766 acc_val: 0.7680 time: 0.3368s
Epoch: 0227 loss_train: -1.5865 acc_train: 0.9643 loss_val: -1.4823 acc_val: 0.7660 time: 0.3400s
Epoch: 0228 loss_train: -1.5924 acc_train: 0.9643 loss_val: -1.4879 acc_val: 0.7660 time: 0.3360s
Epoch: 0229 loss_train: -1.5983 acc_train: 0.9643 loss_val: -1.4936 acc_val: 0.7660 time: 0.3610s
Epoch: 0230 loss_train: -1.6041 acc_train: 0.9643 loss_val: -1.4992 acc_val: 0.7660 time: 0.3720s
Epoch: 0231 loss_train: -1.6100 acc_train: 0.9643 loss_val: -1.5048 acc_val: 0.7660 time: 0.3830s
Epoch: 0232 loss_train: -1.6159 acc_train: 0.9643 loss_val: -1.5105 acc_val: 0.7680 time: 0.3110s
Epoch: 0233 loss_train: -1.6217 acc_train: 0.9643 loss_val: -1.5161 acc_val: 0.7680 time: 0.3960s
Epoch: 0234 loss_train: -1.6276 acc_train: 0.9643 loss_val: -1.5218 acc_val: 0.7680 time: 0.3330s
Epoch: 0235 loss_train: -1.6334 acc_train: 0.9643 loss_val: -1.5274 acc_val: 0.7680 time: 0.3460s
Epoch: 0236 loss_train: -1.6392 acc_train: 0.9643 loss_val: -1.5330 acc_val: 0.7680 time: 0.4110s
Epoch: 0237 loss_train: -1.6451 acc_train: 0.9643 loss_val: -1.5387 acc_val: 0.7680 time: 0.3760s
Epoch: 0238 loss_train: -1.6509 acc_train: 0.9643 loss_val: -1.5443 acc_val: 0.7680 time: 0.3380s
Epoch: 0239 loss_train: -1.6567 acc_train: 0.9643 loss_val: -1.5499 acc_val: 0.7660 time: 0.4140s
Epoch: 0240 loss_train: -1.6626 acc_train: 0.9643 loss_val: -1.5555 acc_val: 0.7680 time: 0.3880s
Epoch: 0241 loss_train: -1.6684 acc_train: 0.9643 loss_val: -1.5611 acc_val: 0.7680 time: 0.3940s
Epoch: 0242 loss_train: -1.6742 acc_train: 0.9643 loss_val: -1.5668 acc_val: 0.7680 time: 0.3350s
Epoch: 0243 loss_train: -1.6800 acc_train: 0.9643 loss_val: -1.5724 acc_val: 0.7680 time: 0.3590s
Epoch: 0244 loss_train: -1.6858 acc_train: 0.9643 loss_val: -1.5780 acc_val: 0.7680 time: 0.4070s
Epoch: 0245 loss_train: -1.6916 acc_train: 0.9643 loss_val: -1.5836 acc_val: 0.7680 time: 0.4510s
Epoch: 0246 loss_train: -1.6975 acc_train: 0.9643 loss_val: -1.5892 acc_val: 0.7680 time: 0.5020s
Epoch: 0247 loss_train: -1.7033 acc_train: 0.9643 loss_val: -1.5948 acc_val: 0.7700 time: 0.3750s
Epoch: 0248 loss_train: -1.7090 acc_train: 0.9643 loss_val: -1.6004 acc_val: 0.7700 time: 0.3400s
Epoch: 0249 loss_train: -1.7148 acc_train: 0.9643 loss_val: -1.6060 acc_val: 0.7700 time: 0.3780s
Epoch: 0250 loss_train: -1.7206 acc_train: 0.9643 loss_val: -1.6116 acc_val: 0.7700 time: 0.3600s
Epoch: 0251 loss_train: -1.7264 acc_train: 0.9643 loss_val: -1.6172 acc_val: 0.7700 time: 0.3410s
Epoch: 0252 loss_train: -1.7322 acc_train: 0.9643 loss_val: -1.6228 acc_val: 0.7700 time: 0.3470s
Epoch: 0253 loss_train: -1.7380 acc_train: 0.9643 loss_val: -1.6283 acc_val: 0.7700 time: 0.3500s
Epoch: 0254 loss_train: -1.7438 acc_train: 0.9643 loss_val: -1.6339 acc_val: 0.7720 time: 0.3540s
Epoch: 0255 loss_train: -1.7495 acc_train: 0.9643 loss_val: -1.6395 acc_val: 0.7720 time: 0.3780s
Epoch: 0256 loss_train: -1.7553 acc_train: 0.9643 loss_val: -1.6451 acc_val: 0.7720 time: 0.4280s
Epoch: 0257 loss_train: -1.7611 acc_train: 0.9643 loss_val: -1.6507 acc_val: 0.7720 time: 0.4530s
Epoch: 0258 loss_train: -1.7668 acc_train: 0.9643 loss_val: -1.6562 acc_val: 0.7720 time: 0.3900s
Epoch: 0259 loss_train: -1.7726 acc_train: 0.9643 loss_val: -1.6618 acc_val: 0.7720 time: 0.4080s
Epoch: 0260 loss_train: -1.7784 acc_train: 0.9643 loss_val: -1.6674 acc_val: 0.7720 time: 0.4050s
Epoch: 0261 loss_train: -1.7841 acc_train: 0.9643 loss_val: -1.6729 acc_val: 0.7720 time: 0.4430s
Epoch: 0262 loss_train: -1.7899 acc_train: 0.9643 loss_val: -1.6785 acc_val: 0.7720 time: 0.4780s
Epoch: 0263 loss_train: -1.7956 acc_train: 0.9643 loss_val: -1.6841 acc_val: 0.7720 time: 0.3610s
Epoch: 0264 loss_train: -1.8014 acc_train: 0.9643 loss_val: -1.6896 acc_val: 0.7720 time: 0.4500s
Epoch: 0265 loss_train: -1.8071 acc_train: 0.9643 loss_val: -1.6952 acc_val: 0.7720 time: 0.3970s
Epoch: 0266 loss_train: -1.8129 acc_train: 0.9643 loss_val: -1.7008 acc_val: 0.7720 time: 0.4040s
Epoch: 0267 loss_train: -1.8186 acc_train: 0.9643 loss_val: -1.7063 acc_val: 0.7720 time: 0.3640s
Epoch: 0268 loss_train: -1.8243 acc_train: 0.9643 loss_val: -1.7119 acc_val: 0.7720 time: 0.3850s
Epoch: 0269 loss_train: -1.8301 acc_train: 0.9643 loss_val: -1.7174 acc_val: 0.7720 time: 0.4220s
Epoch: 0270 loss_train: -1.8358 acc_train: 0.9643 loss_val: -1.7230 acc_val: 0.7700 time: 0.4090s
Epoch: 0271 loss_train: -1.8415 acc_train: 0.9643 loss_val: -1.7285 acc_val: 0.7700 time: 0.3960s
Epoch: 0272 loss_train: -1.8472 acc_train: 0.9643 loss_val: -1.7340 acc_val: 0.7700 time: 0.3960s
Epoch: 0273 loss_train: -1.8529 acc_train: 0.9643 loss_val: -1.7396 acc_val: 0.7700 time: 0.3500s
Epoch: 0274 loss_train: -1.8587 acc_train: 0.9643 loss_val: -1.7451 acc_val: 0.7700 time: 0.4210s
Epoch: 0275 loss_train: -1.8644 acc_train: 0.9643 loss_val: -1.7507 acc_val: 0.7700 time: 0.4520s
Epoch: 0276 loss_train: -1.8701 acc_train: 0.9643 loss_val: -1.7562 acc_val: 0.7700 time: 0.4370s
Epoch: 0277 loss_train: -1.8758 acc_train: 0.9643 loss_val: -1.7617 acc_val: 0.7700 time: 0.3590s
Epoch: 0278 loss_train: -1.8815 acc_train: 0.9643 loss_val: -1.7673 acc_val: 0.7700 time: 0.3890s
Epoch: 0279 loss_train: -1.8872 acc_train: 0.9643 loss_val: -1.7728 acc_val: 0.7700 time: 0.4640s
Epoch: 0280 loss_train: -1.8929 acc_train: 0.9643 loss_val: -1.7783 acc_val: 0.7680 time: 0.4116s
Epoch: 0281 loss_train: -1.8986 acc_train: 0.9643 loss_val: -1.7838 acc_val: 0.7680 time: 0.3720s
Epoch: 0282 loss_train: -1.9043 acc_train: 0.9643 loss_val: -1.7894 acc_val: 0.7680 time: 0.3971s
Epoch: 0283 loss_train: -1.9100 acc_train: 0.9643 loss_val: -1.7949 acc_val: 0.7680 time: 0.4120s
Epoch: 0284 loss_train: -1.9157 acc_train: 0.9643 loss_val: -1.8004 acc_val: 0.7680 time: 0.3880s
Epoch: 0285 loss_train: -1.9214 acc_train: 0.9643 loss_val: -1.8059 acc_val: 0.7660 time: 0.3865s
Epoch: 0286 loss_train: -1.9270 acc_train: 0.9643 loss_val: -1.8114 acc_val: 0.7660 time: 0.3940s
Epoch: 0287 loss_train: -1.9327 acc_train: 0.9643 loss_val: -1.8169 acc_val: 0.7660 time: 0.3820s
Epoch: 0288 loss_train: -1.9384 acc_train: 0.9643 loss_val: -1.8224 acc_val: 0.7660 time: 0.3460s
Epoch: 0289 loss_train: -1.9441 acc_train: 0.9643 loss_val: -1.8280 acc_val: 0.7660 time: 0.3610s
Epoch: 0290 loss_train: -1.9497 acc_train: 0.9643 loss_val: -1.8335 acc_val: 0.7660 time: 0.4100s
Epoch: 0291 loss_train: -1.9554 acc_train: 0.9643 loss_val: -1.8390 acc_val: 0.7660 time: 0.4440s
Epoch: 0292 loss_train: -1.9611 acc_train: 0.9643 loss_val: -1.8445 acc_val: 0.7660 time: 0.3710s
Epoch: 0293 loss_train: -1.9667 acc_train: 0.9643 loss_val: -1.8500 acc_val: 0.7660 time: 0.4130s
Epoch: 0294 loss_train: -1.9724 acc_train: 0.9643 loss_val: -1.8555 acc_val: 0.7660 time: 0.4250s
Epoch: 0295 loss_train: -1.9781 acc_train: 0.9643 loss_val: -1.8610 acc_val: 0.7660 time: 0.3880s
Epoch: 0296 loss_train: -1.9837 acc_train: 0.9643 loss_val: -1.8665 acc_val: 0.7660 time: 0.3880s
Epoch: 0297 loss_train: -1.9894 acc_train: 0.9643 loss_val: -1.8720 acc_val: 0.7660 time: 0.4210s
Epoch: 0298 loss_train: -1.9950 acc_train: 0.9643 loss_val: -1.8774 acc_val: 0.7640 time: 0.3560s
Epoch: 0299 loss_train: -2.0007 acc_train: 0.9643 loss_val: -1.8829 acc_val: 0.7620 time: 0.3670s
Epoch: 0300 loss_train: -2.0063 acc_train: 0.9643 loss_val: -1.8884 acc_val: 0.7620 time: 0.3570s
Epoch: 0301 loss_train: -2.0120 acc_train: 0.9643 loss_val: -1.8939 acc_val: 0.7620 time: 0.3890s
Epoch: 0302 loss_train: -2.0176 acc_train: 0.9643 loss_val: -1.8994 acc_val: 0.7640 time: 0.4670s
Epoch: 0303 loss_train: -2.0232 acc_train: 0.9643 loss_val: -1.9049 acc_val: 0.7640 time: 0.3610s
Epoch: 0304 loss_train: -2.0289 acc_train: 0.9643 loss_val: -1.9104 acc_val: 0.7640 time: 0.4030s
Epoch: 0305 loss_train: -2.0345 acc_train: 0.9643 loss_val: -1.9158 acc_val: 0.7640 time: 0.3580s
Epoch: 0306 loss_train: -2.0401 acc_train: 0.9643 loss_val: -1.9213 acc_val: 0.7640 time: 0.4310s
Epoch: 0307 loss_train: -2.0458 acc_train: 0.9643 loss_val: -1.9268 acc_val: 0.7640 time: 0.5190s
Epoch: 0308 loss_train: -2.0514 acc_train: 0.9643 loss_val: -1.9323 acc_val: 0.7640 time: 0.4270s
Epoch: 0309 loss_train: -2.0570 acc_train: 0.9643 loss_val: -1.9377 acc_val: 0.7640 time: 0.4270s
Epoch: 0310 loss_train: -2.0626 acc_train: 0.9643 loss_val: -1.9432 acc_val: 0.7640 time: 0.4270s
Epoch: 0311 loss_train: -2.0683 acc_train: 0.9643 loss_val: -1.9487 acc_val: 0.7640 time: 0.4560s
Epoch: 0312 loss_train: -2.0739 acc_train: 0.9643 loss_val: -1.9541 acc_val: 0.7640 time: 0.3790s
Epoch: 0313 loss_train: -2.0795 acc_train: 0.9643 loss_val: -1.9596 acc_val: 0.7640 time: 0.3910s
Epoch: 0314 loss_train: -2.0851 acc_train: 0.9643 loss_val: -1.9651 acc_val: 0.7640 time: 0.4560s
Epoch: 0315 loss_train: -2.0907 acc_train: 0.9643 loss_val: -1.9705 acc_val: 0.7640 time: 0.3950s
Epoch: 0316 loss_train: -2.0963 acc_train: 0.9643 loss_val: -1.9760 acc_val: 0.7640 time: 0.4220s
Epoch: 0317 loss_train: -2.1019 acc_train: 0.9643 loss_val: -1.9814 acc_val: 0.7640 time: 0.3240s
Epoch: 0318 loss_train: -2.1075 acc_train: 0.9643 loss_val: -1.9869 acc_val: 0.7640 time: 0.3440s
Epoch: 0319 loss_train: -2.1131 acc_train: 0.9643 loss_val: -1.9924 acc_val: 0.7640 time: 0.3870s
Epoch: 0320 loss_train: -2.1187 acc_train: 0.9643 loss_val: -1.9978 acc_val: 0.7640 time: 0.3400s
Epoch: 0321 loss_train: -2.1243 acc_train: 0.9643 loss_val: -2.0033 acc_val: 0.7640 time: 0.3890s
Epoch: 0322 loss_train: -2.1299 acc_train: 0.9643 loss_val: -2.0087 acc_val: 0.7640 time: 0.3990s
Epoch: 0323 loss_train: -2.1355 acc_train: 0.9643 loss_val: -2.0142 acc_val: 0.7640 time: 0.3480s
Epoch: 0324 loss_train: -2.1411 acc_train: 0.9643 loss_val: -2.0196 acc_val: 0.7640 time: 0.3990s
Epoch: 0325 loss_train: -2.1467 acc_train: 0.9643 loss_val: -2.0250 acc_val: 0.7640 time: 0.4290s
Epoch: 0326 loss_train: -2.1523 acc_train: 0.9643 loss_val: -2.0305 acc_val: 0.7640 time: 0.4340s
Epoch: 0327 loss_train: -2.1579 acc_train: 0.9643 loss_val: -2.0359 acc_val: 0.7640 time: 0.3780s
Epoch: 0328 loss_train: -2.1635 acc_train: 0.9643 loss_val: -2.0414 acc_val: 0.7640 time: 0.4430s
Epoch: 0329 loss_train: -2.1690 acc_train: 0.9643 loss_val: -2.0468 acc_val: 0.7660 time: 0.3810s
Epoch: 0330 loss_train: -2.1746 acc_train: 0.9643 loss_val: -2.0523 acc_val: 0.7660 time: 0.3710s
Epoch: 0331 loss_train: -2.1802 acc_train: 0.9643 loss_val: -2.0577 acc_val: 0.7660 time: 0.3910s
Epoch: 0332 loss_train: -2.1858 acc_train: 0.9643 loss_val: -2.0631 acc_val: 0.7660 time: 0.3700s
Epoch: 0333 loss_train: -2.1913 acc_train: 0.9643 loss_val: -2.0686 acc_val: 0.7660 time: 0.3790s
Epoch: 0334 loss_train: -2.1969 acc_train: 0.9643 loss_val: -2.0740 acc_val: 0.7660 time: 0.3890s
Epoch: 0335 loss_train: -2.2025 acc_train: 0.9643 loss_val: -2.0794 acc_val: 0.7660 time: 0.3430s
Epoch: 0336 loss_train: -2.2080 acc_train: 0.9643 loss_val: -2.0848 acc_val: 0.7660 time: 0.3950s
Epoch: 0337 loss_train: -2.2136 acc_train: 0.9643 loss_val: -2.0903 acc_val: 0.7660 time: 0.3890s
Epoch: 0338 loss_train: -2.2192 acc_train: 0.9643 loss_val: -2.0957 acc_val: 0.7660 time: 0.3850s
Epoch: 0339 loss_train: -2.2247 acc_train: 0.9643 loss_val: -2.1011 acc_val: 0.7660 time: 0.3740s
Epoch: 0340 loss_train: -2.2303 acc_train: 0.9643 loss_val: -2.1065 acc_val: 0.7660 time: 0.4100s
Epoch: 0341 loss_train: -2.2358 acc_train: 0.9643 loss_val: -2.1120 acc_val: 0.7660 time: 0.3980s
Epoch: 0342 loss_train: -2.2414 acc_train: 0.9643 loss_val: -2.1174 acc_val: 0.7660 time: 0.3860s
Epoch: 0343 loss_train: -2.2469 acc_train: 0.9643 loss_val: -2.1228 acc_val: 0.7660 time: 0.3880s
Epoch: 0344 loss_train: -2.2525 acc_train: 0.9643 loss_val: -2.1282 acc_val: 0.7660 time: 0.4140s
Epoch: 0345 loss_train: -2.2580 acc_train: 0.9643 loss_val: -2.1336 acc_val: 0.7660 time: 0.4140s
Epoch: 0346 loss_train: -2.2636 acc_train: 0.9643 loss_val: -2.1390 acc_val: 0.7660 time: 0.4830s
Epoch: 0347 loss_train: -2.2691 acc_train: 0.9643 loss_val: -2.1445 acc_val: 0.7640 time: 0.3884s
Epoch: 0348 loss_train: -2.2747 acc_train: 0.9643 loss_val: -2.1499 acc_val: 0.7640 time: 0.3840s
Epoch: 0349 loss_train: -2.2802 acc_train: 0.9571 loss_val: -2.1553 acc_val: 0.7640 time: 0.3870s
Epoch: 0350 loss_train: -2.2857 acc_train: 0.9571 loss_val: -2.1607 acc_val: 0.7640 time: 0.3800s
Epoch: 0351 loss_train: -2.2913 acc_train: 0.9571 loss_val: -2.1661 acc_val: 0.7640 time: 0.3820s
Epoch: 0352 loss_train: -2.2968 acc_train: 0.9571 loss_val: -2.1715 acc_val: 0.7640 time: 0.4200s
Epoch: 0353 loss_train: -2.3023 acc_train: 0.9571 loss_val: -2.1769 acc_val: 0.7640 time: 0.4330s
Epoch: 0354 loss_train: -2.3079 acc_train: 0.9571 loss_val: -2.1823 acc_val: 0.7640 time: 0.4110s
Epoch: 0355 loss_train: -2.3134 acc_train: 0.9571 loss_val: -2.1877 acc_val: 0.7620 time: 0.3550s
Epoch: 0356 loss_train: -2.3189 acc_train: 0.9571 loss_val: -2.1931 acc_val: 0.7620 time: 0.3690s
Epoch: 0357 loss_train: -2.3244 acc_train: 0.9571 loss_val: -2.1985 acc_val: 0.7620 time: 0.4380s
Epoch: 0358 loss_train: -2.3300 acc_train: 0.9571 loss_val: -2.2039 acc_val: 0.7620 time: 0.3420s
Epoch: 0359 loss_train: -2.3355 acc_train: 0.9571 loss_val: -2.2093 acc_val: 0.7620 time: 0.3710s
Epoch: 0360 loss_train: -2.3410 acc_train: 0.9571 loss_val: -2.2147 acc_val: 0.7620 time: 0.3570s
Epoch: 0361 loss_train: -2.3465 acc_train: 0.9571 loss_val: -2.2201 acc_val: 0.7620 time: 0.4160s
Epoch: 0362 loss_train: -2.3520 acc_train: 0.9571 loss_val: -2.2255 acc_val: 0.7620 time: 0.4240s
Epoch: 0363 loss_train: -2.3576 acc_train: 0.9571 loss_val: -2.2309 acc_val: 0.7620 time: 0.3510s
Epoch: 0364 loss_train: -2.3631 acc_train: 0.9571 loss_val: -2.2363 acc_val: 0.7620 time: 0.4430s
Epoch: 0365 loss_train: -2.3686 acc_train: 0.9571 loss_val: -2.2416 acc_val: 0.7620 time: 0.3870s
Epoch: 0366 loss_train: -2.3741 acc_train: 0.9571 loss_val: -2.2470 acc_val: 0.7620 time: 0.3580s
Epoch: 0367 loss_train: -2.3796 acc_train: 0.9571 loss_val: -2.2524 acc_val: 0.7620 time: 0.3770s
Epoch: 0368 loss_train: -2.3851 acc_train: 0.9571 loss_val: -2.2578 acc_val: 0.7620 time: 0.3720s
Epoch: 0369 loss_train: -2.3906 acc_train: 0.9571 loss_val: -2.2632 acc_val: 0.7620 time: 0.3830s
Epoch: 0370 loss_train: -2.3961 acc_train: 0.9571 loss_val: -2.2686 acc_val: 0.7620 time: 0.4290s
Epoch: 0371 loss_train: -2.4016 acc_train: 0.9571 loss_val: -2.2739 acc_val: 0.7620 time: 0.3580s
Epoch: 0372 loss_train: -2.4071 acc_train: 0.9571 loss_val: -2.2793 acc_val: 0.7620 time: 0.4140s
Epoch: 0373 loss_train: -2.4126 acc_train: 0.9571 loss_val: -2.2847 acc_val: 0.7600 time: 0.4270s
Epoch: 0374 loss_train: -2.4181 acc_train: 0.9571 loss_val: -2.2901 acc_val: 0.7600 time: 0.3820s
Epoch: 0375 loss_train: -2.4236 acc_train: 0.9571 loss_val: -2.2954 acc_val: 0.7600 time: 0.4210s
Epoch: 0376 loss_train: -2.4291 acc_train: 0.9571 loss_val: -2.3008 acc_val: 0.7600 time: 0.4160s
Epoch: 0377 loss_train: -2.4346 acc_train: 0.9571 loss_val: -2.3062 acc_val: 0.7600 time: 0.4050s
Epoch: 0378 loss_train: -2.4401 acc_train: 0.9571 loss_val: -2.3116 acc_val: 0.7600 time: 0.3710s
Epoch: 0379 loss_train: -2.4455 acc_train: 0.9571 loss_val: -2.3169 acc_val: 0.7600 time: 0.4660s
Epoch: 0380 loss_train: -2.4510 acc_train: 0.9571 loss_val: -2.3223 acc_val: 0.7600 time: 0.3860s
Epoch: 0381 loss_train: -2.4565 acc_train: 0.9500 loss_val: -2.3277 acc_val: 0.7600 time: 0.4050s
Epoch: 0382 loss_train: -2.4620 acc_train: 0.9500 loss_val: -2.3330 acc_val: 0.7600 time: 0.4130s
Epoch: 0383 loss_train: -2.4675 acc_train: 0.9500 loss_val: -2.3384 acc_val: 0.7600 time: 0.3880s
Epoch: 0384 loss_train: -2.4729 acc_train: 0.9500 loss_val: -2.3438 acc_val: 0.7600 time: 0.3910s
Epoch: 0385 loss_train: -2.4784 acc_train: 0.9500 loss_val: -2.3491 acc_val: 0.7600 time: 0.3380s
Epoch: 0386 loss_train: -2.4839 acc_train: 0.9500 loss_val: -2.3545 acc_val: 0.7600 time: 0.3710s
Epoch: 0387 loss_train: -2.4894 acc_train: 0.9500 loss_val: -2.3598 acc_val: 0.7600 time: 0.4280s
Epoch: 0388 loss_train: -2.4948 acc_train: 0.9500 loss_val: -2.3652 acc_val: 0.7620 time: 0.3620s
Epoch: 0389 loss_train: -2.5003 acc_train: 0.9500 loss_val: -2.3706 acc_val: 0.7620 time: 0.4170s
Epoch: 0390 loss_train: -2.5058 acc_train: 0.9500 loss_val: -2.3759 acc_val: 0.7620 time: 0.3810s
Epoch: 0391 loss_train: -2.5112 acc_train: 0.9500 loss_val: -2.3813 acc_val: 0.7620 time: 0.4180s
Epoch: 0392 loss_train: -2.5167 acc_train: 0.9500 loss_val: -2.3866 acc_val: 0.7620 time: 0.4190s
Epoch: 0393 loss_train: -2.5222 acc_train: 0.9500 loss_val: -2.3920 acc_val: 0.7620 time: 0.4540s
Epoch: 0394 loss_train: -2.5276 acc_train: 0.9500 loss_val: -2.3973 acc_val: 0.7620 time: 0.3840s
Epoch: 0395 loss_train: -2.5331 acc_train: 0.9500 loss_val: -2.4027 acc_val: 0.7620 time: 0.4074s
Epoch: 0396 loss_train: -2.5386 acc_train: 0.9500 loss_val: -2.4080 acc_val: 0.7620 time: 0.3780s
Epoch: 0397 loss_train: -2.5440 acc_train: 0.9500 loss_val: -2.4134 acc_val: 0.7620 time: 0.3690s
Epoch: 0398 loss_train: -2.5495 acc_train: 0.9500 loss_val: -2.4187 acc_val: 0.7620 time: 0.4460s
Epoch: 0399 loss_train: -2.5549 acc_train: 0.9500 loss_val: -2.4241 acc_val: 0.7620 time: 0.5280s
Epoch: 0400 loss_train: -2.5604 acc_train: 0.9500 loss_val: -2.4294 acc_val: 0.7620 time: 0.3790s
Epoch: 0401 loss_train: -2.5658 acc_train: 0.9500 loss_val: -2.4348 acc_val: 0.7620 time: 0.3630s
Epoch: 0402 loss_train: -2.5713 acc_train: 0.9500 loss_val: -2.4401 acc_val: 0.7620 time: 0.3980s
Epoch: 0403 loss_train: -2.5767 acc_train: 0.9500 loss_val: -2.4455 acc_val: 0.7620 time: 0.3610s
Epoch: 0404 loss_train: -2.5822 acc_train: 0.9500 loss_val: -2.4508 acc_val: 0.7640 time: 0.3670s
Epoch: 0405 loss_train: -2.5876 acc_train: 0.9500 loss_val: -2.4561 acc_val: 0.7640 time: 0.3310s
Epoch: 0406 loss_train: -2.5931 acc_train: 0.9500 loss_val: -2.4615 acc_val: 0.7640 time: 0.4160s
Epoch: 0407 loss_train: -2.5985 acc_train: 0.9500 loss_val: -2.4668 acc_val: 0.7640 time: 0.3540s
Epoch: 0408 loss_train: -2.6039 acc_train: 0.9500 loss_val: -2.4722 acc_val: 0.7640 time: 0.3400s
Epoch: 0409 loss_train: -2.6094 acc_train: 0.9500 loss_val: -2.4775 acc_val: 0.7640 time: 0.3530s
Epoch: 0410 loss_train: -2.6148 acc_train: 0.9500 loss_val: -2.4828 acc_val: 0.7640 time: 0.4130s
Epoch: 0411 loss_train: -2.6203 acc_train: 0.9500 loss_val: -2.4882 acc_val: 0.7640 time: 0.3330s
Epoch: 0412 loss_train: -2.6257 acc_train: 0.9500 loss_val: -2.4935 acc_val: 0.7640 time: 0.3940s
Epoch: 0413 loss_train: -2.6311 acc_train: 0.9500 loss_val: -2.4988 acc_val: 0.7640 time: 0.4510s
Epoch: 0414 loss_train: -2.6366 acc_train: 0.9500 loss_val: -2.5042 acc_val: 0.7640 time: 0.3430s
Epoch: 0415 loss_train: -2.6420 acc_train: 0.9500 loss_val: -2.5095 acc_val: 0.7640 time: 0.4030s
Epoch: 0416 loss_train: -2.6474 acc_train: 0.9500 loss_val: -2.5148 acc_val: 0.7640 time: 0.3940s
Epoch: 0417 loss_train: -2.6528 acc_train: 0.9500 loss_val: -2.5201 acc_val: 0.7640 time: 0.3470s
Epoch: 0418 loss_train: -2.6583 acc_train: 0.9500 loss_val: -2.5255 acc_val: 0.7640 time: 0.3990s
Epoch: 0419 loss_train: -2.6637 acc_train: 0.9500 loss_val: -2.5308 acc_val: 0.7640 time: 0.3550s
Epoch: 0420 loss_train: -2.6691 acc_train: 0.9500 loss_val: -2.5361 acc_val: 0.7640 time: 0.3190s
Epoch: 0421 loss_train: -2.6745 acc_train: 0.9500 loss_val: -2.5414 acc_val: 0.7640 time: 0.3630s
Epoch: 0422 loss_train: -2.6800 acc_train: 0.9500 loss_val: -2.5468 acc_val: 0.7640 time: 0.3930s
Epoch: 0423 loss_train: -2.6854 acc_train: 0.9500 loss_val: -2.5521 acc_val: 0.7640 time: 0.4160s
Epoch: 0424 loss_train: -2.6908 acc_train: 0.9500 loss_val: -2.5574 acc_val: 0.7640 time: 0.4360s
Epoch: 0425 loss_train: -2.6962 acc_train: 0.9500 loss_val: -2.5627 acc_val: 0.7640 time: 0.3440s
Epoch: 0426 loss_train: -2.7016 acc_train: 0.9500 loss_val: -2.5680 acc_val: 0.7640 time: 0.4700s
Epoch: 0427 loss_train: -2.7071 acc_train: 0.9500 loss_val: -2.5734 acc_val: 0.7640 time: 0.4470s
Epoch: 0428 loss_train: -2.7125 acc_train: 0.9500 loss_val: -2.5787 acc_val: 0.7640 time: 0.4630s
Epoch: 0429 loss_train: -2.7179 acc_train: 0.9500 loss_val: -2.5840 acc_val: 0.7640 time: 0.3700s
Epoch: 0430 loss_train: -2.7233 acc_train: 0.9500 loss_val: -2.5893 acc_val: 0.7640 time: 0.4040s
Epoch: 0431 loss_train: -2.7287 acc_train: 0.9500 loss_val: -2.5946 acc_val: 0.7640 time: 0.4730s
Epoch: 0432 loss_train: -2.7341 acc_train: 0.9500 loss_val: -2.5999 acc_val: 0.7640 time: 0.4870s
Epoch: 0433 loss_train: -2.7395 acc_train: 0.9500 loss_val: -2.6052 acc_val: 0.7640 time: 0.4690s
Epoch: 0434 loss_train: -2.7449 acc_train: 0.9500 loss_val: -2.6105 acc_val: 0.7640 time: 0.3810s
Epoch: 0435 loss_train: -2.7503 acc_train: 0.9500 loss_val: -2.6159 acc_val: 0.7640 time: 0.3920s
Epoch: 0436 loss_train: -2.7557 acc_train: 0.9500 loss_val: -2.6212 acc_val: 0.7640 time: 0.3830s
Epoch: 0437 loss_train: -2.7611 acc_train: 0.9500 loss_val: -2.6265 acc_val: 0.7640 time: 0.3910s
Epoch: 0438 loss_train: -2.7665 acc_train: 0.9500 loss_val: -2.6318 acc_val: 0.7640 time: 0.3410s
Epoch: 0439 loss_train: -2.7719 acc_train: 0.9500 loss_val: -2.6371 acc_val: 0.7640 time: 0.4120s
Epoch: 0440 loss_train: -2.7773 acc_train: 0.9500 loss_val: -2.6424 acc_val: 0.7640 time: 0.4350s
Epoch: 0441 loss_train: -2.7827 acc_train: 0.9500 loss_val: -2.6477 acc_val: 0.7640 time: 0.3790s
Epoch: 0442 loss_train: -2.7881 acc_train: 0.9500 loss_val: -2.6530 acc_val: 0.7640 time: 0.3780s
Epoch: 0443 loss_train: -2.7935 acc_train: 0.9500 loss_val: -2.6583 acc_val: 0.7640 time: 0.3700s
Epoch: 0444 loss_train: -2.7989 acc_train: 0.9500 loss_val: -2.6636 acc_val: 0.7640 time: 0.4530s
Epoch: 0445 loss_train: -2.8043 acc_train: 0.9500 loss_val: -2.6689 acc_val: 0.7640 time: 0.4110s
Epoch: 0446 loss_train: -2.8097 acc_train: 0.9500 loss_val: -2.6742 acc_val: 0.7640 time: 0.4110s
Epoch: 0447 loss_train: -2.8151 acc_train: 0.9500 loss_val: -2.6795 acc_val: 0.7640 time: 0.4760s
Epoch: 0448 loss_train: -2.8205 acc_train: 0.9500 loss_val: -2.6848 acc_val: 0.7660 time: 0.4530s
Epoch: 0449 loss_train: -2.8258 acc_train: 0.9500 loss_val: -2.6901 acc_val: 0.7660 time: 0.3990s
Epoch: 0450 loss_train: -2.8312 acc_train: 0.9500 loss_val: -2.6954 acc_val: 0.7660 time: 0.3520s
Epoch: 0451 loss_train: -2.8366 acc_train: 0.9500 loss_val: -2.7007 acc_val: 0.7660 time: 0.3270s
Epoch: 0452 loss_train: -2.8420 acc_train: 0.9500 loss_val: -2.7060 acc_val: 0.7660 time: 0.3810s
Epoch: 0453 loss_train: -2.8474 acc_train: 0.9500 loss_val: -2.7113 acc_val: 0.7660 time: 0.3730s
Epoch: 0454 loss_train: -2.8528 acc_train: 0.9500 loss_val: -2.7166 acc_val: 0.7660 time: 0.4318s
Epoch: 0455 loss_train: -2.8581 acc_train: 0.9500 loss_val: -2.7218 acc_val: 0.7660 time: 0.4176s
Epoch: 0456 loss_train: -2.8635 acc_train: 0.9500 loss_val: -2.7271 acc_val: 0.7660 time: 0.3730s
Epoch: 0457 loss_train: -2.8689 acc_train: 0.9500 loss_val: -2.7324 acc_val: 0.7660 time: 0.3840s
Epoch: 0458 loss_train: -2.8743 acc_train: 0.9500 loss_val: -2.7377 acc_val: 0.7660 time: 0.4680s
Epoch: 0459 loss_train: -2.8796 acc_train: 0.9500 loss_val: -2.7430 acc_val: 0.7660 time: 0.4750s
Epoch: 0460 loss_train: -2.8850 acc_train: 0.9500 loss_val: -2.7483 acc_val: 0.7660 time: 0.4400s
Epoch: 0461 loss_train: -2.8904 acc_train: 0.9500 loss_val: -2.7536 acc_val: 0.7660 time: 0.3680s
Epoch: 0462 loss_train: -2.8958 acc_train: 0.9500 loss_val: -2.7589 acc_val: 0.7660 time: 0.3700s
Epoch: 0463 loss_train: -2.9011 acc_train: 0.9500 loss_val: -2.7641 acc_val: 0.7660 time: 0.3750s
Epoch: 0464 loss_train: -2.9065 acc_train: 0.9500 loss_val: -2.7694 acc_val: 0.7660 time: 0.4010s
Epoch: 0465 loss_train: -2.9119 acc_train: 0.9500 loss_val: -2.7747 acc_val: 0.7660 time: 0.4300s
Epoch: 0466 loss_train: -2.9172 acc_train: 0.9500 loss_val: -2.7800 acc_val: 0.7660 time: 0.4060s
Epoch: 0467 loss_train: -2.9226 acc_train: 0.9500 loss_val: -2.7853 acc_val: 0.7660 time: 0.4040s
Epoch: 0468 loss_train: -2.9280 acc_train: 0.9500 loss_val: -2.7905 acc_val: 0.7660 time: 0.3490s
Epoch: 0469 loss_train: -2.9333 acc_train: 0.9500 loss_val: -2.7958 acc_val: 0.7660 time: 0.4280s
Epoch: 0470 loss_train: -2.9387 acc_train: 0.9500 loss_val: -2.8011 acc_val: 0.7660 time: 0.4090s
Epoch: 0471 loss_train: -2.9440 acc_train: 0.9500 loss_val: -2.8064 acc_val: 0.7660 time: 0.4020s
Epoch: 0472 loss_train: -2.9494 acc_train: 0.9500 loss_val: -2.8117 acc_val: 0.7660 time: 0.5190s
Epoch: 0473 loss_train: -2.9548 acc_train: 0.9500 loss_val: -2.8169 acc_val: 0.7660 time: 0.4440s
Epoch: 0474 loss_train: -2.9601 acc_train: 0.9500 loss_val: -2.8222 acc_val: 0.7660 time: 0.4100s
Epoch: 0475 loss_train: -2.9655 acc_train: 0.9500 loss_val: -2.8275 acc_val: 0.7660 time: 0.4580s
Epoch: 0476 loss_train: -2.9708 acc_train: 0.9500 loss_val: -2.8328 acc_val: 0.7660 time: 0.4090s
Epoch: 0477 loss_train: -2.9762 acc_train: 0.9500 loss_val: -2.8380 acc_val: 0.7660 time: 0.4270s
Epoch: 0478 loss_train: -2.9815 acc_train: 0.9500 loss_val: -2.8433 acc_val: 0.7660 time: 0.4200s
Epoch: 0479 loss_train: -2.9869 acc_train: 0.9500 loss_val: -2.8486 acc_val: 0.7660 time: 0.3950s
Epoch: 0480 loss_train: -2.9922 acc_train: 0.9500 loss_val: -2.8538 acc_val: 0.7660 time: 0.4550s
Epoch: 0481 loss_train: -2.9976 acc_train: 0.9500 loss_val: -2.8591 acc_val: 0.7660 time: 0.4420s
Epoch: 0482 loss_train: -3.0029 acc_train: 0.9500 loss_val: -2.8644 acc_val: 0.7660 time: 0.4850s
Epoch: 0483 loss_train: -3.0083 acc_train: 0.9500 loss_val: -2.8696 acc_val: 0.7660 time: 0.4360s
Epoch: 0484 loss_train: -3.0136 acc_train: 0.9500 loss_val: -2.8749 acc_val: 0.7660 time: 0.4810s
Epoch: 0485 loss_train: -3.0190 acc_train: 0.9500 loss_val: -2.8802 acc_val: 0.7660 time: 0.4960s
Epoch: 0486 loss_train: -3.0243 acc_train: 0.9500 loss_val: -2.8854 acc_val: 0.7660 time: 0.4880s
Epoch: 0487 loss_train: -3.0297 acc_train: 0.9500 loss_val: -2.8907 acc_val: 0.7660 time: 0.3760s
Epoch: 0488 loss_train: -3.0350 acc_train: 0.9500 loss_val: -2.8960 acc_val: 0.7660 time: 0.3870s
Epoch: 0489 loss_train: -3.0403 acc_train: 0.9500 loss_val: -2.9012 acc_val: 0.7660 time: 0.3680s
Epoch: 0490 loss_train: -3.0457 acc_train: 0.9500 loss_val: -2.9065 acc_val: 0.7640 time: 0.4220s
Epoch: 0491 loss_train: -3.0510 acc_train: 0.9500 loss_val: -2.9117 acc_val: 0.7640 time: 0.3930s
Epoch: 0492 loss_train: -3.0564 acc_train: 0.9500 loss_val: -2.9170 acc_val: 0.7640 time: 0.5070s
Epoch: 0493 loss_train: -3.0617 acc_train: 0.9500 loss_val: -2.9223 acc_val: 0.7640 time: 0.4780s
Epoch: 0494 loss_train: -3.0670 acc_train: 0.9500 loss_val: -2.9275 acc_val: 0.7640 time: 0.3940s
Epoch: 0495 loss_train: -3.0724 acc_train: 0.9500 loss_val: -2.9328 acc_val: 0.7640 time: 0.4110s
Epoch: 0496 loss_train: -3.0777 acc_train: 0.9500 loss_val: -2.9380 acc_val: 0.7640 time: 0.3640s
Epoch: 0497 loss_train: -3.0830 acc_train: 0.9500 loss_val: -2.9433 acc_val: 0.7640 time: 0.5010s
Epoch: 0498 loss_train: -3.0884 acc_train: 0.9500 loss_val: -2.9485 acc_val: 0.7640 time: 0.3930s
Epoch: 0499 loss_train: -3.0937 acc_train: 0.9500 loss_val: -2.9538 acc_val: 0.7640 time: 0.3940s
Epoch: 0500 loss_train: -3.0990 acc_train: 0.9500 loss_val: -2.9591 acc_val: 0.7640 time: 0.4250s
Epoch: 0501 loss_train: -3.1043 acc_train: 0.9500 loss_val: -2.9643 acc_val: 0.7640 time: 0.3730s
Epoch: 0502 loss_train: -3.1097 acc_train: 0.9500 loss_val: -2.9696 acc_val: 0.7640 time: 0.3990s
Epoch: 0503 loss_train: -3.1150 acc_train: 0.9500 loss_val: -2.9748 acc_val: 0.7640 time: 0.3480s
Epoch: 0504 loss_train: -3.1203 acc_train: 0.9500 loss_val: -2.9801 acc_val: 0.7640 time: 0.4700s
Epoch: 0505 loss_train: -3.1257 acc_train: 0.9500 loss_val: -2.9853 acc_val: 0.7640 time: 0.4500s
Epoch: 0506 loss_train: -3.1310 acc_train: 0.9500 loss_val: -2.9906 acc_val: 0.7640 time: 0.4190s
Epoch: 0507 loss_train: -3.1363 acc_train: 0.9500 loss_val: -2.9958 acc_val: 0.7640 time: 0.3640s
Epoch: 0508 loss_train: -3.1416 acc_train: 0.9500 loss_val: -3.0011 acc_val: 0.7640 time: 0.3800s
Epoch: 0509 loss_train: -3.1469 acc_train: 0.9500 loss_val: -3.0063 acc_val: 0.7640 time: 0.4510s
Epoch: 0510 loss_train: -3.1523 acc_train: 0.9500 loss_val: -3.0115 acc_val: 0.7640 time: 0.3540s
Epoch: 0511 loss_train: -3.1576 acc_train: 0.9500 loss_val: -3.0168 acc_val: 0.7640 time: 0.4570s
Epoch: 0512 loss_train: -3.1629 acc_train: 0.9500 loss_val: -3.0220 acc_val: 0.7640 time: 0.4170s
Epoch: 0513 loss_train: -3.1682 acc_train: 0.9500 loss_val: -3.0273 acc_val: 0.7640 time: 0.3750s
Epoch: 0514 loss_train: -3.1735 acc_train: 0.9500 loss_val: -3.0325 acc_val: 0.7640 time: 0.4090s
Epoch: 0515 loss_train: -3.1788 acc_train: 0.9500 loss_val: -3.0378 acc_val: 0.7640 time: 0.3960s
Epoch: 0516 loss_train: -3.1842 acc_train: 0.9500 loss_val: -3.0430 acc_val: 0.7640 time: 0.4100s
Epoch: 0517 loss_train: -3.1895 acc_train: 0.9500 loss_val: -3.0482 acc_val: 0.7640 time: 0.5410s
Epoch: 0518 loss_train: -3.1948 acc_train: 0.9500 loss_val: -3.0535 acc_val: 0.7640 time: 0.4050s
Epoch: 0519 loss_train: -3.2001 acc_train: 0.9500 loss_val: -3.0587 acc_val: 0.7640 time: 0.5080s
Epoch: 0520 loss_train: -3.2054 acc_train: 0.9500 loss_val: -3.0640 acc_val: 0.7640 time: 0.3490s
Epoch: 0521 loss_train: -3.2107 acc_train: 0.9500 loss_val: -3.0692 acc_val: 0.7640 time: 0.4430s
Epoch: 0522 loss_train: -3.2160 acc_train: 0.9500 loss_val: -3.0744 acc_val: 0.7640 time: 0.3900s
Epoch: 0523 loss_train: -3.2213 acc_train: 0.9500 loss_val: -3.0797 acc_val: 0.7640 time: 0.3480s
Epoch: 0524 loss_train: -3.2266 acc_train: 0.9500 loss_val: -3.0849 acc_val: 0.7640 time: 0.3600s
Epoch: 0525 loss_train: -3.2319 acc_train: 0.9500 loss_val: -3.0901 acc_val: 0.7640 time: 0.3960s
Epoch: 0526 loss_train: -3.2372 acc_train: 0.9500 loss_val: -3.0954 acc_val: 0.7640 time: 0.3810s
Epoch: 0527 loss_train: -3.2425 acc_train: 0.9500 loss_val: -3.1006 acc_val: 0.7640 time: 0.3680s
Epoch: 0528 loss_train: -3.2478 acc_train: 0.9500 loss_val: -3.1058 acc_val: 0.7640 time: 0.4150s
Epoch: 0529 loss_train: -3.2531 acc_train: 0.9500 loss_val: -3.1111 acc_val: 0.7640 time: 0.3830s
Epoch: 0530 loss_train: -3.2584 acc_train: 0.9500 loss_val: -3.1163 acc_val: 0.7620 time: 0.3630s
Epoch: 0531 loss_train: -3.2637 acc_train: 0.9500 loss_val: -3.1215 acc_val: 0.7620 time: 0.3400s
Epoch: 0532 loss_train: -3.2690 acc_train: 0.9500 loss_val: -3.1268 acc_val: 0.7620 time: 0.3640s
Epoch: 0533 loss_train: -3.2743 acc_train: 0.9500 loss_val: -3.1320 acc_val: 0.7620 time: 0.3520s
Epoch: 0534 loss_train: -3.2796 acc_train: 0.9500 loss_val: -3.1372 acc_val: 0.7620 time: 0.4000s
Epoch: 0535 loss_train: -3.2849 acc_train: 0.9500 loss_val: -3.1425 acc_val: 0.7620 time: 0.3990s
Epoch: 0536 loss_train: -3.2902 acc_train: 0.9500 loss_val: -3.1477 acc_val: 0.7620 time: 0.3650s
Epoch: 0537 loss_train: -3.2955 acc_train: 0.9500 loss_val: -3.1529 acc_val: 0.7620 time: 0.3840s
Epoch: 0538 loss_train: -3.3008 acc_train: 0.9500 loss_val: -3.1581 acc_val: 0.7620 time: 0.3710s
Epoch: 0539 loss_train: -3.3061 acc_train: 0.9500 loss_val: -3.1634 acc_val: 0.7620 time: 0.3810s
Epoch: 0540 loss_train: -3.3114 acc_train: 0.9500 loss_val: -3.1686 acc_val: 0.7620 time: 0.3440s
Epoch: 0541 loss_train: -3.3167 acc_train: 0.9500 loss_val: -3.1738 acc_val: 0.7620 time: 0.4540s
Epoch: 0542 loss_train: -3.3220 acc_train: 0.9500 loss_val: -3.1790 acc_val: 0.7620 time: 0.3900s
Epoch: 0543 loss_train: -3.3273 acc_train: 0.9500 loss_val: -3.1843 acc_val: 0.7620 time: 0.3730s
Epoch: 0544 loss_train: -3.3325 acc_train: 0.9500 loss_val: -3.1895 acc_val: 0.7620 time: 0.3390s
Epoch: 0545 loss_train: -3.3378 acc_train: 0.9500 loss_val: -3.1947 acc_val: 0.7620 time: 0.3410s
Epoch: 0546 loss_train: -3.3431 acc_train: 0.9500 loss_val: -3.1999 acc_val: 0.7620 time: 0.3300s
Epoch: 0547 loss_train: -3.3484 acc_train: 0.9500 loss_val: -3.2051 acc_val: 0.7620 time: 0.3640s
Epoch: 0548 loss_train: -3.3537 acc_train: 0.9500 loss_val: -3.2104 acc_val: 0.7620 time: 0.3740s
Epoch: 0549 loss_train: -3.3590 acc_train: 0.9500 loss_val: -3.2156 acc_val: 0.7620 time: 0.3660s
Epoch: 0550 loss_train: -3.3643 acc_train: 0.9500 loss_val: -3.2208 acc_val: 0.7620 time: 0.3730s
Epoch: 0551 loss_train: -3.3695 acc_train: 0.9500 loss_val: -3.2260 acc_val: 0.7620 time: 0.3470s
Epoch: 0552 loss_train: -3.3748 acc_train: 0.9500 loss_val: -3.2312 acc_val: 0.7620 time: 0.3470s
Epoch: 0553 loss_train: -3.3801 acc_train: 0.9500 loss_val: -3.2364 acc_val: 0.7620 time: 0.3910s
Epoch: 0554 loss_train: -3.3854 acc_train: 0.9500 loss_val: -3.2417 acc_val: 0.7620 time: 0.3470s
Epoch: 0555 loss_train: -3.3906 acc_train: 0.9500 loss_val: -3.2469 acc_val: 0.7620 time: 0.3480s
Epoch: 0556 loss_train: -3.3959 acc_train: 0.9500 loss_val: -3.2521 acc_val: 0.7620 time: 0.3970s
Epoch: 0557 loss_train: -3.4012 acc_train: 0.9500 loss_val: -3.2573 acc_val: 0.7620 time: 0.4130s
Epoch: 0558 loss_train: -3.4065 acc_train: 0.9500 loss_val: -3.2625 acc_val: 0.7620 time: 0.4480s
Epoch: 0559 loss_train: -3.4118 acc_train: 0.9500 loss_val: -3.2677 acc_val: 0.7620 time: 0.4900s
Epoch: 0560 loss_train: -3.4170 acc_train: 0.9500 loss_val: -3.2729 acc_val: 0.7620 time: 0.5670s
Epoch: 0561 loss_train: -3.4223 acc_train: 0.9500 loss_val: -3.2781 acc_val: 0.7620 time: 0.7590s
Epoch: 0562 loss_train: -3.4276 acc_train: 0.9500 loss_val: -3.2833 acc_val: 0.7620 time: 0.5250s
Epoch: 0563 loss_train: -3.4328 acc_train: 0.9500 loss_val: -3.2886 acc_val: 0.7620 time: 0.4850s
Epoch: 0564 loss_train: -3.4381 acc_train: 0.9500 loss_val: -3.2938 acc_val: 0.7620 time: 0.4990s
Epoch: 0565 loss_train: -3.4434 acc_train: 0.9500 loss_val: -3.2990 acc_val: 0.7620 time: 0.5030s
Epoch: 0566 loss_train: -3.4487 acc_train: 0.9500 loss_val: -3.3042 acc_val: 0.7620 time: 0.5650s
Epoch: 0567 loss_train: -3.4539 acc_train: 0.9500 loss_val: -3.3094 acc_val: 0.7620 time: 0.6160s
Epoch: 0568 loss_train: -3.4592 acc_train: 0.9500 loss_val: -3.3146 acc_val: 0.7600 time: 0.5160s
Epoch: 0569 loss_train: -3.4645 acc_train: 0.9500 loss_val: -3.3198 acc_val: 0.7600 time: 0.4850s
Epoch: 0570 loss_train: -3.4697 acc_train: 0.9500 loss_val: -3.3250 acc_val: 0.7600 time: 0.4560s
Epoch: 0571 loss_train: -3.4750 acc_train: 0.9500 loss_val: -3.3302 acc_val: 0.7600 time: 0.4690s
Epoch: 0572 loss_train: -3.4802 acc_train: 0.9500 loss_val: -3.3354 acc_val: 0.7600 time: 0.4860s
Epoch: 0573 loss_train: -3.4855 acc_train: 0.9500 loss_val: -3.3406 acc_val: 0.7600 time: 0.4860s
Epoch: 0574 loss_train: -3.4908 acc_train: 0.9500 loss_val: -3.3458 acc_val: 0.7600 time: 0.5030s
Epoch: 0575 loss_train: -3.4960 acc_train: 0.9500 loss_val: -3.3510 acc_val: 0.7600 time: 0.6000s
Epoch: 0576 loss_train: -3.5013 acc_train: 0.9500 loss_val: -3.3562 acc_val: 0.7600 time: 0.6230s
Epoch: 0577 loss_train: -3.5066 acc_train: 0.9500 loss_val: -3.3614 acc_val: 0.7600 time: 0.5790s
Epoch: 0578 loss_train: -3.5118 acc_train: 0.9500 loss_val: -3.3666 acc_val: 0.7600 time: 0.7255s
Epoch: 0579 loss_train: -3.5171 acc_train: 0.9500 loss_val: -3.3718 acc_val: 0.7600 time: 0.6160s
Epoch: 0580 loss_train: -3.5223 acc_train: 0.9500 loss_val: -3.3770 acc_val: 0.7600 time: 0.5570s
Epoch: 0581 loss_train: -3.5276 acc_train: 0.9500 loss_val: -3.3822 acc_val: 0.7580 time: 0.4880s
Epoch: 0582 loss_train: -3.5328 acc_train: 0.9500 loss_val: -3.3874 acc_val: 0.7580 time: 0.5530s
Epoch: 0583 loss_train: -3.5381 acc_train: 0.9500 loss_val: -3.3926 acc_val: 0.7580 time: 0.5730s
Epoch: 0584 loss_train: -3.5433 acc_train: 0.9500 loss_val: -3.3978 acc_val: 0.7580 time: 0.5300s
Epoch: 0585 loss_train: -3.5486 acc_train: 0.9500 loss_val: -3.4030 acc_val: 0.7580 time: 0.5280s
Epoch: 0586 loss_train: -3.5539 acc_train: 0.9500 loss_val: -3.4082 acc_val: 0.7580 time: 0.5150s
Epoch: 0587 loss_train: -3.5591 acc_train: 0.9500 loss_val: -3.4134 acc_val: 0.7580 time: 0.4990s
Epoch: 0588 loss_train: -3.5644 acc_train: 0.9500 loss_val: -3.4186 acc_val: 0.7580 time: 0.5760s
Epoch: 0589 loss_train: -3.5696 acc_train: 0.9500 loss_val: -3.4238 acc_val: 0.7580 time: 0.5060s
Epoch: 0590 loss_train: -3.5749 acc_train: 0.9500 loss_val: -3.4290 acc_val: 0.7580 time: 0.5000s
Epoch: 0591 loss_train: -3.5801 acc_train: 0.9500 loss_val: -3.4342 acc_val: 0.7580 time: 0.5300s
Epoch: 0592 loss_train: -3.5854 acc_train: 0.9500 loss_val: -3.4393 acc_val: 0.7580 time: 0.6350s
Epoch: 0593 loss_train: -3.5906 acc_train: 0.9500 loss_val: -3.4445 acc_val: 0.7580 time: 0.5840s
Epoch: 0594 loss_train: -3.5958 acc_train: 0.9500 loss_val: -3.4497 acc_val: 0.7580 time: 0.7560s
Epoch: 0595 loss_train: -3.6011 acc_train: 0.9500 loss_val: -3.4549 acc_val: 0.7580 time: 0.6560s
Epoch: 0596 loss_train: -3.6063 acc_train: 0.9500 loss_val: -3.4601 acc_val: 0.7580 time: 0.5730s
Epoch: 0597 loss_train: -3.6116 acc_train: 0.9500 loss_val: -3.4653 acc_val: 0.7580 time: 0.5290s
Epoch: 0598 loss_train: -3.6168 acc_train: 0.9500 loss_val: -3.4705 acc_val: 0.7580 time: 0.4490s
Epoch: 0599 loss_train: -3.6221 acc_train: 0.9500 loss_val: -3.4757 acc_val: 0.7580 time: 0.4830s
Epoch: 0600 loss_train: -3.6273 acc_train: 0.9500 loss_val: -3.4809 acc_val: 0.7580 time: 0.4630s
Epoch: 0601 loss_train: -3.6326 acc_train: 0.9500 loss_val: -3.4860 acc_val: 0.7580 time: 0.5070s
Epoch: 0602 loss_train: -3.6378 acc_train: 0.9500 loss_val: -3.4912 acc_val: 0.7580 time: 0.5310s
Epoch: 0603 loss_train: -3.6430 acc_train: 0.9500 loss_val: -3.4964 acc_val: 0.7580 time: 0.4500s
Epoch: 0604 loss_train: -3.6483 acc_train: 0.9500 loss_val: -3.5016 acc_val: 0.7580 time: 0.4730s
Epoch: 0605 loss_train: -3.6535 acc_train: 0.9500 loss_val: -3.5068 acc_val: 0.7580 time: 0.5130s
Epoch: 0606 loss_train: -3.6587 acc_train: 0.9500 loss_val: -3.5120 acc_val: 0.7580 time: 0.5260s
Epoch: 0607 loss_train: -3.6640 acc_train: 0.9500 loss_val: -3.5171 acc_val: 0.7580 time: 0.4770s
Epoch: 0608 loss_train: -3.6692 acc_train: 0.9500 loss_val: -3.5223 acc_val: 0.7580 time: 0.5010s
Epoch: 0609 loss_train: -3.6745 acc_train: 0.9429 loss_val: -3.5275 acc_val: 0.7580 time: 0.5070s
Epoch: 0610 loss_train: -3.6797 acc_train: 0.9429 loss_val: -3.5327 acc_val: 0.7580 time: 0.4403s
Epoch: 0611 loss_train: -3.6849 acc_train: 0.9429 loss_val: -3.5379 acc_val: 0.7580 time: 0.5340s
Epoch: 0612 loss_train: -3.6902 acc_train: 0.9429 loss_val: -3.5430 acc_val: 0.7580 time: 0.4900s
Epoch: 0613 loss_train: -3.6954 acc_train: 0.9429 loss_val: -3.5482 acc_val: 0.7580 time: 0.5350s
Epoch: 0614 loss_train: -3.7006 acc_train: 0.9429 loss_val: -3.5534 acc_val: 0.7580 time: 0.5120s
Epoch: 0615 loss_train: -3.7059 acc_train: 0.9429 loss_val: -3.5586 acc_val: 0.7580 time: 0.4750s
Epoch: 0616 loss_train: -3.7111 acc_train: 0.9429 loss_val: -3.5638 acc_val: 0.7580 time: 0.4780s
Epoch: 0617 loss_train: -3.7163 acc_train: 0.9429 loss_val: -3.5689 acc_val: 0.7580 time: 0.4570s
Epoch: 0618 loss_train: -3.7215 acc_train: 0.9429 loss_val: -3.5741 acc_val: 0.7580 time: 0.5080s
Epoch: 0619 loss_train: -3.7268 acc_train: 0.9429 loss_val: -3.5793 acc_val: 0.7580 time: 0.5260s
Epoch: 0620 loss_train: -3.7320 acc_train: 0.9429 loss_val: -3.5845 acc_val: 0.7560 time: 0.6080s
Epoch: 0621 loss_train: -3.7372 acc_train: 0.9429 loss_val: -3.5896 acc_val: 0.7560 time: 0.5500s
Epoch: 0622 loss_train: -3.7424 acc_train: 0.9429 loss_val: -3.5948 acc_val: 0.7560 time: 0.5270s
Epoch: 0623 loss_train: -3.7477 acc_train: 0.9429 loss_val: -3.6000 acc_val: 0.7560 time: 0.4710s
Epoch: 0624 loss_train: -3.7529 acc_train: 0.9429 loss_val: -3.6051 acc_val: 0.7560 time: 0.5120s
Epoch: 0625 loss_train: -3.7581 acc_train: 0.9429 loss_val: -3.6103 acc_val: 0.7560 time: 0.5000s
Epoch: 0626 loss_train: -3.7633 acc_train: 0.9429 loss_val: -3.6155 acc_val: 0.7560 time: 0.5680s
Epoch: 0627 loss_train: -3.7686 acc_train: 0.9429 loss_val: -3.6207 acc_val: 0.7560 time: 0.4820s
Epoch: 0628 loss_train: -3.7738 acc_train: 0.9429 loss_val: -3.6258 acc_val: 0.7560 time: 0.4740s
Epoch: 0629 loss_train: -3.7790 acc_train: 0.9429 loss_val: -3.6310 acc_val: 0.7560 time: 0.4830s
Epoch: 0630 loss_train: -3.7842 acc_train: 0.9429 loss_val: -3.6362 acc_val: 0.7560 time: 0.4580s
Epoch: 0631 loss_train: -3.7894 acc_train: 0.9429 loss_val: -3.6413 acc_val: 0.7560 time: 0.3940s
Epoch: 0632 loss_train: -3.7947 acc_train: 0.9429 loss_val: -3.6465 acc_val: 0.7560 time: 0.5030s
Epoch: 0633 loss_train: -3.7999 acc_train: 0.9429 loss_val: -3.6517 acc_val: 0.7560 time: 0.5410s
Epoch: 0634 loss_train: -3.8051 acc_train: 0.9429 loss_val: -3.6568 acc_val: 0.7560 time: 0.5340s
Epoch: 0635 loss_train: -3.8103 acc_train: 0.9429 loss_val: -3.6620 acc_val: 0.7560 time: 0.4920s
Epoch: 0636 loss_train: -3.8155 acc_train: 0.9429 loss_val: -3.6672 acc_val: 0.7560 time: 0.4670s
Epoch: 0637 loss_train: -3.8207 acc_train: 0.9429 loss_val: -3.6723 acc_val: 0.7560 time: 0.4670s
Epoch: 0638 loss_train: -3.8260 acc_train: 0.9429 loss_val: -3.6775 acc_val: 0.7560 time: 0.4890s
Epoch: 0639 loss_train: -3.8312 acc_train: 0.9429 loss_val: -3.6827 acc_val: 0.7560 time: 0.4700s
Epoch: 0640 loss_train: -3.8364 acc_train: 0.9429 loss_val: -3.6878 acc_val: 0.7560 time: 0.4994s
Epoch: 0641 loss_train: -3.8416 acc_train: 0.9429 loss_val: -3.6930 acc_val: 0.7560 time: 0.4670s
Epoch: 0642 loss_train: -3.8468 acc_train: 0.9429 loss_val: -3.6982 acc_val: 0.7560 time: 0.4690s
Epoch: 0643 loss_train: -3.8520 acc_train: 0.9429 loss_val: -3.7033 acc_val: 0.7560 time: 0.4700s
Epoch: 0644 loss_train: -3.8572 acc_train: 0.9429 loss_val: -3.7085 acc_val: 0.7560 time: 0.5550s
Epoch: 0645 loss_train: -3.8624 acc_train: 0.9429 loss_val: -3.7136 acc_val: 0.7560 time: 0.4990s
Epoch: 0646 loss_train: -3.8677 acc_train: 0.9429 loss_val: -3.7188 acc_val: 0.7560 time: 0.4810s
Epoch: 0647 loss_train: -3.8729 acc_train: 0.9429 loss_val: -3.7240 acc_val: 0.7560 time: 0.5410s
Epoch: 0648 loss_train: -3.8781 acc_train: 0.9429 loss_val: -3.7291 acc_val: 0.7560 time: 0.5560s
Epoch: 0649 loss_train: -3.8833 acc_train: 0.9429 loss_val: -3.7343 acc_val: 0.7560 time: 0.4360s
Epoch: 0650 loss_train: -3.8885 acc_train: 0.9429 loss_val: -3.7394 acc_val: 0.7560 time: 0.5160s
Epoch: 0651 loss_train: -3.8937 acc_train: 0.9429 loss_val: -3.7446 acc_val: 0.7560 time: 0.4820s
Epoch: 0652 loss_train: -3.8989 acc_train: 0.9429 loss_val: -3.7498 acc_val: 0.7560 time: 0.4660s
Epoch: 0653 loss_train: -3.9041 acc_train: 0.9429 loss_val: -3.7549 acc_val: 0.7560 time: 0.5220s
Epoch: 0654 loss_train: -3.9093 acc_train: 0.9429 loss_val: -3.7601 acc_val: 0.7580 time: 0.5060s
Epoch: 0655 loss_train: -3.9145 acc_train: 0.9429 loss_val: -3.7652 acc_val: 0.7580 time: 0.4340s
Epoch: 0656 loss_train: -3.9197 acc_train: 0.9429 loss_val: -3.7704 acc_val: 0.7580 time: 0.4600s
Epoch: 0657 loss_train: -3.9249 acc_train: 0.9429 loss_val: -3.7755 acc_val: 0.7580 time: 0.6870s
Epoch: 0658 loss_train: -3.9301 acc_train: 0.9429 loss_val: -3.7807 acc_val: 0.7580 time: 0.6390s
Epoch: 0659 loss_train: -3.9353 acc_train: 0.9429 loss_val: -3.7858 acc_val: 0.7580 time: 0.4550s
Epoch: 0660 loss_train: -3.9405 acc_train: 0.9429 loss_val: -3.7910 acc_val: 0.7580 time: 0.4476s
Epoch: 0661 loss_train: -3.9457 acc_train: 0.9429 loss_val: -3.7961 acc_val: 0.7580 time: 0.4990s
Epoch: 0662 loss_train: -3.9509 acc_train: 0.9429 loss_val: -3.8013 acc_val: 0.7580 time: 0.6741s
Epoch: 0663 loss_train: -3.9561 acc_train: 0.9429 loss_val: -3.8065 acc_val: 0.7580 time: 0.6390s
Epoch: 0664 loss_train: -3.9613 acc_train: 0.9429 loss_val: -3.8116 acc_val: 0.7580 time: 0.6300s
Epoch: 0665 loss_train: -3.9665 acc_train: 0.9429 loss_val: -3.8168 acc_val: 0.7580 time: 0.6460s
Epoch: 0666 loss_train: -3.9717 acc_train: 0.9429 loss_val: -3.8219 acc_val: 0.7580 time: 0.6255s
Epoch: 0667 loss_train: -3.9769 acc_train: 0.9429 loss_val: -3.8271 acc_val: 0.7580 time: 0.7276s
Epoch: 0668 loss_train: -3.9821 acc_train: 0.9429 loss_val: -3.8322 acc_val: 0.7580 time: 0.7120s
Epoch: 0669 loss_train: -3.9873 acc_train: 0.9429 loss_val: -3.8373 acc_val: 0.7580 time: 0.6180s
Epoch: 0670 loss_train: -3.9925 acc_train: 0.9429 loss_val: -3.8425 acc_val: 0.7580 time: 0.5540s
Epoch: 0671 loss_train: -3.9977 acc_train: 0.9429 loss_val: -3.8476 acc_val: 0.7580 time: 0.4840s
Epoch: 0672 loss_train: -4.0029 acc_train: 0.9429 loss_val: -3.8528 acc_val: 0.7580 time: 0.5880s
Epoch: 0673 loss_train: -4.0081 acc_train: 0.9429 loss_val: -3.8579 acc_val: 0.7580 time: 0.5520s
Epoch: 0674 loss_train: -4.0133 acc_train: 0.9429 loss_val: -3.8631 acc_val: 0.7580 time: 0.4840s
Epoch: 0675 loss_train: -4.0184 acc_train: 0.9429 loss_val: -3.8682 acc_val: 0.7580 time: 0.5030s
Epoch: 0676 loss_train: -4.0236 acc_train: 0.9429 loss_val: -3.8734 acc_val: 0.7580 time: 0.4670s
Epoch: 0677 loss_train: -4.0288 acc_train: 0.9429 loss_val: -3.8785 acc_val: 0.7580 time: 0.4780s
Epoch: 0678 loss_train: -4.0340 acc_train: 0.9429 loss_val: -3.8837 acc_val: 0.7580 time: 0.4310s
Epoch: 0679 loss_train: -4.0392 acc_train: 0.9429 loss_val: -3.8888 acc_val: 0.7580 time: 0.5180s
Epoch: 0680 loss_train: -4.0444 acc_train: 0.9500 loss_val: -3.8939 acc_val: 0.7580 time: 0.5342s
Epoch: 0681 loss_train: -4.0496 acc_train: 0.9500 loss_val: -3.8991 acc_val: 0.7580 time: 0.5110s
Epoch: 0682 loss_train: -4.0548 acc_train: 0.9500 loss_val: -3.9042 acc_val: 0.7580 time: 0.5075s
Epoch: 0683 loss_train: -4.0599 acc_train: 0.9500 loss_val: -3.9094 acc_val: 0.7580 time: 0.4320s
Epoch: 0684 loss_train: -4.0651 acc_train: 0.9500 loss_val: -3.9145 acc_val: 0.7580 time: 0.4250s
Epoch: 0685 loss_train: -4.0703 acc_train: 0.9500 loss_val: -3.9197 acc_val: 0.7580 time: 0.4330s
Epoch: 0686 loss_train: -4.0755 acc_train: 0.9500 loss_val: -3.9248 acc_val: 0.7580 time: 0.4249s
Epoch: 0687 loss_train: -4.0807 acc_train: 0.9500 loss_val: -3.9299 acc_val: 0.7580 time: 0.4220s
Epoch: 0688 loss_train: -4.0859 acc_train: 0.9500 loss_val: -3.9351 acc_val: 0.7580 time: 0.4440s
Epoch: 0689 loss_train: -4.0910 acc_train: 0.9500 loss_val: -3.9402 acc_val: 0.7580 time: 0.4010s
Epoch: 0690 loss_train: -4.0962 acc_train: 0.9500 loss_val: -3.9453 acc_val: 0.7580 time: 0.4850s
Epoch: 0691 loss_train: -4.1014 acc_train: 0.9500 loss_val: -3.9505 acc_val: 0.7580 time: 0.4280s
Epoch: 0692 loss_train: -4.1066 acc_train: 0.9500 loss_val: -3.9556 acc_val: 0.7580 time: 0.4290s
Epoch: 0693 loss_train: -4.1118 acc_train: 0.9500 loss_val: -3.9608 acc_val: 0.7580 time: 0.3990s
Epoch: 0694 loss_train: -4.1170 acc_train: 0.9500 loss_val: -3.9659 acc_val: 0.7600 time: 0.4040s
Epoch: 0695 loss_train: -4.1221 acc_train: 0.9500 loss_val: -3.9710 acc_val: 0.7600 time: 0.4180s
Epoch: 0696 loss_train: -4.1273 acc_train: 0.9500 loss_val: -3.9762 acc_val: 0.7600 time: 0.4250s
Epoch: 0697 loss_train: -4.1325 acc_train: 0.9500 loss_val: -3.9813 acc_val: 0.7600 time: 0.3830s
Epoch: 0698 loss_train: -4.1377 acc_train: 0.9500 loss_val: -3.9864 acc_val: 0.7600 time: 0.3830s
Epoch: 0699 loss_train: -4.1428 acc_train: 0.9500 loss_val: -3.9916 acc_val: 0.7600 time: 0.4600s
Epoch: 0700 loss_train: -4.1480 acc_train: 0.9500 loss_val: -3.9967 acc_val: 0.7600 time: 0.5530s
Epoch: 0701 loss_train: -4.1532 acc_train: 0.9500 loss_val: -4.0018 acc_val: 0.7600 time: 0.5490s
Epoch: 0702 loss_train: -4.1584 acc_train: 0.9500 loss_val: -4.0070 acc_val: 0.7600 time: 0.4860s
Epoch: 0703 loss_train: -4.1635 acc_train: 0.9500 loss_val: -4.0121 acc_val: 0.7600 time: 0.4900s
Epoch: 0704 loss_train: -4.1687 acc_train: 0.9500 loss_val: -4.0172 acc_val: 0.7600 time: 0.3610s
Epoch: 0705 loss_train: -4.1739 acc_train: 0.9500 loss_val: -4.0224 acc_val: 0.7600 time: 0.6050s
Epoch: 0706 loss_train: -4.1791 acc_train: 0.9500 loss_val: -4.0275 acc_val: 0.7600 time: 0.4820s
Epoch: 0707 loss_train: -4.1842 acc_train: 0.9500 loss_val: -4.0326 acc_val: 0.7600 time: 0.4610s
Epoch: 0708 loss_train: -4.1894 acc_train: 0.9500 loss_val: -4.0378 acc_val: 0.7600 time: 0.4870s
Epoch: 0709 loss_train: -4.1946 acc_train: 0.9500 loss_val: -4.0429 acc_val: 0.7600 time: 0.4330s
Epoch: 0710 loss_train: -4.1997 acc_train: 0.9500 loss_val: -4.0480 acc_val: 0.7600 time: 0.4380s
Epoch: 0711 loss_train: -4.2049 acc_train: 0.9500 loss_val: -4.0531 acc_val: 0.7600 time: 0.4530s
Epoch: 0712 loss_train: -4.2101 acc_train: 0.9500 loss_val: -4.0583 acc_val: 0.7600 time: 0.4740s
Epoch: 0713 loss_train: -4.2152 acc_train: 0.9500 loss_val: -4.0634 acc_val: 0.7600 time: 0.4350s
Epoch: 0714 loss_train: -4.2204 acc_train: 0.9500 loss_val: -4.0685 acc_val: 0.7600 time: 0.4190s
Epoch: 0715 loss_train: -4.2256 acc_train: 0.9500 loss_val: -4.0736 acc_val: 0.7600 time: 0.4680s
Epoch: 0716 loss_train: -4.2307 acc_train: 0.9500 loss_val: -4.0788 acc_val: 0.7600 time: 0.3590s
Epoch: 0717 loss_train: -4.2359 acc_train: 0.9500 loss_val: -4.0839 acc_val: 0.7600 time: 0.4240s
Epoch: 0718 loss_train: -4.2411 acc_train: 0.9500 loss_val: -4.0890 acc_val: 0.7600 time: 0.4290s
Epoch: 0719 loss_train: -4.2462 acc_train: 0.9500 loss_val: -4.0941 acc_val: 0.7600 time: 0.4130s
Epoch: 0720 loss_train: -4.2514 acc_train: 0.9500 loss_val: -4.0993 acc_val: 0.7600 time: 0.4040s
Epoch: 0721 loss_train: -4.2566 acc_train: 0.9500 loss_val: -4.1044 acc_val: 0.7600 time: 0.4560s
Epoch: 0722 loss_train: -4.2617 acc_train: 0.9500 loss_val: -4.1095 acc_val: 0.7600 time: 0.3810s
Epoch: 0723 loss_train: -4.2669 acc_train: 0.9500 loss_val: -4.1146 acc_val: 0.7600 time: 0.3500s
Epoch: 0724 loss_train: -4.2721 acc_train: 0.9500 loss_val: -4.1198 acc_val: 0.7600 time: 0.4810s
Epoch: 0725 loss_train: -4.2772 acc_train: 0.9500 loss_val: -4.1249 acc_val: 0.7600 time: 0.4160s
Epoch: 0726 loss_train: -4.2824 acc_train: 0.9500 loss_val: -4.1300 acc_val: 0.7600 time: 0.4420s
Epoch: 0727 loss_train: -4.2875 acc_train: 0.9500 loss_val: -4.1351 acc_val: 0.7600 time: 0.4610s
Epoch: 0728 loss_train: -4.2927 acc_train: 0.9500 loss_val: -4.1402 acc_val: 0.7600 time: 0.4620s
Epoch: 0729 loss_train: -4.2979 acc_train: 0.9500 loss_val: -4.1454 acc_val: 0.7600 time: 0.4240s
Epoch: 0730 loss_train: -4.3030 acc_train: 0.9500 loss_val: -4.1505 acc_val: 0.7600 time: 0.4190s
Epoch: 0731 loss_train: -4.3082 acc_train: 0.9500 loss_val: -4.1556 acc_val: 0.7600 time: 0.4510s
Epoch: 0732 loss_train: -4.3133 acc_train: 0.9500 loss_val: -4.1607 acc_val: 0.7600 time: 0.3900s
Epoch: 0733 loss_train: -4.3185 acc_train: 0.9500 loss_val: -4.1658 acc_val: 0.7600 time: 0.4460s
Epoch: 0734 loss_train: -4.3236 acc_train: 0.9500 loss_val: -4.1709 acc_val: 0.7600 time: 0.4500s
Epoch: 0735 loss_train: -4.3288 acc_train: 0.9500 loss_val: -4.1761 acc_val: 0.7600 time: 0.5000s
Epoch: 0736 loss_train: -4.3340 acc_train: 0.9500 loss_val: -4.1812 acc_val: 0.7600 time: 0.4970s
Epoch: 0737 loss_train: -4.3391 acc_train: 0.9500 loss_val: -4.1863 acc_val: 0.7600 time: 0.6450s
Epoch: 0738 loss_train: -4.3443 acc_train: 0.9500 loss_val: -4.1914 acc_val: 0.7600 time: 0.6100s
Epoch: 0739 loss_train: -4.3494 acc_train: 0.9500 loss_val: -4.1965 acc_val: 0.7600 time: 0.5080s
Epoch: 0740 loss_train: -4.3546 acc_train: 0.9500 loss_val: -4.2016 acc_val: 0.7600 time: 0.4400s
Epoch: 0741 loss_train: -4.3597 acc_train: 0.9500 loss_val: -4.2068 acc_val: 0.7600 time: 0.4970s
Epoch: 0742 loss_train: -4.3649 acc_train: 0.9500 loss_val: -4.2119 acc_val: 0.7600 time: 0.4460s
Epoch: 0743 loss_train: -4.3700 acc_train: 0.9500 loss_val: -4.2170 acc_val: 0.7600 time: 0.4640s
Epoch: 0744 loss_train: -4.3752 acc_train: 0.9500 loss_val: -4.2221 acc_val: 0.7600 time: 0.4750s
Epoch: 0745 loss_train: -4.3803 acc_train: 0.9500 loss_val: -4.2272 acc_val: 0.7600 time: 0.4680s
Epoch: 0746 loss_train: -4.3855 acc_train: 0.9500 loss_val: -4.2323 acc_val: 0.7600 time: 0.4450s
Epoch: 0747 loss_train: -4.3906 acc_train: 0.9500 loss_val: -4.2374 acc_val: 0.7600 time: 0.4540s
Epoch: 0748 loss_train: -4.3958 acc_train: 0.9500 loss_val: -4.2425 acc_val: 0.7600 time: 0.4400s
Epoch: 0749 loss_train: -4.4009 acc_train: 0.9429 loss_val: -4.2477 acc_val: 0.7600 time: 0.4380s
Epoch: 0750 loss_train: -4.4061 acc_train: 0.9429 loss_val: -4.2528 acc_val: 0.7600 time: 0.4320s
Epoch: 0751 loss_train: -4.4112 acc_train: 0.9429 loss_val: -4.2579 acc_val: 0.7600 time: 0.4580s
Epoch: 0752 loss_train: -4.4164 acc_train: 0.9429 loss_val: -4.2630 acc_val: 0.7600 time: 0.4610s
Epoch: 0753 loss_train: -4.4215 acc_train: 0.9429 loss_val: -4.2681 acc_val: 0.7600 time: 0.4010s
Epoch: 0754 loss_train: -4.4267 acc_train: 0.9429 loss_val: -4.2732 acc_val: 0.7600 time: 0.4420s
Epoch: 0755 loss_train: -4.4318 acc_train: 0.9429 loss_val: -4.2783 acc_val: 0.7600 time: 0.4480s
Epoch: 0756 loss_train: -4.4369 acc_train: 0.9429 loss_val: -4.2834 acc_val: 0.7600 time: 0.4020s
Epoch: 0757 loss_train: -4.4421 acc_train: 0.9429 loss_val: -4.2885 acc_val: 0.7600 time: 0.4480s
Epoch: 0758 loss_train: -4.4472 acc_train: 0.9429 loss_val: -4.2936 acc_val: 0.7600 time: 0.5530s
Epoch: 0759 loss_train: -4.4524 acc_train: 0.9429 loss_val: -4.2987 acc_val: 0.7600 time: 0.5260s
Epoch: 0760 loss_train: -4.4575 acc_train: 0.9429 loss_val: -4.3038 acc_val: 0.7600 time: 0.4760s
Epoch: 0761 loss_train: -4.4627 acc_train: 0.9429 loss_val: -4.3089 acc_val: 0.7600 time: 0.4380s
Epoch: 0762 loss_train: -4.4678 acc_train: 0.9429 loss_val: -4.3141 acc_val: 0.7600 time: 0.4710s
Epoch: 0763 loss_train: -4.4729 acc_train: 0.9429 loss_val: -4.3192 acc_val: 0.7600 time: 0.4860s
Epoch: 0764 loss_train: -4.4781 acc_train: 0.9429 loss_val: -4.3243 acc_val: 0.7600 time: 0.5500s
Epoch: 0765 loss_train: -4.4832 acc_train: 0.9429 loss_val: -4.3294 acc_val: 0.7600 time: 0.3720s
Epoch: 0766 loss_train: -4.4884 acc_train: 0.9429 loss_val: -4.3345 acc_val: 0.7600 time: 0.4740s
Epoch: 0767 loss_train: -4.4935 acc_train: 0.9429 loss_val: -4.3396 acc_val: 0.7600 time: 0.4640s
Epoch: 0768 loss_train: -4.4986 acc_train: 0.9429 loss_val: -4.3447 acc_val: 0.7600 time: 0.4920s
Epoch: 0769 loss_train: -4.5038 acc_train: 0.9429 loss_val: -4.3498 acc_val: 0.7600 time: 0.4520s
Epoch: 0770 loss_train: -4.5089 acc_train: 0.9429 loss_val: -4.3549 acc_val: 0.7600 time: 0.4190s
Epoch: 0771 loss_train: -4.5141 acc_train: 0.9429 loss_val: -4.3600 acc_val: 0.7620 time: 0.4680s
Epoch: 0772 loss_train: -4.5192 acc_train: 0.9429 loss_val: -4.3651 acc_val: 0.7620 time: 0.4790s
Epoch: 0773 loss_train: -4.5243 acc_train: 0.9429 loss_val: -4.3702 acc_val: 0.7620 time: 0.4430s
Epoch: 0774 loss_train: -4.5295 acc_train: 0.9429 loss_val: -4.3753 acc_val: 0.7620 time: 0.4280s
Epoch: 0775 loss_train: -4.5346 acc_train: 0.9429 loss_val: -4.3804 acc_val: 0.7620 time: 0.4280s
Epoch: 0776 loss_train: -4.5397 acc_train: 0.9429 loss_val: -4.3855 acc_val: 0.7620 time: 0.4700s
Epoch: 0777 loss_train: -4.5449 acc_train: 0.9429 loss_val: -4.3906 acc_val: 0.7620 time: 0.5090s
Epoch: 0778 loss_train: -4.5500 acc_train: 0.9429 loss_val: -4.3957 acc_val: 0.7640 time: 0.4300s
Epoch: 0779 loss_train: -4.5551 acc_train: 0.9429 loss_val: -4.4008 acc_val: 0.7640 time: 0.5080s
Epoch: 0780 loss_train: -4.5603 acc_train: 0.9429 loss_val: -4.4059 acc_val: 0.7640 time: 0.4190s
Epoch: 0781 loss_train: -4.5654 acc_train: 0.9429 loss_val: -4.4110 acc_val: 0.7640 time: 0.4390s
Epoch: 0782 loss_train: -4.5705 acc_train: 0.9429 loss_val: -4.4161 acc_val: 0.7640 time: 0.4370s
Epoch: 0783 loss_train: -4.5757 acc_train: 0.9429 loss_val: -4.4212 acc_val: 0.7640 time: 0.4250s
Epoch: 0784 loss_train: -4.5808 acc_train: 0.9429 loss_val: -4.4263 acc_val: 0.7640 time: 0.4350s
Epoch: 0785 loss_train: -4.5859 acc_train: 0.9429 loss_val: -4.4314 acc_val: 0.7640 time: 0.4130s
Epoch: 0786 loss_train: -4.5910 acc_train: 0.9429 loss_val: -4.4364 acc_val: 0.7640 time: 0.4400s
Epoch: 0787 loss_train: -4.5962 acc_train: 0.9429 loss_val: -4.4415 acc_val: 0.7640 time: 0.3780s
Epoch: 0788 loss_train: -4.6013 acc_train: 0.9429 loss_val: -4.4466 acc_val: 0.7640 time: 0.4500s
Epoch: 0789 loss_train: -4.6064 acc_train: 0.9429 loss_val: -4.4517 acc_val: 0.7640 time: 0.3970s
Epoch: 0790 loss_train: -4.6116 acc_train: 0.9429 loss_val: -4.4568 acc_val: 0.7640 time: 0.5080s
Epoch: 0791 loss_train: -4.6167 acc_train: 0.9429 loss_val: -4.4619 acc_val: 0.7640 time: 0.4590s
Epoch: 0792 loss_train: -4.6218 acc_train: 0.9429 loss_val: -4.4670 acc_val: 0.7640 time: 0.5310s
Epoch: 0793 loss_train: -4.6269 acc_train: 0.9429 loss_val: -4.4721 acc_val: 0.7640 time: 0.5050s
Epoch: 0794 loss_train: -4.6321 acc_train: 0.9429 loss_val: -4.4772 acc_val: 0.7640 time: 0.4280s
Epoch: 0795 loss_train: -4.6372 acc_train: 0.9429 loss_val: -4.4823 acc_val: 0.7640 time: 0.4760s
Epoch: 0796 loss_train: -4.6423 acc_train: 0.9429 loss_val: -4.4874 acc_val: 0.7640 time: 0.4390s
Epoch: 0797 loss_train: -4.6474 acc_train: 0.9429 loss_val: -4.4925 acc_val: 0.7640 time: 0.4790s
Epoch: 0798 loss_train: -4.6526 acc_train: 0.9429 loss_val: -4.4976 acc_val: 0.7620 time: 0.4480s
Epoch: 0799 loss_train: -4.6577 acc_train: 0.9429 loss_val: -4.5026 acc_val: 0.7620 time: 0.5510s
Epoch: 0800 loss_train: -4.6628 acc_train: 0.9429 loss_val: -4.5077 acc_val: 0.7620 time: 0.6390s
Epoch: 0801 loss_train: -4.6679 acc_train: 0.9429 loss_val: -4.5128 acc_val: 0.7620 time: 0.5590s
Epoch: 0802 loss_train: -4.6731 acc_train: 0.9429 loss_val: -4.5179 acc_val: 0.7620 time: 0.5350s
Epoch: 0803 loss_train: -4.6782 acc_train: 0.9429 loss_val: -4.5230 acc_val: 0.7620 time: 0.5380s
Epoch: 0804 loss_train: -4.6833 acc_train: 0.9429 loss_val: -4.5281 acc_val: 0.7620 time: 0.4980s
Epoch: 0805 loss_train: -4.6884 acc_train: 0.9429 loss_val: -4.5332 acc_val: 0.7620 time: 0.4460s
Epoch: 0806 loss_train: -4.6935 acc_train: 0.9429 loss_val: -4.5383 acc_val: 0.7620 time: 0.3620s
Epoch: 0807 loss_train: -4.6987 acc_train: 0.9429 loss_val: -4.5433 acc_val: 0.7620 time: 0.4360s
Epoch: 0808 loss_train: -4.7038 acc_train: 0.9429 loss_val: -4.5484 acc_val: 0.7620 time: 0.4220s
Epoch: 0809 loss_train: -4.7089 acc_train: 0.9429 loss_val: -4.5535 acc_val: 0.7620 time: 0.4080s
Epoch: 0810 loss_train: -4.7140 acc_train: 0.9429 loss_val: -4.5586 acc_val: 0.7620 time: 0.5400s
Epoch: 0811 loss_train: -4.7191 acc_train: 0.9429 loss_val: -4.5637 acc_val: 0.7620 time: 0.5000s
Epoch: 0812 loss_train: -4.7242 acc_train: 0.9429 loss_val: -4.5688 acc_val: 0.7620 time: 0.4560s
Epoch: 0813 loss_train: -4.7294 acc_train: 0.9429 loss_val: -4.5739 acc_val: 0.7620 time: 0.4090s
Epoch: 0814 loss_train: -4.7345 acc_train: 0.9429 loss_val: -4.5789 acc_val: 0.7620 time: 0.4290s
Epoch: 0815 loss_train: -4.7396 acc_train: 0.9429 loss_val: -4.5840 acc_val: 0.7620 time: 0.4490s
Epoch: 0816 loss_train: -4.7447 acc_train: 0.9429 loss_val: -4.5891 acc_val: 0.7620 time: 0.4050s
Epoch: 0817 loss_train: -4.7498 acc_train: 0.9429 loss_val: -4.5942 acc_val: 0.7620 time: 0.4190s
Epoch: 0818 loss_train: -4.7549 acc_train: 0.9429 loss_val: -4.5993 acc_val: 0.7620 time: 0.4280s
Epoch: 0819 loss_train: -4.7601 acc_train: 0.9429 loss_val: -4.6044 acc_val: 0.7620 time: 0.4520s
Epoch: 0820 loss_train: -4.7652 acc_train: 0.9429 loss_val: -4.6094 acc_val: 0.7620 time: 0.4850s
Epoch: 0821 loss_train: -4.7703 acc_train: 0.9429 loss_val: -4.6145 acc_val: 0.7620 time: 0.5030s
Epoch: 0822 loss_train: -4.7754 acc_train: 0.9429 loss_val: -4.6196 acc_val: 0.7600 time: 0.5970s
Epoch: 0823 loss_train: -4.7805 acc_train: 0.9429 loss_val: -4.6247 acc_val: 0.7600 time: 0.5470s
Epoch: 0824 loss_train: -4.7856 acc_train: 0.9429 loss_val: -4.6298 acc_val: 0.7600 time: 0.5190s
Epoch: 0825 loss_train: -4.7907 acc_train: 0.9429 loss_val: -4.6348 acc_val: 0.7600 time: 0.5450s
Epoch: 0826 loss_train: -4.7958 acc_train: 0.9429 loss_val: -4.6399 acc_val: 0.7600 time: 0.4960s
Epoch: 0827 loss_train: -4.8009 acc_train: 0.9429 loss_val: -4.6450 acc_val: 0.7600 time: 0.4960s
Epoch: 0828 loss_train: -4.8061 acc_train: 0.9429 loss_val: -4.6501 acc_val: 0.7600 time: 0.4950s
Epoch: 0829 loss_train: -4.8112 acc_train: 0.9429 loss_val: -4.6551 acc_val: 0.7600 time: 0.4510s
Epoch: 0830 loss_train: -4.8163 acc_train: 0.9429 loss_val: -4.6602 acc_val: 0.7600 time: 0.5350s
Epoch: 0831 loss_train: -4.8214 acc_train: 0.9429 loss_val: -4.6653 acc_val: 0.7600 time: 0.4940s
Epoch: 0832 loss_train: -4.8265 acc_train: 0.9429 loss_val: -4.6704 acc_val: 0.7600 time: 0.5405s
Epoch: 0833 loss_train: -4.8316 acc_train: 0.9429 loss_val: -4.6755 acc_val: 0.7600 time: 0.5960s
Epoch: 0834 loss_train: -4.8367 acc_train: 0.9429 loss_val: -4.6805 acc_val: 0.7600 time: 0.4930s
Epoch: 0835 loss_train: -4.8418 acc_train: 0.9429 loss_val: -4.6856 acc_val: 0.7600 time: 0.4630s
Epoch: 0836 loss_train: -4.8469 acc_train: 0.9429 loss_val: -4.6907 acc_val: 0.7620 time: 0.5000s
Epoch: 0837 loss_train: -4.8520 acc_train: 0.9429 loss_val: -4.6958 acc_val: 0.7620 time: 0.5220s
Epoch: 0838 loss_train: -4.8571 acc_train: 0.9429 loss_val: -4.7008 acc_val: 0.7620 time: 0.5300s
Epoch: 0839 loss_train: -4.8622 acc_train: 0.9357 loss_val: -4.7059 acc_val: 0.7620 time: 0.5320s
Epoch: 0840 loss_train: -4.8673 acc_train: 0.9357 loss_val: -4.7110 acc_val: 0.7620 time: 0.4960s
Epoch: 0841 loss_train: -4.8724 acc_train: 0.9357 loss_val: -4.7161 acc_val: 0.7620 time: 0.5180s
Epoch: 0842 loss_train: -4.8776 acc_train: 0.9357 loss_val: -4.7211 acc_val: 0.7620 time: 0.5040s
Epoch: 0843 loss_train: -4.8827 acc_train: 0.9357 loss_val: -4.7262 acc_val: 0.7620 time: 0.4970s
Epoch: 0844 loss_train: -4.8878 acc_train: 0.9357 loss_val: -4.7313 acc_val: 0.7620 time: 0.4720s
Epoch: 0845 loss_train: -4.8929 acc_train: 0.9357 loss_val: -4.7363 acc_val: 0.7620 time: 0.4600s
Epoch: 0846 loss_train: -4.8980 acc_train: 0.9357 loss_val: -4.7414 acc_val: 0.7620 time: 0.4400s
Epoch: 0847 loss_train: -4.9031 acc_train: 0.9357 loss_val: -4.7465 acc_val: 0.7620 time: 0.4870s
Epoch: 0848 loss_train: -4.9082 acc_train: 0.9357 loss_val: -4.7516 acc_val: 0.7620 time: 0.4610s
Epoch: 0849 loss_train: -4.9133 acc_train: 0.9357 loss_val: -4.7566 acc_val: 0.7620 time: 0.4460s
Epoch: 0850 loss_train: -4.9184 acc_train: 0.9357 loss_val: -4.7617 acc_val: 0.7620 time: 0.4830s
Epoch: 0851 loss_train: -4.9235 acc_train: 0.9357 loss_val: -4.7668 acc_val: 0.7620 time: 0.5130s
Epoch: 0852 loss_train: -4.9286 acc_train: 0.9357 loss_val: -4.7718 acc_val: 0.7620 time: 0.4660s
Epoch: 0853 loss_train: -4.9337 acc_train: 0.9357 loss_val: -4.7769 acc_val: 0.7620 time: 0.4800s
Epoch: 0854 loss_train: -4.9388 acc_train: 0.9357 loss_val: -4.7820 acc_val: 0.7620 time: 0.4540s
Epoch: 0855 loss_train: -4.9439 acc_train: 0.9357 loss_val: -4.7870 acc_val: 0.7620 time: 0.4740s
Epoch: 0856 loss_train: -4.9490 acc_train: 0.9357 loss_val: -4.7921 acc_val: 0.7620 time: 0.4370s
Epoch: 0857 loss_train: -4.9541 acc_train: 0.9357 loss_val: -4.7972 acc_val: 0.7620 time: 0.4160s
Epoch: 0858 loss_train: -4.9592 acc_train: 0.9357 loss_val: -4.8022 acc_val: 0.7620 time: 0.4090s
Epoch: 0859 loss_train: -4.9642 acc_train: 0.9357 loss_val: -4.8073 acc_val: 0.7620 time: 0.4570s
Epoch: 0860 loss_train: -4.9693 acc_train: 0.9357 loss_val: -4.8124 acc_val: 0.7620 time: 0.3640s
Epoch: 0861 loss_train: -4.9744 acc_train: 0.9357 loss_val: -4.8174 acc_val: 0.7620 time: 0.5240s
Epoch: 0862 loss_train: -4.9795 acc_train: 0.9357 loss_val: -4.8225 acc_val: 0.7620 time: 0.4710s
Epoch: 0863 loss_train: -4.9846 acc_train: 0.9357 loss_val: -4.8276 acc_val: 0.7640 time: 0.4580s
Epoch: 0864 loss_train: -4.9897 acc_train: 0.9357 loss_val: -4.8326 acc_val: 0.7640 time: 0.4130s
Epoch: 0865 loss_train: -4.9948 acc_train: 0.9357 loss_val: -4.8377 acc_val: 0.7600 time: 0.3760s
Epoch: 0866 loss_train: -4.9999 acc_train: 0.9357 loss_val: -4.8428 acc_val: 0.7600 time: 0.4290s
Epoch: 0867 loss_train: -5.0050 acc_train: 0.9357 loss_val: -4.8478 acc_val: 0.7600 time: 0.4340s
Epoch: 0868 loss_train: -5.0101 acc_train: 0.9357 loss_val: -4.8529 acc_val: 0.7600 time: 0.3800s
Epoch: 0869 loss_train: -5.0152 acc_train: 0.9357 loss_val: -4.8580 acc_val: 0.7600 time: 0.4400s
Epoch: 0870 loss_train: -5.0203 acc_train: 0.9357 loss_val: -4.8630 acc_val: 0.7600 time: 0.4660s
Epoch: 0871 loss_train: -5.0254 acc_train: 0.9357 loss_val: -4.8681 acc_val: 0.7600 time: 0.4240s
Epoch: 0872 loss_train: -5.0305 acc_train: 0.9357 loss_val: -4.8731 acc_val: 0.7600 time: 0.4250s
Epoch: 0873 loss_train: -5.0356 acc_train: 0.9357 loss_val: -4.8782 acc_val: 0.7600 time: 0.4190s
Epoch: 0874 loss_train: -5.0406 acc_train: 0.9357 loss_val: -4.8833 acc_val: 0.7580 time: 0.4720s
Epoch: 0875 loss_train: -5.0457 acc_train: 0.9357 loss_val: -4.8883 acc_val: 0.7580 time: 0.4070s
Epoch: 0876 loss_train: -5.0508 acc_train: 0.9357 loss_val: -4.8934 acc_val: 0.7580 time: 0.4150s
Epoch: 0877 loss_train: -5.0559 acc_train: 0.9357 loss_val: -4.8985 acc_val: 0.7580 time: 0.4480s
Epoch: 0878 loss_train: -5.0610 acc_train: 0.9357 loss_val: -4.9035 acc_val: 0.7580 time: 0.4170s
Epoch: 0879 loss_train: -5.0661 acc_train: 0.9357 loss_val: -4.9086 acc_val: 0.7580 time: 0.3810s
Epoch: 0880 loss_train: -5.0712 acc_train: 0.9357 loss_val: -4.9136 acc_val: 0.7580 time: 0.4180s
Epoch: 0881 loss_train: -5.0763 acc_train: 0.9357 loss_val: -4.9187 acc_val: 0.7580 time: 0.4110s
Epoch: 0882 loss_train: -5.0814 acc_train: 0.9357 loss_val: -4.9237 acc_val: 0.7580 time: 0.4610s
Epoch: 0883 loss_train: -5.0864 acc_train: 0.9357 loss_val: -4.9288 acc_val: 0.7580 time: 0.4260s
Epoch: 0884 loss_train: -5.0915 acc_train: 0.9357 loss_val: -4.9339 acc_val: 0.7580 time: 0.4110s
Epoch: 0885 loss_train: -5.0966 acc_train: 0.9357 loss_val: -4.9389 acc_val: 0.7580 time: 0.4100s
Epoch: 0886 loss_train: -5.1017 acc_train: 0.9357 loss_val: -4.9440 acc_val: 0.7580 time: 0.4680s
Epoch: 0887 loss_train: -5.1068 acc_train: 0.9357 loss_val: -4.9490 acc_val: 0.7580 time: 0.4370s
Epoch: 0888 loss_train: -5.1119 acc_train: 0.9357 loss_val: -4.9541 acc_val: 0.7580 time: 0.4620s
Epoch: 0889 loss_train: -5.1169 acc_train: 0.9357 loss_val: -4.9591 acc_val: 0.7580 time: 0.4050s
Epoch: 0890 loss_train: -5.1220 acc_train: 0.9357 loss_val: -4.9642 acc_val: 0.7580 time: 0.4530s
Epoch: 0891 loss_train: -5.1271 acc_train: 0.9357 loss_val: -4.9693 acc_val: 0.7560 time: 0.5340s
Epoch: 0892 loss_train: -5.1322 acc_train: 0.9357 loss_val: -4.9743 acc_val: 0.7560 time: 0.5380s
Epoch: 0893 loss_train: -5.1373 acc_train: 0.9357 loss_val: -4.9794 acc_val: 0.7560 time: 0.4070s
Epoch: 0894 loss_train: -5.1424 acc_train: 0.9357 loss_val: -4.9844 acc_val: 0.7560 time: 0.4200s
Epoch: 0895 loss_train: -5.1474 acc_train: 0.9357 loss_val: -4.9895 acc_val: 0.7560 time: 0.3850s
Epoch: 0896 loss_train: -5.1525 acc_train: 0.9357 loss_val: -4.9945 acc_val: 0.7560 time: 0.4345s
Epoch: 0897 loss_train: -5.1576 acc_train: 0.9357 loss_val: -4.9996 acc_val: 0.7560 time: 0.4230s
Epoch: 0898 loss_train: -5.1627 acc_train: 0.9357 loss_val: -5.0046 acc_val: 0.7560 time: 0.4400s
Epoch: 0899 loss_train: -5.1678 acc_train: 0.9357 loss_val: -5.0097 acc_val: 0.7540 time: 0.4300s
Epoch: 0900 loss_train: -5.1728 acc_train: 0.9357 loss_val: -5.0147 acc_val: 0.7540 time: 0.4600s
Epoch: 0901 loss_train: -5.1779 acc_train: 0.9357 loss_val: -5.0198 acc_val: 0.7540 time: 0.4450s
Epoch: 0902 loss_train: -5.1830 acc_train: 0.9357 loss_val: -5.0248 acc_val: 0.7540 time: 0.4680s
Epoch: 0903 loss_train: -5.1881 acc_train: 0.9357 loss_val: -5.0299 acc_val: 0.7540 time: 0.5010s
Epoch: 0904 loss_train: -5.1932 acc_train: 0.9357 loss_val: -5.0350 acc_val: 0.7540 time: 0.4920s
Epoch: 0905 loss_train: -5.1982 acc_train: 0.9357 loss_val: -5.0400 acc_val: 0.7540 time: 0.4230s
Epoch: 0906 loss_train: -5.2033 acc_train: 0.9286 loss_val: -5.0451 acc_val: 0.7540 time: 0.4280s
Epoch: 0907 loss_train: -5.2084 acc_train: 0.9286 loss_val: -5.0501 acc_val: 0.7540 time: 0.3950s
Epoch: 0908 loss_train: -5.2135 acc_train: 0.9286 loss_val: -5.0552 acc_val: 0.7540 time: 0.4450s
Epoch: 0909 loss_train: -5.2186 acc_train: 0.9286 loss_val: -5.0602 acc_val: 0.7540 time: 0.4350s
Epoch: 0910 loss_train: -5.2236 acc_train: 0.9286 loss_val: -5.0653 acc_val: 0.7540 time: 0.4310s
Epoch: 0911 loss_train: -5.2287 acc_train: 0.9286 loss_val: -5.0703 acc_val: 0.7540 time: 0.4710s
Epoch: 0912 loss_train: -5.2338 acc_train: 0.9286 loss_val: -5.0753 acc_val: 0.7540 time: 0.4260s
Epoch: 0913 loss_train: -5.2389 acc_train: 0.9286 loss_val: -5.0804 acc_val: 0.7540 time: 0.3770s
Epoch: 0914 loss_train: -5.2439 acc_train: 0.9286 loss_val: -5.0854 acc_val: 0.7540 time: 0.4550s
Epoch: 0915 loss_train: -5.2490 acc_train: 0.9286 loss_val: -5.0905 acc_val: 0.7540 time: 0.4770s
Epoch: 0916 loss_train: -5.2541 acc_train: 0.9286 loss_val: -5.0955 acc_val: 0.7540 time: 0.6285s
Epoch: 0917 loss_train: -5.2591 acc_train: 0.9286 loss_val: -5.1006 acc_val: 0.7520 time: 0.4878s
Epoch: 0918 loss_train: -5.2642 acc_train: 0.9286 loss_val: -5.1056 acc_val: 0.7520 time: 0.5198s
Epoch: 0919 loss_train: -5.2693 acc_train: 0.9286 loss_val: -5.1107 acc_val: 0.7520 time: 0.4880s
Epoch: 0920 loss_train: -5.2744 acc_train: 0.9286 loss_val: -5.1157 acc_val: 0.7520 time: 0.4820s
Epoch: 0921 loss_train: -5.2794 acc_train: 0.9286 loss_val: -5.1208 acc_val: 0.7520 time: 0.4340s
Epoch: 0922 loss_train: -5.2845 acc_train: 0.9286 loss_val: -5.1258 acc_val: 0.7520 time: 0.4160s
Epoch: 0923 loss_train: -5.2896 acc_train: 0.9286 loss_val: -5.1309 acc_val: 0.7520 time: 0.3570s
Epoch: 0924 loss_train: -5.2947 acc_train: 0.9286 loss_val: -5.1359 acc_val: 0.7520 time: 0.4620s
Epoch: 0925 loss_train: -5.2997 acc_train: 0.9286 loss_val: -5.1409 acc_val: 0.7520 time: 0.5070s
Epoch: 0926 loss_train: -5.3048 acc_train: 0.9286 loss_val: -5.1460 acc_val: 0.7520 time: 0.5430s
Epoch: 0927 loss_train: -5.3099 acc_train: 0.9286 loss_val: -5.1510 acc_val: 0.7520 time: 0.4720s
Epoch: 0928 loss_train: -5.3149 acc_train: 0.9286 loss_val: -5.1561 acc_val: 0.7520 time: 0.6240s
Epoch: 0929 loss_train: -5.3200 acc_train: 0.9286 loss_val: -5.1611 acc_val: 0.7520 time: 0.5350s
Epoch: 0930 loss_train: -5.3251 acc_train: 0.9286 loss_val: -5.1662 acc_val: 0.7520 time: 0.4970s
Epoch: 0931 loss_train: -5.3301 acc_train: 0.9286 loss_val: -5.1712 acc_val: 0.7520 time: 0.4780s
Epoch: 0932 loss_train: -5.3352 acc_train: 0.9286 loss_val: -5.1762 acc_val: 0.7500 time: 0.4350s
Epoch: 0933 loss_train: -5.3403 acc_train: 0.9286 loss_val: -5.1813 acc_val: 0.7500 time: 0.4170s
Epoch: 0934 loss_train: -5.3453 acc_train: 0.9286 loss_val: -5.1863 acc_val: 0.7500 time: 0.4501s
Epoch: 0935 loss_train: -5.3504 acc_train: 0.9286 loss_val: -5.1914 acc_val: 0.7500 time: 0.4000s
Epoch: 0936 loss_train: -5.3555 acc_train: 0.9286 loss_val: -5.1964 acc_val: 0.7500 time: 0.4200s
Epoch: 0937 loss_train: -5.3605 acc_train: 0.9286 loss_val: -5.2015 acc_val: 0.7500 time: 0.3790s
Epoch: 0938 loss_train: -5.3656 acc_train: 0.9286 loss_val: -5.2065 acc_val: 0.7500 time: 0.4560s
Epoch: 0939 loss_train: -5.3707 acc_train: 0.9286 loss_val: -5.2115 acc_val: 0.7480 time: 0.4140s
Epoch: 0940 loss_train: -5.3757 acc_train: 0.9286 loss_val: -5.2166 acc_val: 0.7480 time: 0.3910s
Epoch: 0941 loss_train: -5.3808 acc_train: 0.9286 loss_val: -5.2216 acc_val: 0.7480 time: 0.4080s
Epoch: 0942 loss_train: -5.3859 acc_train: 0.9286 loss_val: -5.2266 acc_val: 0.7480 time: 0.4500s
Epoch: 0943 loss_train: -5.3909 acc_train: 0.9286 loss_val: -5.2317 acc_val: 0.7480 time: 0.4200s
Epoch: 0944 loss_train: -5.3960 acc_train: 0.9286 loss_val: -5.2367 acc_val: 0.7480 time: 0.4410s
Epoch: 0945 loss_train: -5.4011 acc_train: 0.9286 loss_val: -5.2418 acc_val: 0.7480 time: 0.3680s
Epoch: 0946 loss_train: -5.4061 acc_train: 0.9286 loss_val: -5.2468 acc_val: 0.7480 time: 0.3910s
Epoch: 0947 loss_train: -5.4112 acc_train: 0.9286 loss_val: -5.2518 acc_val: 0.7480 time: 0.4430s
Epoch: 0948 loss_train: -5.4162 acc_train: 0.9286 loss_val: -5.2569 acc_val: 0.7480 time: 0.3390s
Epoch: 0949 loss_train: -5.4213 acc_train: 0.9286 loss_val: -5.2619 acc_val: 0.7480 time: 0.4050s
Epoch: 0950 loss_train: -5.4264 acc_train: 0.9286 loss_val: -5.2669 acc_val: 0.7480 time: 0.3970s
Epoch: 0951 loss_train: -5.4314 acc_train: 0.9286 loss_val: -5.2720 acc_val: 0.7480 time: 0.4010s
Epoch: 0952 loss_train: -5.4365 acc_train: 0.9286 loss_val: -5.2770 acc_val: 0.7480 time: 0.3850s
Epoch: 0953 loss_train: -5.4415 acc_train: 0.9286 loss_val: -5.2821 acc_val: 0.7480 time: 0.5180s
Epoch: 0954 loss_train: -5.4466 acc_train: 0.9286 loss_val: -5.2871 acc_val: 0.7480 time: 0.4380s
Epoch: 0955 loss_train: -5.4517 acc_train: 0.9286 loss_val: -5.2921 acc_val: 0.7480 time: 0.4020s
Epoch: 0956 loss_train: -5.4567 acc_train: 0.9286 loss_val: -5.2972 acc_val: 0.7480 time: 0.4070s
Epoch: 0957 loss_train: -5.4618 acc_train: 0.9286 loss_val: -5.3022 acc_val: 0.7480 time: 0.5030s
Epoch: 0958 loss_train: -5.4668 acc_train: 0.9286 loss_val: -5.3072 acc_val: 0.7480 time: 0.4010s
Epoch: 0959 loss_train: -5.4719 acc_train: 0.9286 loss_val: -5.3123 acc_val: 0.7480 time: 0.3810s
Epoch: 0960 loss_train: -5.4770 acc_train: 0.9286 loss_val: -5.3173 acc_val: 0.7480 time: 0.3560s
Epoch: 0961 loss_train: -5.4820 acc_train: 0.9286 loss_val: -5.3223 acc_val: 0.7480 time: 0.3940s
Epoch: 0962 loss_train: -5.4871 acc_train: 0.9286 loss_val: -5.3274 acc_val: 0.7480 time: 0.3670s
Epoch: 0963 loss_train: -5.4921 acc_train: 0.9286 loss_val: -5.3324 acc_val: 0.7480 time: 0.4190s
Epoch: 0964 loss_train: -5.4972 acc_train: 0.9286 loss_val: -5.3374 acc_val: 0.7480 time: 0.4030s
Epoch: 0965 loss_train: -5.5022 acc_train: 0.9286 loss_val: -5.3425 acc_val: 0.7480 time: 0.4640s
Epoch: 0966 loss_train: -5.5073 acc_train: 0.9286 loss_val: -5.3475 acc_val: 0.7480 time: 0.3940s
Epoch: 0967 loss_train: -5.5124 acc_train: 0.9286 loss_val: -5.3525 acc_val: 0.7480 time: 0.4250s
Epoch: 0968 loss_train: -5.5174 acc_train: 0.9286 loss_val: -5.3576 acc_val: 0.7480 time: 0.4700s
Epoch: 0969 loss_train: -5.5225 acc_train: 0.9286 loss_val: -5.3626 acc_val: 0.7480 time: 0.3390s
Epoch: 0970 loss_train: -5.5275 acc_train: 0.9214 loss_val: -5.3676 acc_val: 0.7480 time: 0.3990s
Epoch: 0971 loss_train: -5.5326 acc_train: 0.9214 loss_val: -5.3726 acc_val: 0.7480 time: 0.4730s
Epoch: 0972 loss_train: -5.5376 acc_train: 0.9214 loss_val: -5.3777 acc_val: 0.7480 time: 0.3510s
Epoch: 0973 loss_train: -5.5427 acc_train: 0.9214 loss_val: -5.3827 acc_val: 0.7480 time: 0.4290s
Epoch: 0974 loss_train: -5.5477 acc_train: 0.9214 loss_val: -5.3877 acc_val: 0.7480 time: 0.3820s
Epoch: 0975 loss_train: -5.5528 acc_train: 0.9214 loss_val: -5.3928 acc_val: 0.7480 time: 0.4010s
Epoch: 0976 loss_train: -5.5578 acc_train: 0.9214 loss_val: -5.3978 acc_val: 0.7480 time: 0.3960s
Epoch: 0977 loss_train: -5.5629 acc_train: 0.9214 loss_val: -5.4028 acc_val: 0.7480 time: 0.4270s
Epoch: 0978 loss_train: -5.5679 acc_train: 0.9214 loss_val: -5.4078 acc_val: 0.7480 time: 0.4400s
Epoch: 0979 loss_train: -5.5730 acc_train: 0.9214 loss_val: -5.4129 acc_val: 0.7480 time: 0.4090s
Epoch: 0980 loss_train: -5.5780 acc_train: 0.9214 loss_val: -5.4179 acc_val: 0.7480 time: 0.4000s
Epoch: 0981 loss_train: -5.5831 acc_train: 0.9214 loss_val: -5.4229 acc_val: 0.7480 time: 0.3960s
Epoch: 0982 loss_train: -5.5881 acc_train: 0.9214 loss_val: -5.4280 acc_val: 0.7480 time: 0.4290s
Epoch: 0983 loss_train: -5.5932 acc_train: 0.9214 loss_val: -5.4330 acc_val: 0.7480 time: 0.4000s
Epoch: 0984 loss_train: -5.5982 acc_train: 0.9214 loss_val: -5.4380 acc_val: 0.7480 time: 0.3630s
Epoch: 0985 loss_train: -5.6033 acc_train: 0.9214 loss_val: -5.4430 acc_val: 0.7480 time: 0.4160s
Epoch: 0986 loss_train: -5.6083 acc_train: 0.9214 loss_val: -5.4481 acc_val: 0.7480 time: 0.3660s
Epoch: 0987 loss_train: -5.6134 acc_train: 0.9214 loss_val: -5.4531 acc_val: 0.7480 time: 0.3930s
Epoch: 0988 loss_train: -5.6184 acc_train: 0.9214 loss_val: -5.4581 acc_val: 0.7480 time: 0.4060s
Epoch: 0989 loss_train: -5.6235 acc_train: 0.9214 loss_val: -5.4631 acc_val: 0.7480 time: 0.3870s
Epoch: 0990 loss_train: -5.6285 acc_train: 0.9214 loss_val: -5.4682 acc_val: 0.7480 time: 0.4320s
Epoch: 0991 loss_train: -5.6336 acc_train: 0.9214 loss_val: -5.4732 acc_val: 0.7480 time: 0.3870s
Epoch: 0992 loss_train: -5.6386 acc_train: 0.9143 loss_val: -5.4782 acc_val: 0.7480 time: 0.3930s
Epoch: 0993 loss_train: -5.6437 acc_train: 0.9143 loss_val: -5.4832 acc_val: 0.7480 time: 0.4190s
Epoch: 0994 loss_train: -5.6487 acc_train: 0.9143 loss_val: -5.4882 acc_val: 0.7480 time: 0.4090s
Epoch: 0995 loss_train: -5.6538 acc_train: 0.9143 loss_val: -5.4933 acc_val: 0.7480 time: 0.3590s
Epoch: 0996 loss_train: -5.6588 acc_train: 0.9143 loss_val: -5.4983 acc_val: 0.7480 time: 0.4220s
Epoch: 0997 loss_train: -5.6639 acc_train: 0.9143 loss_val: -5.5033 acc_val: 0.7480 time: 0.3770s
Epoch: 0998 loss_train: -5.6689 acc_train: 0.9143 loss_val: -5.5083 acc_val: 0.7480 time: 0.3800s
Epoch: 0999 loss_train: -5.6740 acc_train: 0.9143 loss_val: -5.5134 acc_val: 0.7460 time: 0.4360s
Epoch: 1000 loss_train: -5.6790 acc_train: 0.9143 loss_val: -5.5184 acc_val: 0.7460 time: 0.3920s
Optimization Finished!
Total time elapsed: 419.0527s
Loading 999th epoch
Test set results: loss= -5.5287 accuracy= 0.7690

Process finished with exit code 0
