D:\Anaconda\exe\envs\stellar2\python.exe E:\github_projects\Distance-Recomputator-and-Topology-Reconstructor\Baselines\SSGC\SSGC_slow_converge.py

[STEP 1]: Upload cora dataset.
x.shape= (140, 1433)
y.shape= (140, 7)
tx.shape= (1000, 1433)
ty.shape= (1000, 7)
allx= (1708, 1433)
ally= (1708, 7)
len(graph)= 2708
| # of nodes : 2708
| # of edges : 5278.0
NA.shape (2708, 1433)
NA.dtype float32
NA.type <class 'scipy.sparse.csr.csr_matrix'>
| # of features : 1433
| # of clases   : 7
| # of train set : 140
| # of val set   : 500
| # of test set  : 1000
Epoch: 0001 loss_train: 1.9469 acc_train: 0.1786 loss_val: 1.9483 acc_val: 0.1220 time: 4.2250s
Epoch: 0002 loss_train: 1.9429 acc_train: 0.1643 loss_val: 1.9465 acc_val: 0.1400 time: 4.7899s
Epoch: 0003 loss_train: 1.9418 acc_train: 0.1571 loss_val: 1.9441 acc_val: 0.1420 time: 4.2565s
Epoch: 0004 loss_train: 1.9382 acc_train: 0.2143 loss_val: 1.9434 acc_val: 0.1600 time: 4.2770s
Epoch: 0005 loss_train: 1.9359 acc_train: 0.2286 loss_val: 1.9407 acc_val: 0.2140 time: 4.4051s
Epoch: 0006 loss_train: 1.9316 acc_train: 0.2571 loss_val: 1.9370 acc_val: 0.2100 time: 4.4590s
Epoch: 0007 loss_train: 1.9313 acc_train: 0.2643 loss_val: 1.9365 acc_val: 0.2000 time: 4.5712s
Epoch: 0008 loss_train: 1.9225 acc_train: 0.2571 loss_val: 1.9321 acc_val: 0.2620 time: 4.3745s
Epoch: 0009 loss_train: 1.9125 acc_train: 0.3286 loss_val: 1.9315 acc_val: 0.2260 time: 4.4317s
Epoch: 0010 loss_train: 1.9063 acc_train: 0.3786 loss_val: 1.9268 acc_val: 0.2600 time: 4.4413s
Epoch: 0011 loss_train: 1.9104 acc_train: 0.3286 loss_val: 1.9254 acc_val: 0.2500 time: 4.7902s
Epoch: 0012 loss_train: 1.9193 acc_train: 0.2429 loss_val: 1.9252 acc_val: 0.2560 time: 4.5051s
Epoch: 0013 loss_train: 1.8948 acc_train: 0.4071 loss_val: 1.9211 acc_val: 0.2960 time: 4.4071s
Epoch: 0014 loss_train: 1.8919 acc_train: 0.3786 loss_val: 1.9148 acc_val: 0.3080 time: 4.5001s
Epoch: 0015 loss_train: 1.8990 acc_train: 0.4000 loss_val: 1.9150 acc_val: 0.3220 time: 4.4892s
Epoch: 0016 loss_train: 1.8866 acc_train: 0.3714 loss_val: 1.9151 acc_val: 0.2960 time: 4.6501s
Epoch: 0017 loss_train: 1.8875 acc_train: 0.3857 loss_val: 1.9093 acc_val: 0.3260 time: 4.5840s
Epoch: 0018 loss_train: 1.8683 acc_train: 0.4214 loss_val: 1.9110 acc_val: 0.3120 time: 4.2401s
Epoch: 0019 loss_train: 1.8713 acc_train: 0.3714 loss_val: 1.9038 acc_val: 0.3100 time: 4.4712s
Epoch: 0020 loss_train: 1.8715 acc_train: 0.3429 loss_val: 1.9010 acc_val: 0.3340 time: 4.6571s
Epoch: 0021 loss_train: 1.8651 acc_train: 0.3786 loss_val: 1.8970 acc_val: 0.3140 time: 4.8380s
Epoch: 0022 loss_train: 1.8708 acc_train: 0.3714 loss_val: 1.8916 acc_val: 0.3580 time: 4.9500s
Epoch: 0023 loss_train: 1.8534 acc_train: 0.4357 loss_val: 1.8928 acc_val: 0.3360 time: 4.7140s
Epoch: 0024 loss_train: 1.8326 acc_train: 0.4571 loss_val: 1.8911 acc_val: 0.3260 time: 4.7630s
Epoch: 0025 loss_train: 1.8401 acc_train: 0.4000 loss_val: 1.8905 acc_val: 0.3020 time: 4.7070s
Epoch: 0026 loss_train: 1.8609 acc_train: 0.3786 loss_val: 1.8861 acc_val: 0.3200 time: 4.9640s
Epoch: 0027 loss_train: 1.8317 acc_train: 0.4000 loss_val: 1.8820 acc_val: 0.3120 time: 5.0250s
Epoch: 0028 loss_train: 1.8016 acc_train: 0.4643 loss_val: 1.8596 acc_val: 0.3740 time: 4.8400s
Epoch: 0029 loss_train: 1.8161 acc_train: 0.4286 loss_val: 1.8764 acc_val: 0.3340 time: 4.7910s
Epoch: 0030 loss_train: 1.8171 acc_train: 0.4071 loss_val: 1.8697 acc_val: 0.3500 time: 4.9460s
Epoch: 0031 loss_train: 1.8164 acc_train: 0.3786 loss_val: 1.8596 acc_val: 0.3640 time: 5.4900s
Epoch: 0032 loss_train: 1.7622 acc_train: 0.4857 loss_val: 1.8537 acc_val: 0.3700 time: 5.0910s
Epoch: 0033 loss_train: 1.7901 acc_train: 0.4286 loss_val: 1.8594 acc_val: 0.3380 time: 5.0890s
Epoch: 0034 loss_train: 1.7969 acc_train: 0.4143 loss_val: 1.8528 acc_val: 0.3700 time: 4.7880s
Epoch: 0035 loss_train: 1.7812 acc_train: 0.3929 loss_val: 1.8497 acc_val: 0.3440 time: 4.8880s
Epoch: 0036 loss_train: 1.7904 acc_train: 0.3929 loss_val: 1.8504 acc_val: 0.3520 time: 4.8450s
Epoch: 0037 loss_train: 1.7763 acc_train: 0.4000 loss_val: 1.8404 acc_val: 0.3480 time: 5.0020s
Epoch: 0038 loss_train: 1.7417 acc_train: 0.4429 loss_val: 1.8425 acc_val: 0.3380 time: 4.9380s
Epoch: 0039 loss_train: 1.7617 acc_train: 0.4000 loss_val: 1.8392 acc_val: 0.3700 time: 4.9860s
Epoch: 0040 loss_train: 1.7407 acc_train: 0.4643 loss_val: 1.8359 acc_val: 0.3440 time: 4.8860s
Epoch: 0041 loss_train: 1.7629 acc_train: 0.3500 loss_val: 1.8100 acc_val: 0.3580 time: 4.9420s
Epoch: 0042 loss_train: 1.7836 acc_train: 0.3357 loss_val: 1.8244 acc_val: 0.3540 time: 5.1780s
Epoch: 0043 loss_train: 1.7091 acc_train: 0.4143 loss_val: 1.8083 acc_val: 0.3720 time: 5.1470s
Epoch: 0044 loss_train: 1.7645 acc_train: 0.3571 loss_val: 1.8129 acc_val: 0.3220 time: 5.1290s
Epoch: 0045 loss_train: 1.7152 acc_train: 0.4214 loss_val: 1.8176 acc_val: 0.3320 time: 5.2730s
Epoch: 0046 loss_train: 1.7041 acc_train: 0.4643 loss_val: 1.7994 acc_val: 0.3720 time: 4.9180s
Epoch: 0047 loss_train: 1.6590 acc_train: 0.4643 loss_val: 1.8021 acc_val: 0.3360 time: 4.9400s
Epoch: 0048 loss_train: 1.6786 acc_train: 0.4214 loss_val: 1.7932 acc_val: 0.3580 time: 5.0230s
Epoch: 0049 loss_train: 1.6843 acc_train: 0.4000 loss_val: 1.7818 acc_val: 0.3600 time: 4.8430s
Epoch: 0050 loss_train: 1.7400 acc_train: 0.3571 loss_val: 1.7686 acc_val: 0.3780 time: 4.9100s
Epoch: 0051 loss_train: 1.7108 acc_train: 0.3714 loss_val: 1.7659 acc_val: 0.3580 time: 4.8620s
Epoch: 0052 loss_train: 1.6584 acc_train: 0.4357 loss_val: 1.7518 acc_val: 0.3920 time: 5.0510s
Epoch: 0053 loss_train: 1.6780 acc_train: 0.4214 loss_val: 1.7290 acc_val: 0.4120 time: 4.8230s
Epoch: 0054 loss_train: 1.6841 acc_train: 0.3786 loss_val: 1.7340 acc_val: 0.4020 time: 4.8960s
Epoch: 0055 loss_train: 1.6509 acc_train: 0.4000 loss_val: 1.7633 acc_val: 0.3720 time: 4.8700s
Epoch: 0056 loss_train: 1.6138 acc_train: 0.4571 loss_val: 1.7694 acc_val: 0.3700 time: 4.7660s
Epoch: 0057 loss_train: 1.6020 acc_train: 0.4500 loss_val: 1.7531 acc_val: 0.3440 time: 4.8820s
Epoch: 0058 loss_train: 1.6399 acc_train: 0.3786 loss_val: 1.7343 acc_val: 0.3540 time: 5.4510s
Epoch: 0059 loss_train: 1.4851 acc_train: 0.5500 loss_val: 1.7237 acc_val: 0.3660 time: 4.9210s
Epoch: 0060 loss_train: 1.5428 acc_train: 0.4500 loss_val: 1.7258 acc_val: 0.3740 time: 4.9920s
Epoch: 0061 loss_train: 1.6119 acc_train: 0.4214 loss_val: 1.7068 acc_val: 0.3820 time: 4.9460s
Epoch: 0062 loss_train: 1.6017 acc_train: 0.3857 loss_val: 1.7229 acc_val: 0.3460 time: 4.8080s
Epoch: 0063 loss_train: 1.5633 acc_train: 0.4500 loss_val: 1.7130 acc_val: 0.3680 time: 4.9210s
Epoch: 0064 loss_train: 1.5558 acc_train: 0.4071 loss_val: 1.6966 acc_val: 0.3700 time: 4.9550s
Epoch: 0065 loss_train: 1.5595 acc_train: 0.4000 loss_val: 1.7030 acc_val: 0.3440 time: 4.8030s
Epoch: 0066 loss_train: 1.5380 acc_train: 0.4429 loss_val: 1.6710 acc_val: 0.3960 time: 4.8230s
Epoch: 0067 loss_train: 1.5341 acc_train: 0.4500 loss_val: 1.6794 acc_val: 0.3680 time: 4.9080s
Epoch: 0068 loss_train: 1.5866 acc_train: 0.3929 loss_val: 1.6937 acc_val: 0.3720 time: 5.0220s
Epoch: 0069 loss_train: 1.5582 acc_train: 0.3857 loss_val: 1.6528 acc_val: 0.3840 time: 5.0010s
Epoch: 0070 loss_train: 1.4896 acc_train: 0.4071 loss_val: 1.6379 acc_val: 0.4060 time: 4.9880s
Epoch: 0071 loss_train: 1.4638 acc_train: 0.4357 loss_val: 1.6390 acc_val: 0.4060 time: 5.3370s
Epoch: 0072 loss_train: 1.4353 acc_train: 0.4643 loss_val: 1.6259 acc_val: 0.4140 time: 5.1630s
Epoch: 0073 loss_train: 1.4238 acc_train: 0.5000 loss_val: 1.5694 acc_val: 0.4220 time: 4.8520s
Epoch: 0074 loss_train: 1.4478 acc_train: 0.4714 loss_val: 1.6267 acc_val: 0.3800 time: 4.8050s
Epoch: 0075 loss_train: 1.3638 acc_train: 0.5214 loss_val: 1.6456 acc_val: 0.3340 time: 5.1010s
Epoch: 0076 loss_train: 1.4423 acc_train: 0.4500 loss_val: 1.6460 acc_val: 0.3680 time: 4.8700s
Epoch: 0077 loss_train: 1.4858 acc_train: 0.3929 loss_val: 1.5998 acc_val: 0.4040 time: 4.9410s
Epoch: 0078 loss_train: 1.3520 acc_train: 0.4429 loss_val: 1.5745 acc_val: 0.4040 time: 4.8620s
Epoch: 0079 loss_train: 1.4160 acc_train: 0.4143 loss_val: 1.5886 acc_val: 0.3980 time: 4.9950s
Epoch: 0080 loss_train: 1.5200 acc_train: 0.3500 loss_val: 1.6048 acc_val: 0.3960 time: 4.9630s
Epoch: 0081 loss_train: 1.4002 acc_train: 0.4357 loss_val: 1.6043 acc_val: 0.3760 time: 5.0900s
Epoch: 0082 loss_train: 1.4304 acc_train: 0.4214 loss_val: 1.5959 acc_val: 0.3680 time: 5.0260s
Epoch: 0083 loss_train: 1.3685 acc_train: 0.4643 loss_val: 1.6004 acc_val: 0.3920 time: 4.9420s
Epoch: 0084 loss_train: 1.3999 acc_train: 0.4429 loss_val: 1.6328 acc_val: 0.3540 time: 5.1640s
Epoch: 0085 loss_train: 1.2954 acc_train: 0.4714 loss_val: 1.5528 acc_val: 0.3860 time: 5.1900s
Epoch: 0086 loss_train: 1.3978 acc_train: 0.4071 loss_val: 1.6141 acc_val: 0.3540 time: 4.9290s
Epoch: 0087 loss_train: 1.2715 acc_train: 0.5000 loss_val: 1.5743 acc_val: 0.4020 time: 4.8100s
Epoch: 0088 loss_train: 1.3175 acc_train: 0.5071 loss_val: 1.5763 acc_val: 0.3840 time: 4.8930s
Epoch: 0089 loss_train: 1.4037 acc_train: 0.4071 loss_val: 1.5368 acc_val: 0.4300 time: 4.9580s
Epoch: 0090 loss_train: 1.3420 acc_train: 0.5071 loss_val: 1.6007 acc_val: 0.3600 time: 4.7170s
Epoch: 0091 loss_train: 1.2942 acc_train: 0.4857 loss_val: 1.5769 acc_val: 0.3560 time: 4.9330s
Epoch: 0092 loss_train: 1.2995 acc_train: 0.5000 loss_val: 1.5556 acc_val: 0.3860 time: 5.0380s
Epoch: 0093 loss_train: 1.3328 acc_train: 0.4214 loss_val: 1.5819 acc_val: 0.3780 time: 4.7040s
Epoch: 0094 loss_train: 1.2871 acc_train: 0.5000 loss_val: 1.4932 acc_val: 0.4080 time: 4.8260s
Epoch: 0095 loss_train: 1.3609 acc_train: 0.4571 loss_val: 1.5155 acc_val: 0.4020 time: 4.8580s
Epoch: 0096 loss_train: 1.2975 acc_train: 0.4500 loss_val: 1.5448 acc_val: 0.3920 time: 4.8510s
Epoch: 0097 loss_train: 1.2523 acc_train: 0.4857 loss_val: 1.5324 acc_val: 0.3860 time: 5.0670s
Epoch: 0098 loss_train: 1.3091 acc_train: 0.4571 loss_val: 1.5074 acc_val: 0.3960 time: 5.3080s
Epoch: 0099 loss_train: 1.3651 acc_train: 0.4429 loss_val: 1.5807 acc_val: 0.3640 time: 4.5570s
Epoch: 0100 loss_train: 1.4556 acc_train: 0.4071 loss_val: 1.4728 acc_val: 0.4060 time: 5.0260s
Epoch: 0101 loss_train: 1.3073 acc_train: 0.4429 loss_val: 1.5264 acc_val: 0.3760 time: 4.7740s
Epoch: 0102 loss_train: 1.3089 acc_train: 0.4857 loss_val: 1.4790 acc_val: 0.4140 time: 4.8640s
Epoch: 0103 loss_train: 1.2208 acc_train: 0.5357 loss_val: 1.5213 acc_val: 0.3820 time: 4.7990s
Epoch: 0104 loss_train: 1.2685 acc_train: 0.4929 loss_val: 1.5040 acc_val: 0.4100 time: 4.9690s
Epoch: 0105 loss_train: 1.3388 acc_train: 0.4071 loss_val: 1.5177 acc_val: 0.3880 time: 4.7870s
Epoch: 0106 loss_train: 1.2315 acc_train: 0.4929 loss_val: 1.5342 acc_val: 0.3640 time: 4.7360s
Epoch: 0107 loss_train: 1.3998 acc_train: 0.4000 loss_val: 1.4657 acc_val: 0.4380 time: 4.8600s
Epoch: 0108 loss_train: 1.3159 acc_train: 0.4571 loss_val: 1.5328 acc_val: 0.3980 time: 4.6800s
Epoch: 0109 loss_train: 1.3478 acc_train: 0.4714 loss_val: 1.4834 acc_val: 0.4260 time: 4.8630s
Epoch: 0110 loss_train: 1.1827 acc_train: 0.5143 loss_val: 1.4588 acc_val: 0.4220 time: 4.7870s
Epoch: 0111 loss_train: 1.2713 acc_train: 0.4643 loss_val: 1.5225 acc_val: 0.3740 time: 5.2220s
Epoch: 0112 loss_train: 1.2702 acc_train: 0.4714 loss_val: 1.5596 acc_val: 0.3640 time: 5.0170s
Epoch: 0113 loss_train: 1.3527 acc_train: 0.4500 loss_val: 1.5061 acc_val: 0.3780 time: 4.7640s
Epoch: 0114 loss_train: 1.1614 acc_train: 0.5357 loss_val: 1.5121 acc_val: 0.3900 time: 4.9740s
Epoch: 0115 loss_train: 1.2110 acc_train: 0.4929 loss_val: 1.5040 acc_val: 0.3740 time: 4.8560s
Epoch: 0116 loss_train: 1.1938 acc_train: 0.5071 loss_val: 1.4557 acc_val: 0.3960 time: 4.7920s
Epoch: 0117 loss_train: 1.2275 acc_train: 0.4929 loss_val: 1.4724 acc_val: 0.4240 time: 4.8920s
Epoch: 0118 loss_train: 1.1888 acc_train: 0.4929 loss_val: 1.4747 acc_val: 0.4240 time: 4.8490s
Epoch: 0119 loss_train: 1.1319 acc_train: 0.5143 loss_val: 1.4971 acc_val: 0.4020 time: 4.7910s
Epoch: 0120 loss_train: 1.2993 acc_train: 0.4500 loss_val: 1.4959 acc_val: 0.3860 time: 4.9260s
Epoch: 0121 loss_train: 1.3293 acc_train: 0.4214 loss_val: 1.5497 acc_val: 0.3700 time: 4.8130s
Epoch: 0122 loss_train: 1.1216 acc_train: 0.5643 loss_val: 1.4808 acc_val: 0.4060 time: 4.8010s
Epoch: 0123 loss_train: 1.2655 acc_train: 0.4857 loss_val: 1.4894 acc_val: 0.3920 time: 4.9260s
Epoch: 0124 loss_train: 1.3701 acc_train: 0.4071 loss_val: 1.5322 acc_val: 0.3800 time: 4.7940s
Epoch: 0125 loss_train: 1.1997 acc_train: 0.4786 loss_val: 1.4698 acc_val: 0.3960 time: 5.1890s
Epoch: 0126 loss_train: 1.1883 acc_train: 0.4786 loss_val: 1.5032 acc_val: 0.3860 time: 4.8390s
Epoch: 0127 loss_train: 1.2028 acc_train: 0.4429 loss_val: 1.4589 acc_val: 0.3980 time: 4.9490s
Epoch: 0128 loss_train: 1.3297 acc_train: 0.4429 loss_val: 1.4690 acc_val: 0.3940 time: 4.7460s
Epoch: 0129 loss_train: 1.2593 acc_train: 0.4357 loss_val: 1.4988 acc_val: 0.3800 time: 4.7350s
Epoch: 0130 loss_train: 1.2524 acc_train: 0.4714 loss_val: 1.4744 acc_val: 0.4060 time: 4.7770s
Epoch: 0131 loss_train: 1.1533 acc_train: 0.5357 loss_val: 1.4989 acc_val: 0.3900 time: 4.9360s
Epoch: 0132 loss_train: 1.3666 acc_train: 0.4214 loss_val: 1.4905 acc_val: 0.3780 time: 4.8700s
Epoch: 0133 loss_train: 1.1534 acc_train: 0.5357 loss_val: 1.4586 acc_val: 0.3920 time: 4.7940s
Epoch: 0134 loss_train: 1.1808 acc_train: 0.5000 loss_val: 1.4881 acc_val: 0.4060 time: 4.8510s
Epoch: 0135 loss_train: 1.4386 acc_train: 0.3786 loss_val: 1.4818 acc_val: 0.3860 time: 4.9500s
Epoch: 0136 loss_train: 1.2943 acc_train: 0.4357 loss_val: 1.4318 acc_val: 0.4300 time: 4.8860s
Epoch: 0137 loss_train: 1.1732 acc_train: 0.5429 loss_val: 1.4637 acc_val: 0.3860 time: 4.7990s
Epoch: 0138 loss_train: 1.2325 acc_train: 0.4786 loss_val: 1.4677 acc_val: 0.4340 time: 5.4960s
Epoch: 0139 loss_train: 1.1183 acc_train: 0.5071 loss_val: 1.4594 acc_val: 0.3860 time: 5.0690s
Epoch: 0140 loss_train: 1.1737 acc_train: 0.5143 loss_val: 1.5249 acc_val: 0.3900 time: 4.7830s
Epoch: 0141 loss_train: 1.2767 acc_train: 0.4929 loss_val: 1.4408 acc_val: 0.4300 time: 4.8670s
Epoch: 0142 loss_train: 1.2034 acc_train: 0.5000 loss_val: 1.4718 acc_val: 0.3980 time: 4.9430s
Epoch: 0143 loss_train: 1.2185 acc_train: 0.4786 loss_val: 1.5119 acc_val: 0.4220 time: 4.9080s
Epoch: 0144 loss_train: 1.3318 acc_train: 0.4429 loss_val: 1.4665 acc_val: 0.3860 time: 4.7070s
Epoch: 0145 loss_train: 1.2803 acc_train: 0.4643 loss_val: 1.4536 acc_val: 0.4000 time: 4.8260s
Epoch: 0146 loss_train: 1.1987 acc_train: 0.5143 loss_val: 1.4768 acc_val: 0.3960 time: 4.8110s
Epoch: 0147 loss_train: 1.1680 acc_train: 0.4857 loss_val: 1.5192 acc_val: 0.3820 time: 5.1010s
Epoch: 0148 loss_train: 1.2038 acc_train: 0.4929 loss_val: 1.4866 acc_val: 0.4080 time: 5.4006s
Epoch: 0149 loss_train: 1.2145 acc_train: 0.4786 loss_val: 1.5158 acc_val: 0.3860 time: 4.9620s
Epoch: 0150 loss_train: 1.2470 acc_train: 0.4643 loss_val: 1.4234 acc_val: 0.4220 time: 5.1484s
Epoch: 0151 loss_train: 1.2435 acc_train: 0.4714 loss_val: 1.4967 acc_val: 0.3960 time: 5.8366s
Epoch: 0152 loss_train: 1.2695 acc_train: 0.4500 loss_val: 1.4389 acc_val: 0.4180 time: 5.6673s
Epoch: 0153 loss_train: 1.2285 acc_train: 0.4786 loss_val: 1.4709 acc_val: 0.4220 time: 5.0322s
Epoch: 0154 loss_train: 1.3628 acc_train: 0.4286 loss_val: 1.4549 acc_val: 0.4320 time: 5.0800s
Epoch: 0155 loss_train: 1.2258 acc_train: 0.4571 loss_val: 1.4700 acc_val: 0.4220 time: 4.9450s
Epoch: 0156 loss_train: 1.2127 acc_train: 0.5000 loss_val: 1.4569 acc_val: 0.3940 time: 5.0361s
Epoch: 0157 loss_train: 1.2460 acc_train: 0.4857 loss_val: 1.4437 acc_val: 0.4060 time: 5.0104s
Epoch: 0158 loss_train: 1.1990 acc_train: 0.5214 loss_val: 1.4698 acc_val: 0.3980 time: 5.0893s
Epoch: 0159 loss_train: 1.1283 acc_train: 0.5357 loss_val: 1.4955 acc_val: 0.3880 time: 5.0335s
Epoch: 0160 loss_train: 1.1739 acc_train: 0.4643 loss_val: 1.4287 acc_val: 0.4340 time: 5.0615s
Epoch: 0161 loss_train: 1.1946 acc_train: 0.4643 loss_val: 1.4727 acc_val: 0.3900 time: 5.2115s
Epoch: 0162 loss_train: 1.0219 acc_train: 0.6143 loss_val: 1.4771 acc_val: 0.3920 time: 5.1624s
Epoch: 0163 loss_train: 1.2222 acc_train: 0.4714 loss_val: 1.5292 acc_val: 0.3580 time: 5.3861s
Epoch: 0164 loss_train: 1.1180 acc_train: 0.5429 loss_val: 1.4485 acc_val: 0.4080 time: 6.0958s
Epoch: 0165 loss_train: 1.1845 acc_train: 0.4929 loss_val: 1.4536 acc_val: 0.4040 time: 5.0796s
Epoch: 0166 loss_train: 1.0655 acc_train: 0.5571 loss_val: 1.4830 acc_val: 0.4020 time: 5.2235s
Epoch: 0167 loss_train: 0.9868 acc_train: 0.5929 loss_val: 1.4877 acc_val: 0.4140 time: 5.1013s
Epoch: 0168 loss_train: 1.1221 acc_train: 0.5429 loss_val: 1.4650 acc_val: 0.4080 time: 5.2622s
Epoch: 0169 loss_train: 1.2934 acc_train: 0.4286 loss_val: 1.5154 acc_val: 0.3760 time: 5.0450s
Epoch: 0170 loss_train: 1.1397 acc_train: 0.5143 loss_val: 1.4462 acc_val: 0.4160 time: 5.4215s
Epoch: 0171 loss_train: 1.1183 acc_train: 0.5214 loss_val: 1.4666 acc_val: 0.4040 time: 5.1296s
Epoch: 0172 loss_train: 1.2600 acc_train: 0.4214 loss_val: 1.4559 acc_val: 0.3860 time: 5.1677s
Epoch: 0173 loss_train: 1.1411 acc_train: 0.5214 loss_val: 1.4535 acc_val: 0.4240 time: 4.8911s
Epoch: 0174 loss_train: 1.1225 acc_train: 0.5143 loss_val: 1.4427 acc_val: 0.4280 time: 4.9391s
Epoch: 0175 loss_train: 1.1150 acc_train: 0.5286 loss_val: 1.4262 acc_val: 0.4400 time: 4.9512s
Epoch: 0176 loss_train: 1.0949 acc_train: 0.5000 loss_val: 1.5221 acc_val: 0.3660 time: 5.3100s
Epoch: 0177 loss_train: 1.0832 acc_train: 0.5143 loss_val: 1.4809 acc_val: 0.4060 time: 5.3356s
Epoch: 0178 loss_train: 1.1202 acc_train: 0.5429 loss_val: 1.4584 acc_val: 0.4100 time: 5.4961s
Epoch: 0179 loss_train: 1.2422 acc_train: 0.4571 loss_val: 1.4524 acc_val: 0.4060 time: 5.0713s
Epoch: 0180 loss_train: 1.1291 acc_train: 0.5357 loss_val: 1.3899 acc_val: 0.4380 time: 5.0816s
Epoch: 0181 loss_train: 1.1710 acc_train: 0.4786 loss_val: 1.4816 acc_val: 0.4100 time: 5.1196s
Epoch: 0182 loss_train: 1.1283 acc_train: 0.4857 loss_val: 1.4999 acc_val: 0.4020 time: 5.0939s
Epoch: 0183 loss_train: 1.1996 acc_train: 0.4714 loss_val: 1.4800 acc_val: 0.3780 time: 4.9601s
Epoch: 0184 loss_train: 1.1358 acc_train: 0.5214 loss_val: 1.4303 acc_val: 0.4340 time: 5.0550s
Epoch: 0185 loss_train: 1.0923 acc_train: 0.5357 loss_val: 1.4512 acc_val: 0.4120 time: 5.1890s
Epoch: 0186 loss_train: 1.1580 acc_train: 0.4857 loss_val: 1.4973 acc_val: 0.3860 time: 4.9721s
Epoch: 0187 loss_train: 1.1290 acc_train: 0.5357 loss_val: 1.4461 acc_val: 0.4140 time: 5.1173s
Epoch: 0188 loss_train: 1.1209 acc_train: 0.5071 loss_val: 1.5113 acc_val: 0.3720 time: 4.9911s
Epoch: 0189 loss_train: 1.0409 acc_train: 0.5643 loss_val: 1.4242 acc_val: 0.4260 time: 5.7151s
Epoch: 0190 loss_train: 1.2039 acc_train: 0.4357 loss_val: 1.4719 acc_val: 0.3960 time: 5.7012s
Epoch: 0191 loss_train: 1.0960 acc_train: 0.5214 loss_val: 1.4991 acc_val: 0.3800 time: 5.5801s
Epoch: 0192 loss_train: 1.1602 acc_train: 0.5071 loss_val: 1.4381 acc_val: 0.3980 time: 5.5040s
Epoch: 0193 loss_train: 1.2126 acc_train: 0.4714 loss_val: 1.4429 acc_val: 0.4080 time: 5.3332s
Epoch: 0194 loss_train: 1.2496 acc_train: 0.4357 loss_val: 1.4784 acc_val: 0.4180 time: 5.4601s
Epoch: 0195 loss_train: 1.1364 acc_train: 0.5643 loss_val: 1.4809 acc_val: 0.4020 time: 5.5172s
Epoch: 0196 loss_train: 1.2151 acc_train: 0.4500 loss_val: 1.4017 acc_val: 0.4380 time: 5.4036s
Epoch: 0197 loss_train: 1.1602 acc_train: 0.4786 loss_val: 1.4237 acc_val: 0.4000 time: 5.3193s
Epoch: 0198 loss_train: 1.1104 acc_train: 0.4929 loss_val: 1.4169 acc_val: 0.4480 time: 5.4911s
Epoch: 0199 loss_train: 1.0030 acc_train: 0.5500 loss_val: 1.4973 acc_val: 0.3740 time: 5.3860s
Epoch: 0200 loss_train: 1.0735 acc_train: 0.5714 loss_val: 1.4558 acc_val: 0.4060 time: 5.2211s
Epoch: 0201 loss_train: 1.1927 acc_train: 0.4786 loss_val: 1.5455 acc_val: 0.3640 time: 5.6688s
Epoch: 0202 loss_train: 1.1388 acc_train: 0.5214 loss_val: 1.4944 acc_val: 0.4020 time: 5.6294s
Epoch: 0203 loss_train: 1.1272 acc_train: 0.5214 loss_val: 1.4690 acc_val: 0.4100 time: 5.4299s
Epoch: 0204 loss_train: 1.1861 acc_train: 0.5000 loss_val: 1.5246 acc_val: 0.4000 time: 5.3111s
Epoch: 0205 loss_train: 1.1952 acc_train: 0.4714 loss_val: 1.4794 acc_val: 0.3840 time: 5.5534s
Epoch: 0206 loss_train: 1.0904 acc_train: 0.5071 loss_val: 1.4885 acc_val: 0.4020 time: 5.3248s
Epoch: 0207 loss_train: 1.0868 acc_train: 0.5214 loss_val: 1.4556 acc_val: 0.4180 time: 5.1681s
Epoch: 0208 loss_train: 1.2266 acc_train: 0.4714 loss_val: 1.4541 acc_val: 0.3960 time: 5.4410s
Epoch: 0209 loss_train: 1.0920 acc_train: 0.5786 loss_val: 1.5210 acc_val: 0.4040 time: 5.4025s
Epoch: 0210 loss_train: 1.2309 acc_train: 0.4571 loss_val: 1.4930 acc_val: 0.4220 time: 5.3662s
Epoch: 0211 loss_train: 1.2135 acc_train: 0.4500 loss_val: 1.5264 acc_val: 0.3780 time: 5.3654s
Epoch: 0212 loss_train: 1.0887 acc_train: 0.5286 loss_val: 1.5109 acc_val: 0.3580 time: 5.2180s
Epoch: 0213 loss_train: 1.2174 acc_train: 0.4786 loss_val: 1.4904 acc_val: 0.3760 time: 5.4011s
Epoch: 0214 loss_train: 0.9851 acc_train: 0.5857 loss_val: 1.4390 acc_val: 0.4060 time: 5.3156s
Epoch: 0215 loss_train: 1.0865 acc_train: 0.5071 loss_val: 1.4666 acc_val: 0.3820 time: 5.3186s
Epoch: 0216 loss_train: 1.0297 acc_train: 0.6000 loss_val: 1.5043 acc_val: 0.3760 time: 5.2921s
Epoch: 0217 loss_train: 1.2284 acc_train: 0.4357 loss_val: 1.3987 acc_val: 0.4320 time: 5.5911s
Epoch: 0218 loss_train: 1.2401 acc_train: 0.4714 loss_val: 1.4769 acc_val: 0.4020 time: 5.4891s
Epoch: 0219 loss_train: 1.1950 acc_train: 0.4643 loss_val: 1.4766 acc_val: 0.3880 time: 5.6780s
Epoch: 0220 loss_train: 1.0488 acc_train: 0.5357 loss_val: 1.4513 acc_val: 0.4040 time: 5.3260s
Epoch: 0221 loss_train: 1.1867 acc_train: 0.4929 loss_val: 1.4539 acc_val: 0.4180 time: 5.2071s
Epoch: 0222 loss_train: 1.1806 acc_train: 0.4929 loss_val: 1.4617 acc_val: 0.4000 time: 5.3261s
Epoch: 0223 loss_train: 1.1486 acc_train: 0.5143 loss_val: 1.4257 acc_val: 0.4200 time: 5.4502s
Epoch: 0224 loss_train: 1.2123 acc_train: 0.5000 loss_val: 1.4857 acc_val: 0.3760 time: 5.4164s
Epoch: 0225 loss_train: 1.2108 acc_train: 0.4357 loss_val: 1.5121 acc_val: 0.3600 time: 5.5780s
Epoch: 0226 loss_train: 1.2996 acc_train: 0.3857 loss_val: 1.4518 acc_val: 0.3820 time: 5.2872s
Epoch: 0227 loss_train: 1.1989 acc_train: 0.4857 loss_val: 1.4463 acc_val: 0.4100 time: 5.3472s
Epoch: 0228 loss_train: 1.0687 acc_train: 0.5643 loss_val: 1.4828 acc_val: 0.4040 time: 5.5780s
Epoch: 0229 loss_train: 1.2418 acc_train: 0.4214 loss_val: 1.4853 acc_val: 0.3920 time: 5.5241s
Epoch: 0230 loss_train: 1.1085 acc_train: 0.5429 loss_val: 1.4538 acc_val: 0.4340 time: 5.3720s
Epoch: 0231 loss_train: 1.1993 acc_train: 0.4786 loss_val: 1.5041 acc_val: 0.3860 time: 5.5191s
Epoch: 0232 loss_train: 1.1751 acc_train: 0.4929 loss_val: 1.4721 acc_val: 0.3800 time: 5.2822s
Epoch: 0233 loss_train: 0.9548 acc_train: 0.5786 loss_val: 1.4476 acc_val: 0.4060 time: 5.2508s
Epoch: 0234 loss_train: 1.0685 acc_train: 0.5214 loss_val: 1.5061 acc_val: 0.4160 time: 5.4021s
Epoch: 0235 loss_train: 1.0529 acc_train: 0.5929 loss_val: 1.5150 acc_val: 0.3840 time: 5.2400s
Epoch: 0236 loss_train: 1.1908 acc_train: 0.5286 loss_val: 1.4757 acc_val: 0.4020 time: 5.1824s
Epoch: 0237 loss_train: 1.0357 acc_train: 0.5643 loss_val: 1.4221 acc_val: 0.4360 time: 5.3182s
Epoch: 0238 loss_train: 1.1694 acc_train: 0.4929 loss_val: 1.4615 acc_val: 0.4280 time: 5.5631s
Epoch: 0239 loss_train: 1.2566 acc_train: 0.4571 loss_val: 1.4063 acc_val: 0.4060 time: 5.2701s
Epoch: 0240 loss_train: 1.0599 acc_train: 0.5643 loss_val: 1.5183 acc_val: 0.3720 time: 5.2340s
Epoch: 0241 loss_train: 1.2134 acc_train: 0.4857 loss_val: 1.4830 acc_val: 0.3880 time: 5.3851s
Epoch: 0242 loss_train: 1.1107 acc_train: 0.5286 loss_val: 1.4827 acc_val: 0.4240 time: 5.4023s
Epoch: 0243 loss_train: 1.1491 acc_train: 0.5214 loss_val: 1.4820 acc_val: 0.3780 time: 5.3820s
Epoch: 0244 loss_train: 1.0652 acc_train: 0.5786 loss_val: 1.4530 acc_val: 0.4120 time: 5.5090s
Epoch: 0245 loss_train: 1.1239 acc_train: 0.4929 loss_val: 1.4578 acc_val: 0.4120 time: 5.3731s
Epoch: 0246 loss_train: 1.1497 acc_train: 0.5429 loss_val: 1.5043 acc_val: 0.3840 time: 5.5731s
Epoch: 0247 loss_train: 1.0992 acc_train: 0.5786 loss_val: 1.5088 acc_val: 0.4060 time: 5.4901s
Epoch: 0248 loss_train: 1.1063 acc_train: 0.4786 loss_val: 1.4777 acc_val: 0.3700 time: 5.1280s
Epoch: 0249 loss_train: 1.1694 acc_train: 0.5000 loss_val: 1.4833 acc_val: 0.4020 time: 5.3580s
Epoch: 0250 loss_train: 1.0252 acc_train: 0.5357 loss_val: 1.4821 acc_val: 0.4020 time: 5.3899s
Epoch: 0251 loss_train: 1.1545 acc_train: 0.5000 loss_val: 1.4494 acc_val: 0.4020 time: 5.0949s
Epoch: 0252 loss_train: 1.1652 acc_train: 0.4714 loss_val: 1.4434 acc_val: 0.4040 time: 5.1871s
Epoch: 0253 loss_train: 1.2744 acc_train: 0.4500 loss_val: 1.4794 acc_val: 0.3920 time: 5.0619s
Epoch: 0254 loss_train: 1.0965 acc_train: 0.5143 loss_val: 1.4806 acc_val: 0.4040 time: 5.0555s
Epoch: 0255 loss_train: 1.0231 acc_train: 0.5857 loss_val: 1.5198 acc_val: 0.3760 time: 5.1091s
Epoch: 0256 loss_train: 1.1287 acc_train: 0.4857 loss_val: 1.4729 acc_val: 0.3840 time: 5.0503s
Epoch: 0257 loss_train: 1.1305 acc_train: 0.5357 loss_val: 1.5262 acc_val: 0.4080 time: 5.1772s
Epoch: 0258 loss_train: 1.1057 acc_train: 0.5500 loss_val: 1.4915 acc_val: 0.3940 time: 5.0413s
Epoch: 0259 loss_train: 1.0422 acc_train: 0.5786 loss_val: 1.5133 acc_val: 0.3780 time: 5.0851s
Epoch: 0260 loss_train: 1.2460 acc_train: 0.5000 loss_val: 1.4924 acc_val: 0.4120 time: 4.9715s
Epoch: 0261 loss_train: 1.2187 acc_train: 0.4429 loss_val: 1.4619 acc_val: 0.4000 time: 4.9859s
Epoch: 0262 loss_train: 1.1325 acc_train: 0.4643 loss_val: 1.5063 acc_val: 0.3820 time: 5.2298s
Epoch: 0263 loss_train: 1.0933 acc_train: 0.5000 loss_val: 1.5019 acc_val: 0.3980 time: 5.3760s
Epoch: 0264 loss_train: 1.0614 acc_train: 0.5357 loss_val: 1.3937 acc_val: 0.4220 time: 4.9823s
Epoch: 0265 loss_train: 1.2450 acc_train: 0.4714 loss_val: 1.4245 acc_val: 0.4060 time: 4.9134s
Epoch: 0266 loss_train: 1.0945 acc_train: 0.5214 loss_val: 1.4762 acc_val: 0.4020 time: 5.0970s
Epoch: 0267 loss_train: 1.1970 acc_train: 0.4429 loss_val: 1.4915 acc_val: 0.3980 time: 5.0331s
Epoch: 0268 loss_train: 1.1486 acc_train: 0.4857 loss_val: 1.4915 acc_val: 0.4280 time: 4.9730s
Epoch: 0269 loss_train: 1.1313 acc_train: 0.5286 loss_val: 1.4805 acc_val: 0.4060 time: 5.0335s
Epoch: 0270 loss_train: 1.0010 acc_train: 0.5786 loss_val: 1.5304 acc_val: 0.3960 time: 4.9676s
Epoch: 0271 loss_train: 1.1777 acc_train: 0.5214 loss_val: 1.5240 acc_val: 0.3920 time: 5.1690s
Epoch: 0272 loss_train: 1.1372 acc_train: 0.4857 loss_val: 1.5274 acc_val: 0.4000 time: 5.0683s
Epoch: 0273 loss_train: 1.1463 acc_train: 0.5000 loss_val: 1.5217 acc_val: 0.3740 time: 4.9230s
Epoch: 0274 loss_train: 1.0862 acc_train: 0.5357 loss_val: 1.4534 acc_val: 0.4000 time: 5.2154s
Epoch: 0275 loss_train: 1.0787 acc_train: 0.5286 loss_val: 1.4204 acc_val: 0.4160 time: 5.1553s
Epoch: 0276 loss_train: 1.0253 acc_train: 0.5357 loss_val: 1.4669 acc_val: 0.4020 time: 5.2940s
Epoch: 0277 loss_train: 1.1754 acc_train: 0.4786 loss_val: 1.5290 acc_val: 0.4080 time: 5.0230s
Epoch: 0278 loss_train: 1.1138 acc_train: 0.5286 loss_val: 1.4601 acc_val: 0.3940 time: 4.9416s
Epoch: 0279 loss_train: 1.0922 acc_train: 0.5000 loss_val: 1.4693 acc_val: 0.3920 time: 5.0731s
Epoch: 0280 loss_train: 1.1226 acc_train: 0.4857 loss_val: 1.4737 acc_val: 0.3800 time: 5.2471s
Optimization Finished!
Total time elapsed: 1415.9420s
Loading 179th epoch
Test set results: loss= 1.0175 accuracy= 0.8220

Process finished with exit code 0
